<?xml version="1.0" encoding="UTF-8"?>
<coverage generated="1771063236868" clover="3.2.0">
  <project timestamp="1771063236868" name="All files">
    <metrics statements="326" coveredstatements="215" conditionals="117" coveredconditionals="49" methods="164" coveredmethods="102" elements="607" coveredelements="366" complexity="0" loc="326" ncloc="326" packages="9" files="17" classes="17"/>
    <package name="cart.src">
      <metrics statements="104" coveredstatements="61" conditionals="32" coveredconditionals="14" methods="54" coveredmethods="31"/>
      <file name="ShoppingCart.tsx" path="C:\Users\DEVDUL\Documents\DEVELOPMENT\module-federation-demo\packages\cart\src\ShoppingCart.tsx">
        <metrics statements="43" coveredstatements="43" conditionals="12" coveredconditionals="11" methods="24" coveredmethods="24"/>
        <line num="6" count="1" type="stmt"/>
        <line num="12" count="38" type="stmt"/>
        <line num="35" count="1" type="stmt"/>
        <line num="46" count="1" type="stmt"/>
        <line num="63" count="3" type="stmt"/>
        <line num="72" count="1" type="stmt"/>
        <line num="75" count="1" type="stmt"/>
        <line num="76" count="1" type="stmt"/>
        <line num="92" count="1" type="stmt"/>
        <line num="95" count="1" type="stmt"/>
        <line num="100" count="22" type="stmt"/>
        <line num="101" count="22" type="stmt"/>
        <line num="103" count="22" type="stmt"/>
        <line num="149" count="1" type="stmt"/>
        <line num="153" count="23" type="stmt"/>
        <line num="159" count="23" type="stmt"/>
        <line num="160" count="16" type="stmt"/>
        <line num="161" count="2" type="stmt"/>
        <line num="162" count="2" type="stmt"/>
        <line num="163" count="4" type="stmt"/>
        <line num="164" count="2" type="cond" truecount="2" falsecount="0"/>
        <line num="165" count="1" type="stmt"/>
        <line num="166" count="2" type="cond" truecount="2" falsecount="0"/>
        <line num="171" count="1" type="stmt"/>
        <line num="174" count="16" type="stmt"/>
        <line num="175" count="16" type="stmt"/>
        <line num="178" count="23" type="stmt"/>
        <line num="179" count="2" type="stmt"/>
        <line num="180" count="2" type="stmt"/>
        <line num="181" count="4" type="cond" truecount="2" falsecount="0"/>
        <line num="188" count="23" type="stmt"/>
        <line num="189" count="5" type="stmt"/>
        <line num="192" count="23" type="stmt"/>
        <line num="193" count="1" type="stmt"/>
        <line num="200" count="23" type="stmt"/>
        <line num="201" count="23" type="stmt"/>
        <line num="202" count="43" type="stmt"/>
        <line num="205" count="23" type="stmt"/>
        <line num="206" count="43" type="stmt"/>
        <line num="209" count="23" type="stmt"/>
        <line num="212" count="23" type="stmt"/>
        <line num="245" count="43" type="stmt"/>
        <line num="270" count="1" type="stmt"/>
      </file>
      <file name="StreamingShoppingCart.tsx" path="C:\Users\DEVDUL\Documents\DEVELOPMENT\module-federation-demo\packages\cart\src\StreamingShoppingCart.tsx">
        <metrics statements="61" coveredstatements="18" conditionals="20" coveredconditionals="3" methods="30" coveredmethods="7"/>
        <line num="6" count="1" type="stmt"/>
        <line num="9" count="1" type="stmt"/>
        <line num="30" count="1" type="stmt"/>
        <line num="32" count="1" type="stmt"/>
        <line num="34" count="0" type="stmt"/>
        <line num="35" count="0" type="stmt"/>
        <line num="38" count="0" type="stmt"/>
        <line num="39" count="0" type="stmt"/>
        <line num="43" count="1" type="stmt"/>
        <line num="45" count="7" type="cond" truecount="1" falsecount="1"/>
        <line num="46" count="7" type="stmt"/>
        <line num="47" count="0" type="cond" truecount="0" falsecount="2"/>
        <line num="48" count="0" type="stmt"/>
        <line num="49" count="0" type="cond" truecount="0" falsecount="2"/>
        <line num="50" count="0" type="stmt"/>
        <line num="52" count="0" type="stmt"/>
        <line num="57" count="1" type="stmt"/>
        <line num="60" count="7" type="cond" truecount="2" falsecount="0"/>
        <line num="61" count="1" type="stmt"/>
        <line num="62" count="1" type="stmt"/>
        <line num="64" count="7" type="stmt"/>
        <line num="67" count="1" type="stmt"/>
        <line num="70" count="1" type="stmt"/>
        <line num="71" count="7" type="stmt"/>
        <line num="72" count="7" type="stmt"/>
        <line num="73" count="7" type="stmt"/>
        <line num="78" count="0" type="stmt"/>
        <line num="81" count="0" type="stmt"/>
        <line num="82" count="0" type="stmt"/>
        <line num="83" count="0" type="stmt"/>
        <line num="85" count="0" type="stmt"/>
        <line num="86" count="0" type="stmt"/>
        <line num="87" count="0" type="cond" truecount="0" falsecount="2"/>
        <line num="88" count="0" type="stmt"/>
        <line num="89" count="0" type="cond" truecount="0" falsecount="2"/>
        <line num="94" count="0" type="stmt"/>
        <line num="98" count="0" type="stmt"/>
        <line num="99" count="0" type="stmt"/>
        <line num="102" count="0" type="stmt"/>
        <line num="103" count="0" type="stmt"/>
        <line num="104" count="0" type="stmt"/>
        <line num="105" count="0" type="cond" truecount="0" falsecount="2"/>
        <line num="106" count="0" type="stmt"/>
        <line num="107" count="0" type="stmt"/>
        <line num="109" count="0" type="stmt"/>
        <line num="114" count="0" type="stmt"/>
        <line num="115" count="0" type="stmt"/>
        <line num="118" count="0" type="stmt"/>
        <line num="119" count="0" type="stmt"/>
        <line num="129" count="0" type="stmt"/>
        <line num="130" count="0" type="stmt"/>
        <line num="131" count="0" type="stmt"/>
        <line num="134" count="0" type="stmt"/>
        <line num="135" count="0" type="stmt"/>
        <line num="138" count="0" type="stmt"/>
        <line num="141" count="0" type="stmt"/>
        <line num="186" count="0" type="stmt"/>
        <line num="210" count="0" type="stmt"/>
        <line num="221" count="0" type="stmt"/>
        <line num="238" count="0" type="stmt"/>
        <line num="306" count="1" type="stmt"/>
      </file>
    </package>
    <package name="cart.src.lib">
      <metrics statements="1" coveredstatements="0" conditionals="0" coveredconditionals="0" methods="1" coveredmethods="0"/>
      <file name="utils.ts" path="C:\Users\DEVDUL\Documents\DEVELOPMENT\module-federation-demo\packages\cart\src\lib\utils.ts">
        <metrics statements="1" coveredstatements="0" conditionals="0" coveredconditionals="0" methods="1" coveredmethods="0"/>
        <line num="6" count="0" type="stmt"/>
      </file>
    </package>
    <package name="dashboard.src">
      <metrics statements="49" coveredstatements="36" conditionals="28" coveredconditionals="7" methods="21" coveredmethods="13"/>
      <file name="StreamingUserDashboard.tsx" path="C:\Users\DEVDUL\Documents\DEVELOPMENT\module-federation-demo\packages\dashboard\src\StreamingUserDashboard.tsx">
        <metrics statements="34" coveredstatements="21" conditionals="18" coveredconditionals="3" methods="15" coveredmethods="7"/>
        <line num="6" count="1" type="stmt"/>
        <line num="9" count="1" type="stmt"/>
        <line num="44" count="1" type="stmt"/>
        <line num="83" count="1" type="stmt"/>
        <line num="85" count="0" type="cond" truecount="0" falsecount="4"/>
        <line num="87" count="0" type="stmt"/>
        <line num="111" count="1" type="stmt"/>
        <line num="114" count="1" type="stmt"/>
        <line num="116" count="0" type="stmt"/>
        <line num="123" count="0" type="stmt"/>
        <line num="150" count="1" type="stmt"/>
        <line num="158" count="1" type="stmt"/>
        <line num="160" count="1" type="stmt"/>
        <line num="161" count="0" type="stmt"/>
        <line num="162" count="0" type="stmt"/>
        <line num="165" count="1" type="stmt"/>
        <line num="167" count="2" type="cond" truecount="1" falsecount="1"/>
        <line num="168" count="0" type="cond" truecount="0" falsecount="2"/>
        <line num="169" count="0" type="cond" truecount="0" falsecount="2"/>
        <line num="170" count="0" type="stmt"/>
        <line num="175" count="1" type="stmt"/>
        <line num="178" count="2" type="cond" truecount="2" falsecount="0"/>
        <line num="179" count="1" type="stmt"/>
        <line num="181" count="2" type="stmt"/>
        <line num="184" count="1" type="stmt"/>
        <line num="187" count="1" type="stmt"/>
        <line num="188" count="2" type="stmt"/>
        <line num="189" count="2" type="stmt"/>
        <line num="190" count="2" type="stmt"/>
        <line num="195" count="0" type="stmt"/>
        <line num="197" count="0" type="stmt"/>
        <line num="259" count="0" type="stmt"/>
        <line num="280" count="0" type="stmt"/>
        <line num="315" count="1" type="stmt"/>
      </file>
      <file name="UserDashboard.tsx" path="C:\Users\DEVDUL\Documents\DEVELOPMENT\module-federation-demo\packages\dashboard\src\UserDashboard.tsx">
        <metrics statements="15" coveredstatements="15" conditionals="10" coveredconditionals="4" methods="6" coveredmethods="6"/>
        <line num="5" count="1" type="stmt"/>
        <line num="40" count="1" type="stmt"/>
        <line num="79" count="1" type="stmt"/>
        <line num="81" count="44" type="cond" truecount="1" falsecount="3"/>
        <line num="83" count="44" type="stmt"/>
        <line num="107" count="1" type="stmt"/>
        <line num="110" count="1" type="stmt"/>
        <line num="112" count="55" type="stmt"/>
        <line num="119" count="55" type="stmt"/>
        <line num="145" count="1" type="stmt"/>
        <line num="149" count="11" type="stmt"/>
        <line num="151" count="11" type="stmt"/>
        <line num="208" count="44" type="stmt"/>
        <line num="229" count="55" type="stmt"/>
        <line num="260" count="1" type="stmt"/>
      </file>
    </package>
    <package name="dashboard.src.lib">
      <metrics statements="1" coveredstatements="0" conditionals="0" coveredconditionals="0" methods="1" coveredmethods="0"/>
      <file name="utils.ts" path="C:\Users\DEVDUL\Documents\DEVELOPMENT\module-federation-demo\packages\dashboard\src\lib\utils.ts">
        <metrics statements="1" coveredstatements="0" conditionals="0" coveredconditionals="0" methods="1" coveredmethods="0"/>
        <line num="6" count="0" type="stmt"/>
      </file>
    </package>
    <package name="products.src">
      <metrics statements="69" coveredstatements="41" conditionals="26" coveredconditionals="11" methods="29" coveredmethods="17"/>
      <file name="ProductsCatalog.tsx" path="C:\Users\DEVDUL\Documents\DEVELOPMENT\module-federation-demo\packages\products\src\ProductsCatalog.tsx">
        <metrics statements="23" coveredstatements="22" conditionals="10" coveredconditionals="8" methods="10" coveredmethods="10"/>
        <line num="5" count="1" type="stmt"/>
        <line num="56" count="1" type="stmt"/>
        <line num="64" count="1" type="stmt"/>
        <line num="69" count="84" type="stmt"/>
        <line num="102" count="1" type="stmt"/>
        <line num="113" count="1" type="stmt"/>
        <line num="116" count="18" type="stmt"/>
        <line num="119" count="18" type="stmt"/>
        <line num="120" count="18" type="stmt"/>
        <line num="122" count="108" type="cond" truecount="2" falsecount="0"/>
        <line num="126" count="18" type="stmt"/>
        <line num="127" count="6" type="stmt"/>
        <line num="130" count="18" type="stmt"/>
        <line num="131" count="1" type="stmt"/>
        <line num="138" count="1" type="stmt"/>
        <line num="139" count="1" type="stmt"/>
        <line num="145" count="1" type="stmt"/>
        <line num="154" count="0" type="stmt"/>
        <line num="158" count="18" type="stmt"/>
        <line num="181" count="72" type="stmt"/>
        <line num="183" count="6" type="stmt"/>
        <line num="208" count="88" type="stmt"/>
        <line num="234" count="1" type="stmt"/>
      </file>
      <file name="StreamingProductsCatalog.tsx" path="C:\Users\DEVDUL\Documents\DEVELOPMENT\module-federation-demo\packages\products\src\StreamingProductsCatalog.tsx">
        <metrics statements="46" coveredstatements="19" conditionals="16" coveredconditionals="3" methods="19" coveredmethods="7"/>
        <line num="6" count="1" type="stmt"/>
        <line num="9" count="1" type="stmt"/>
        <line num="83" count="1" type="stmt"/>
        <line num="96" count="1" type="stmt"/>
        <line num="98" count="1" type="stmt"/>
        <line num="100" count="0" type="stmt"/>
        <line num="101" count="0" type="stmt"/>
        <line num="104" count="0" type="stmt"/>
        <line num="105" count="0" type="stmt"/>
        <line num="109" count="1" type="stmt"/>
        <line num="111" count="23" type="cond" truecount="1" falsecount="1"/>
        <line num="112" count="23" type="stmt"/>
        <line num="113" count="0" type="cond" truecount="0" falsecount="2"/>
        <line num="114" count="0" type="stmt"/>
        <line num="115" count="0" type="cond" truecount="0" falsecount="2"/>
        <line num="116" count="0" type="stmt"/>
        <line num="118" count="0" type="stmt"/>
        <line num="124" count="1" type="stmt"/>
        <line num="127" count="23" type="cond" truecount="2" falsecount="0"/>
        <line num="128" count="1" type="stmt"/>
        <line num="129" count="1" type="stmt"/>
        <line num="131" count="23" type="stmt"/>
        <line num="135" count="0" type="stmt"/>
        <line num="139" count="1" type="stmt"/>
        <line num="142" count="1" type="stmt"/>
        <line num="143" count="23" type="stmt"/>
        <line num="144" count="23" type="stmt"/>
        <line num="145" count="23" type="stmt"/>
        <line num="149" count="0" type="stmt"/>
        <line num="152" count="0" type="stmt"/>
        <line num="153" count="0" type="stmt"/>
        <line num="155" count="0" type="cond" truecount="0" falsecount="2"/>
        <line num="159" count="0" type="stmt"/>
        <line num="160" count="0" type="stmt"/>
        <line num="163" count="0" type="stmt"/>
        <line num="164" count="0" type="stmt"/>
        <line num="171" count="0" type="stmt"/>
        <line num="172" count="0" type="stmt"/>
        <line num="179" count="0" type="stmt"/>
        <line num="188" count="0" type="stmt"/>
        <line num="192" count="0" type="stmt"/>
        <line num="217" count="0" type="stmt"/>
        <line num="219" count="0" type="stmt"/>
        <line num="243" count="0" type="stmt"/>
        <line num="282" count="0" type="stmt"/>
        <line num="325" count="1" type="stmt"/>
      </file>
    </package>
    <package name="products.src.lib">
      <metrics statements="1" coveredstatements="0" conditionals="0" coveredconditionals="0" methods="1" coveredmethods="0"/>
      <file name="utils.ts" path="C:\Users\DEVDUL\Documents\DEVELOPMENT\module-federation-demo\packages\products\src\lib\utils.ts">
        <metrics statements="1" coveredstatements="0" conditionals="0" coveredconditionals="0" methods="1" coveredmethods="0"/>
        <line num="6" count="0" type="stmt"/>
      </file>
    </package>
    <package name="shell.src">
      <metrics statements="65" coveredstatements="52" conditionals="20" coveredconditionals="16" methods="35" coveredmethods="25"/>
      <file name="App.tsx" path="C:\Users\DEVDUL\Documents\DEVELOPMENT\module-federation-demo\packages\shell\src\App.tsx">
        <metrics statements="65" coveredstatements="52" conditionals="20" coveredconditionals="16" methods="35" coveredmethods="25"/>
        <line num="17" count="1" type="stmt"/>
        <line num="18" count="1" type="stmt"/>
        <line num="19" count="0" type="stmt"/>
        <line num="20" count="0" type="stmt"/>
        <line num="22" count="0" type="stmt"/>
        <line num="31" count="1" type="stmt"/>
        <line num="32" count="1" type="stmt"/>
        <line num="33" count="0" type="stmt"/>
        <line num="34" count="0" type="stmt"/>
        <line num="36" count="0" type="stmt"/>
        <line num="45" count="1" type="stmt"/>
        <line num="46" count="1" type="stmt"/>
        <line num="47" count="0" type="stmt"/>
        <line num="48" count="0" type="stmt"/>
        <line num="50" count="0" type="stmt"/>
        <line num="70" count="1" type="stmt"/>
        <line num="71" count="0" type="stmt"/>
        <line num="72" count="4" type="stmt"/>
        <line num="73" count="2" type="stmt"/>
        <line num="77" count="1" type="stmt"/>
        <line num="84" count="1" type="stmt"/>
        <line num="89" count="57" type="stmt"/>
        <line num="90" count="6" type="cond" truecount="1" falsecount="1"/>
        <line num="93" count="57" type="stmt"/>
        <line num="95" count="6" type="stmt"/>
        <line num="118" count="1" type="stmt"/>
        <line num="129" count="24" type="stmt"/>
        <line num="130" count="24" type="stmt"/>
        <line num="132" count="32" type="stmt"/>
        <line num="134" count="24" type="stmt"/>
        <line num="135" count="6" type="stmt"/>
        <line num="137" count="6" type="stmt"/>
        <line num="138" count="6" type="stmt"/>
        <line num="144" count="0" type="stmt"/>
        <line num="147" count="6" type="stmt"/>
        <line num="158" count="24" type="stmt"/>
        <line num="159" count="15" type="stmt"/>
        <line num="160" count="2" type="stmt"/>
        <line num="161" count="2" type="stmt"/>
        <line num="162" count="2" type="stmt"/>
        <line num="168" count="15" type="stmt"/>
        <line num="169" count="15" type="stmt"/>
        <line num="170" count="15" type="stmt"/>
        <line num="174" count="24" type="stmt"/>
        <line num="175" count="24" type="cond" truecount="2" falsecount="0"/>
        <line num="176" count="8" type="stmt"/>
        <line num="177" count="1" type="stmt"/>
        <line num="179" count="8" type="stmt"/>
        <line num="182" count="24" type="stmt"/>
        <line num="183" count="24" type="stmt"/>
        <line num="184" count="32" type="stmt"/>
        <line num="187" count="24" type="cond" truecount="1" falsecount="1"/>
        <line num="188" count="0" type="stmt"/>
        <line num="195" count="24" type="stmt"/>
        <line num="197" count="24" type="stmt"/>
        <line num="198" count="24" type="cond" truecount="3" falsecount="1"/>
        <line num="200" count="18" type="stmt"/>
        <line num="202" count="4" type="stmt"/>
        <line num="204" count="2" type="stmt"/>
        <line num="206" count="0" type="stmt"/>
        <line num="210" count="24" type="stmt"/>
        <line num="219" count="24" type="stmt"/>
        <line num="237" count="8" type="stmt"/>
        <line num="268" count="72" type="stmt"/>
        <line num="332" count="1" type="stmt"/>
      </file>
    </package>
    <package name="shell.src.components">
      <metrics statements="35" coveredstatements="25" conditionals="11" coveredconditionals="1" methods="21" coveredmethods="16"/>
      <file name="CartSkeleton.tsx" path="C:\Users\DEVDUL\Documents\DEVELOPMENT\module-federation-demo\packages\shell\src\components\CartSkeleton.tsx">
        <metrics statements="6" coveredstatements="6" conditionals="0" coveredconditionals="0" methods="4" coveredmethods="4"/>
        <line num="3" count="1" type="stmt"/>
        <line num="4" count="4" type="stmt"/>
        <line num="28" count="8" type="stmt"/>
        <line num="62" count="12" type="stmt"/>
        <line num="83" count="12" type="stmt"/>
        <line num="99" count="1" type="stmt"/>
      </file>
      <file name="DashboardSkeleton.tsx" path="C:\Users\DEVDUL\Documents\DEVELOPMENT\module-federation-demo\packages\shell\src\components\DashboardSkeleton.tsx">
        <metrics statements="7" coveredstatements="7" conditionals="0" coveredconditionals="0" methods="5" coveredmethods="5"/>
        <line num="3" count="1" type="stmt"/>
        <line num="4" count="2" type="stmt"/>
        <line num="39" count="8" type="stmt"/>
        <line num="54" count="10" type="stmt"/>
        <line num="71" count="8" type="stmt"/>
        <line num="81" count="6" type="stmt"/>
        <line num="97" count="1" type="stmt"/>
      </file>
      <file name="ErrorBoundary.tsx" path="C:\Users\DEVDUL\Documents\DEVELOPMENT\module-federation-demo\packages\shell\src\components\ErrorBoundary.tsx">
        <metrics statements="8" coveredstatements="4" conditionals="7" coveredconditionals="1" methods="5" coveredmethods="3"/>
        <line num="13" count="15" type="stmt"/>
        <line num="14" count="15" type="stmt"/>
        <line num="20" count="0" type="stmt"/>
        <line num="24" count="0" type="stmt"/>
        <line num="28" count="24" type="cond" truecount="1" falsecount="1"/>
        <line num="29" count="0" type="stmt"/>
        <line num="41" count="0" type="stmt"/>
        <line num="62" count="24" type="stmt"/>
      </file>
      <file name="LoadingSpinner.tsx" path="C:\Users\DEVDUL\Documents\DEVELOPMENT\module-federation-demo\packages\shell\src\components\LoadingSpinner.tsx">
        <metrics statements="5" coveredstatements="0" conditionals="2" coveredconditionals="0" methods="2" coveredmethods="0"/>
        <line num="8" count="0" type="stmt"/>
        <line num="10" count="0" type="stmt"/>
        <line num="16" count="0" type="stmt"/>
        <line num="20" count="0" type="stmt"/>
        <line num="37" count="0" type="stmt"/>
      </file>
      <file name="ModuleFallback.tsx" path="C:\Users\DEVDUL\Documents\DEVELOPMENT\module-federation-demo\packages\shell\src\components\ModuleFallback.tsx">
        <metrics statements="3" coveredstatements="2" conditionals="2" coveredconditionals="0" methods="1" coveredmethods="0"/>
        <line num="10" count="1" type="stmt"/>
        <line num="12" count="0" type="stmt"/>
        <line num="31" count="1" type="stmt"/>
      </file>
      <file name="ProductsSkeleton.tsx" path="C:\Users\DEVDUL\Documents\DEVELOPMENT\module-federation-demo\packages\shell\src\components\ProductsSkeleton.tsx">
        <metrics statements="6" coveredstatements="6" conditionals="0" coveredconditionals="0" methods="4" coveredmethods="4"/>
        <line num="3" count="1" type="stmt"/>
        <line num="4" count="15" type="stmt"/>
        <line num="21" count="60" type="stmt"/>
        <line num="29" count="120" type="stmt"/>
        <line num="58" count="45" type="stmt"/>
        <line num="74" count="1" type="stmt"/>
      </file>
    </package>
    <package name="shell.src.lib">
      <metrics statements="1" coveredstatements="0" conditionals="0" coveredconditionals="0" methods="1" coveredmethods="0"/>
      <file name="utils.ts" path="C:\Users\DEVDUL\Documents\DEVELOPMENT\module-federation-demo\packages\shell\src\lib\utils.ts">
        <metrics statements="1" coveredstatements="0" conditionals="0" coveredconditionals="0" methods="1" coveredmethods="0"/>
        <line num="6" count="0" type="stmt"/>
      </file>
    </package>
  </project>
</coverage>
