<?xml version="1.0" encoding="UTF-8"?>
<coverage generated="1788038414266" clover="3.2.0">
  <project timestamp="1788038414266" name="All files">
    <metrics statements="2217" coveredstatements="530" conditionals="1082" coveredconditionals="202" methods="1514" coveredmethods="238" elements="4813" coveredelements="970" complexity="0" loc="2217" ncloc="2217" packages="16" files="264" classes="264"/>
    <package name="analytics.src">
      <metrics statements="45" coveredstatements="43" conditionals="10" coveredconditionals="9" methods="17" coveredmethods="16"/>
      <file name="ClinicalAnalytics.tsx" path="C:\Users\DEVDUL\Documents\DEVELOPMENT\conferences\module-federation-demo\packages\analytics\src\ClinicalAnalytics.tsx">
        <metrics statements="24" coveredstatements="24" conditionals="4" coveredconditionals="4" methods="7" coveredmethods="7"/>
        <line num="7" count="3" type="stmt"/>
        <line num="15" count="3" type="stmt"/>
        <line num="26" count="3" type="stmt"/>
        <line num="32" count="3" type="stmt"/>
        <line num="41" count="3" type="stmt"/>
        <line num="42" count="48" type="stmt"/>
        <line num="43" count="48" type="cond" truecount="2" falsecount="0"/>
        <line num="45" count="48" type="stmt"/>
        <line num="66" count="3" type="stmt"/>
        <line num="69" count="3" type="stmt"/>
        <line num="70" count="96" type="stmt"/>
        <line num="72" count="96" type="stmt"/>
        <line num="89" count="3" type="stmt"/>
        <line num="92" count="3" type="stmt"/>
        <line num="93" count="12" type="stmt"/>
        <line num="112" count="3" type="stmt"/>
        <line num="116" count="12" type="stmt"/>
        <line num="118" count="12" type="stmt"/>
        <line num="119" count="12" type="stmt"/>
        <line num="126" count="12" type="stmt"/>
        <line num="159" count="48" type="stmt"/>
        <line num="170" count="96" type="stmt"/>
        <line num="178" count="3" type="stmt"/>
        <line num="180" count="3" type="stmt"/>
      </file>
      <file name="StreamingClinicalAnalytics.tsx" path="C:\Users\DEVDUL\Documents\DEVELOPMENT\conferences\module-federation-demo\packages\analytics\src\StreamingClinicalAnalytics.tsx">
        <metrics statements="21" coveredstatements="19" conditionals="6" coveredconditionals="5" methods="10" coveredmethods="9"/>
        <line num="3" count="8" type="stmt"/>
        <line num="10" count="8" type="stmt"/>
        <line num="12" count="8" type="stmt"/>
        <line num="14" count="2" type="stmt"/>
        <line num="15" count="2" type="stmt"/>
        <line num="18" count="0" type="stmt"/>
        <line num="19" count="0" type="stmt"/>
        <line num="23" count="8" type="stmt"/>
        <line num="25" count="21" type="cond" truecount="2" falsecount="0"/>
        <line num="26" count="2" type="cond" truecount="1" falsecount="1"/>
        <line num="27" count="2" type="stmt"/>
        <line num="32" count="2" type="stmt"/>
        <line num="35" count="26" type="stmt"/>
        <line num="39" count="21" type="cond" truecount="2" falsecount="0"/>
        <line num="40" count="8" type="stmt"/>
        <line num="42" count="21" type="stmt"/>
        <line num="45" count="2" type="stmt"/>
        <line num="47" count="21" type="stmt"/>
        <line num="48" count="21" type="stmt"/>
        <line num="49" count="21" type="stmt"/>
        <line num="52" count="2" type="stmt"/>
      </file>
    </package>
    <package name="analytics.src.components.ui">
      <metrics statements="321" coveredstatements="0" conditionals="162" coveredconditionals="0" methods="248" coveredmethods="0"/>
      <file name="alert-dialog.tsx" path="C:\Users\DEVDUL\Documents\DEVELOPMENT\conferences\module-federation-demo\packages\analytics\src\components\ui\alert-dialog.tsx">
        <metrics statements="13" coveredstatements="0" conditionals="3" coveredconditionals="0" methods="12" coveredmethods="0"/>
        <line num="1" count="0" type="stmt"/>
        <line num="10" count="0" type="stmt"/>
        <line num="14" count="0" type="stmt"/>
        <line num="20" count="0" type="stmt"/>
        <line num="29" count="0" type="stmt"/>
        <line num="48" count="0" type="stmt"/>
        <line num="68" count="0" type="stmt"/>
        <line num="84" count="0" type="stmt"/>
        <line num="100" count="0" type="stmt"/>
        <line num="116" count="0" type="stmt"/>
        <line num="132" count="0" type="stmt"/>
        <line num="148" count="0" type="stmt"/>
        <line num="164" count="0" type="stmt"/>
      </file>
      <file name="alert.tsx" path="C:\Users\DEVDUL\Documents\DEVELOPMENT\conferences\module-federation-demo\packages\analytics\src\components\ui\alert.tsx">
        <metrics statements="5" coveredstatements="0" conditionals="0" coveredconditionals="0" methods="4" coveredmethods="0"/>
        <line num="6" count="0" type="stmt"/>
        <line num="27" count="0" type="stmt"/>
        <line num="38" count="0" type="stmt"/>
        <line num="54" count="0" type="stmt"/>
        <line num="67" count="0" type="stmt"/>
      </file>
      <file name="aspect-ratio.tsx" path="C:\Users\DEVDUL\Documents\DEVELOPMENT\conferences\module-federation-demo\packages\analytics\src\components\ui\aspect-ratio.tsx">
        <metrics statements="1" coveredstatements="0" conditionals="0" coveredconditionals="0" methods="1" coveredmethods="0"/>
        <line num="8" count="0" type="stmt"/>
      </file>
      <file name="avatar.tsx" path="C:\Users\DEVDUL\Documents\DEVELOPMENT\conferences\module-federation-demo\packages\analytics\src\components\ui\avatar.tsx">
        <metrics statements="6" coveredstatements="0" conditionals="1" coveredconditionals="0" methods="6" coveredmethods="0"/>
        <line num="13" count="0" type="stmt"/>
        <line num="27" count="0" type="stmt"/>
        <line num="43" count="0" type="stmt"/>
        <line num="56" count="0" type="stmt"/>
        <line num="72" count="0" type="stmt"/>
        <line num="88" count="0" type="stmt"/>
      </file>
      <file name="badge.tsx" path="C:\Users\DEVDUL\Documents\DEVELOPMENT\conferences\module-federation-demo\packages\analytics\src\components\ui\badge.tsx">
        <metrics statements="2" coveredstatements="0" conditionals="1" coveredconditionals="0" methods="1" coveredmethods="0"/>
        <line num="7" count="0" type="stmt"/>
        <line num="36" count="0" type="stmt"/>
      </file>
      <file name="breadcrumb.tsx" path="C:\Users\DEVDUL\Documents\DEVELOPMENT\conferences\module-federation-demo\packages\analytics\src\components\ui\breadcrumb.tsx">
        <metrics statements="7" coveredstatements="0" conditionals="2" coveredconditionals="0" methods="7" coveredmethods="0"/>
        <line num="9" count="0" type="stmt"/>
        <line num="20" count="0" type="stmt"/>
        <line num="33" count="0" type="stmt"/>
        <line num="47" count="0" type="stmt"/>
        <line num="63" count="0" type="stmt"/>
        <line num="80" count="0" type="stmt"/>
        <line num="99" count="0" type="stmt"/>
      </file>
      <file name="button-group.tsx" path="C:\Users\DEVDUL\Documents\DEVELOPMENT\conferences\module-federation-demo\packages\analytics\src\components\ui\button-group.tsx">
        <metrics statements="4" coveredstatements="0" conditionals="1" coveredconditionals="0" methods="3" coveredmethods="0"/>
        <line num="8" count="0" type="stmt"/>
        <line num="30" count="0" type="stmt"/>
        <line num="46" count="0" type="stmt"/>
        <line num="69" count="0" type="stmt"/>
      </file>
      <file name="button.tsx" path="C:\Users\DEVDUL\Documents\DEVELOPMENT\conferences\module-federation-demo\packages\analytics\src\components\ui\button.tsx">
        <metrics statements="2" coveredstatements="0" conditionals="2" coveredconditionals="0" methods="1" coveredmethods="0"/>
        <line num="6" count="0" type="stmt"/>
        <line num="47" count="0" type="stmt"/>
      </file>
      <file name="card.tsx" path="C:\Users\DEVDUL\Documents\DEVELOPMENT\conferences\module-federation-demo\packages\analytics\src\components\ui\card.tsx">
        <metrics statements="7" coveredstatements="0" conditionals="1" coveredconditionals="0" methods="7" coveredmethods="0"/>
        <line num="10" count="0" type="stmt"/>
        <line num="24" count="0" type="stmt"/>
        <line num="37" count="0" type="stmt"/>
        <line num="50" count="0" type="stmt"/>
        <line num="60" count="0" type="stmt"/>
        <line num="73" count="0" type="stmt"/>
        <line num="83" count="0" type="stmt"/>
      </file>
      <file name="checkbox.tsx" path="C:\Users\DEVDUL\Documents\DEVELOPMENT\conferences\module-federation-demo\packages\analytics\src\components\ui\checkbox.tsx">
        <metrics statements="2" coveredstatements="0" conditionals="0" coveredconditionals="0" methods="1" coveredmethods="0"/>
        <line num="1" count="0" type="stmt"/>
        <line num="9" count="0" type="stmt"/>
      </file>
      <file name="collapsible.tsx" path="C:\Users\DEVDUL\Documents\DEVELOPMENT\conferences\module-federation-demo\packages\analytics\src\components\ui\collapsible.tsx">
        <metrics statements="3" coveredstatements="0" conditionals="0" coveredconditionals="0" methods="3" coveredmethods="0"/>
        <line num="4" count="0" type="stmt"/>
        <line num="8" count="0" type="stmt"/>
        <line num="14" count="0" type="stmt"/>
      </file>
      <file name="command.tsx" path="C:\Users\DEVDUL\Documents\DEVELOPMENT\conferences\module-federation-demo\packages\analytics\src\components\ui\command.tsx">
        <metrics statements="10" coveredstatements="0" conditionals="3" coveredconditionals="0" methods="9" coveredmethods="0"/>
        <line num="1" count="0" type="stmt"/>
        <line num="24" count="0" type="stmt"/>
        <line num="50" count="0" type="stmt"/>
        <line num="73" count="0" type="stmt"/>
        <line num="96" count="0" type="stmt"/>
        <line num="112" count="0" type="stmt"/>
        <line num="125" count="0" type="stmt"/>
        <line num="141" count="0" type="stmt"/>
        <line num="155" count="0" type="stmt"/>
        <line num="174" count="0" type="stmt"/>
      </file>
      <file name="dialog.tsx" path="C:\Users\DEVDUL\Documents\DEVELOPMENT\conferences\module-federation-demo\packages\analytics\src\components\ui\dialog.tsx">
        <metrics statements="10" coveredstatements="0" conditionals="6" coveredconditionals="0" methods="10" coveredmethods="0"/>
        <line num="9" count="0" type="stmt"/>
        <line num="13" count="0" type="stmt"/>
        <line num="17" count="0" type="stmt"/>
        <line num="21" count="0" type="stmt"/>
        <line num="28" count="0" type="stmt"/>
        <line num="48" count="0" type="stmt"/>
        <line num="82" count="0" type="stmt"/>
        <line num="99" count="0" type="stmt"/>
        <line num="119" count="0" type="stmt"/>
        <line num="132" count="0" type="stmt"/>
      </file>
      <file name="drawer.tsx" path="C:\Users\DEVDUL\Documents\DEVELOPMENT\conferences\module-federation-demo\packages\analytics\src\components\ui\drawer.tsx">
        <metrics statements="21" coveredstatements="0" conditionals="19" coveredconditionals="0" methods="13" coveredmethods="0"/>
        <line num="13" count="0" type="stmt"/>
        <line num="16" count="0" type="stmt"/>
        <line num="18" count="0" type="cond" truecount="0" falsecount="2"/>
        <line num="19" count="0" type="stmt"/>
        <line num="22" count="0" type="stmt"/>
        <line num="34" count="0" type="cond" truecount="0" falsecount="2"/>
        <line num="35" count="0" type="stmt"/>
        <line num="36" count="0" type="stmt"/>
        <line num="40" count="0" type="stmt"/>
        <line num="54" count="0" type="stmt"/>
        <line num="58" count="0" type="stmt"/>
        <line num="62" count="0" type="stmt"/>
        <line num="69" count="0" type="stmt"/>
        <line num="85" count="0" type="stmt"/>
        <line num="103" count="0" type="stmt"/>
        <line num="105" count="0" type="cond" truecount="0" falsecount="4"/>
        <line num="107" count="0" type="stmt"/>
        <line num="166" count="0" type="stmt"/>
        <line num="179" count="0" type="stmt"/>
        <line num="189" count="0" type="stmt"/>
        <line num="205" count="0" type="stmt"/>
      </file>
      <file name="dropdown-menu.tsx" path="C:\Users\DEVDUL\Documents\DEVELOPMENT\conferences\module-federation-demo\packages\analytics\src\components\ui\dropdown-menu.tsx">
        <metrics statements="16" coveredstatements="0" conditionals="9" coveredconditionals="0" methods="15" coveredmethods="0"/>
        <line num="1" count="0" type="stmt"/>
        <line num="10" count="0" type="stmt"/>
        <line num="14" count="0" type="stmt"/>
        <line num="18" count="0" type="stmt"/>
        <line num="33" count="0" type="stmt"/>
        <line num="53" count="0" type="stmt"/>
        <line num="63" count="0" type="stmt"/>
        <line num="85" count="0" type="stmt"/>
        <line num="100" count="0" type="stmt"/>
        <line num="111" count="0" type="stmt"/>
        <line num="135" count="0" type="stmt"/>
        <line num="157" count="0" type="stmt"/>
        <line num="183" count="0" type="stmt"/>
        <line num="199" count="0" type="stmt"/>
        <line num="227" count="0" type="stmt"/>
        <line num="240" count="0" type="stmt"/>
      </file>
      <file name="empty.tsx" path="C:\Users\DEVDUL\Documents\DEVELOPMENT\conferences\module-federation-demo\packages\analytics\src\components\ui\empty.tsx">
        <metrics statements="7" coveredstatements="0" conditionals="1" coveredconditionals="0" methods="6" coveredmethods="0"/>
        <line num="6" count="0" type="stmt"/>
        <line num="19" count="0" type="stmt"/>
        <line num="28" count="0" type="stmt"/>
        <line num="48" count="0" type="stmt"/>
        <line num="59" count="0" type="stmt"/>
        <line num="69" count="0" type="stmt"/>
        <line num="82" count="0" type="stmt"/>
      </file>
      <file name="field.tsx" path="C:\Users\DEVDUL\Documents\DEVELOPMENT\conferences\module-federation-demo\packages\analytics\src\components\ui\field.tsx">
        <metrics statements="25" coveredstatements="0" conditionals="14" coveredconditionals="0" methods="13" coveredmethods="0"/>
        <line num="1" count="0" type="stmt"/>
        <line num="11" count="0" type="stmt"/>
        <line num="28" count="0" type="stmt"/>
        <line num="42" count="0" type="stmt"/>
        <line num="54" count="0" type="stmt"/>
        <line num="77" count="0" type="stmt"/>
        <line num="89" count="0" type="stmt"/>
        <line num="105" count="0" type="stmt"/>
        <line num="119" count="0" type="stmt"/>
        <line num="132" count="0" type="stmt"/>
        <line num="153" count="0" type="stmt"/>
        <line num="184" count="0" type="stmt"/>
        <line num="185" count="0" type="cond" truecount="0" falsecount="2"/>
        <line num="186" count="0" type="stmt"/>
        <line num="189" count="0" type="cond" truecount="0" falsecount="2"/>
        <line num="190" count="0" type="stmt"/>
        <line num="193" count="0" type="stmt"/>
        <line num="194" count="0" type="stmt"/>
        <line num="197" count="0" type="cond" truecount="0" falsecount="2"/>
        <line num="198" count="0" type="stmt"/>
        <line num="201" count="0" type="stmt"/>
        <line num="205" count="0" type="cond" truecount="0" falsecount="2"/>
        <line num="211" count="0" type="cond" truecount="0" falsecount="2"/>
        <line num="212" count="0" type="stmt"/>
        <line num="215" count="0" type="stmt"/>
      </file>
      <file name="hover-card.tsx" path="C:\Users\DEVDUL\Documents\DEVELOPMENT\conferences\module-federation-demo\packages\analytics\src\components\ui\hover-card.tsx">
        <metrics statements="4" coveredstatements="0" conditionals="4" coveredconditionals="0" methods="3" coveredmethods="0"/>
        <line num="1" count="0" type="stmt"/>
        <line num="8" count="0" type="stmt"/>
        <line num="12" count="0" type="stmt"/>
        <line num="29" count="0" type="stmt"/>
      </file>
      <file name="input-group.tsx" path="C:\Users\DEVDUL\Documents\DEVELOPMENT\conferences\module-federation-demo\packages\analytics\src\components\ui\input-group.tsx">
        <metrics statements="11" coveredstatements="0" conditionals="6" coveredconditionals="0" methods="7" coveredmethods="0"/>
        <line num="10" count="0" type="stmt"/>
        <line num="23" count="0" type="stmt"/>
        <line num="49" count="0" type="stmt"/>
        <line num="56" count="0" type="cond" truecount="0" falsecount="2"/>
        <line num="57" count="0" type="stmt"/>
        <line num="59" count="0" type="stmt"/>
        <line num="66" count="0" type="stmt"/>
        <line num="93" count="0" type="stmt"/>
        <line num="105" count="0" type="stmt"/>
        <line num="120" count="0" type="stmt"/>
        <line num="136" count="0" type="stmt"/>
      </file>
      <file name="input-otp.tsx" path="C:\Users\DEVDUL\Documents\DEVELOPMENT\conferences\module-federation-demo\packages\analytics\src\components\ui\input-otp.tsx">
        <metrics statements="6" coveredstatements="0" conditionals="4" coveredconditionals="0" methods="4" coveredmethods="0"/>
        <line num="14" count="0" type="stmt"/>
        <line num="29" count="0" type="stmt"/>
        <line num="48" count="0" type="stmt"/>
        <line num="49" count="0" type="cond" truecount="0" falsecount="2"/>
        <line num="51" count="0" type="stmt"/>
        <line num="72" count="0" type="stmt"/>
      </file>
      <file name="input.tsx" path="C:\Users\DEVDUL\Documents\DEVELOPMENT\conferences\module-federation-demo\packages\analytics\src\components\ui\input.tsx">
        <metrics statements="1" coveredstatements="0" conditionals="0" coveredconditionals="0" methods="1" coveredmethods="0"/>
        <line num="7" count="0" type="stmt"/>
      </file>
      <file name="item.tsx" path="C:\Users\DEVDUL\Documents\DEVELOPMENT\conferences\module-federation-demo\packages\analytics\src\components\ui\item.tsx">
        <metrics statements="12" coveredstatements="0" conditionals="3" coveredconditionals="0" methods="10" coveredmethods="0"/>
        <line num="10" count="0" type="stmt"/>
        <line num="27" count="0" type="stmt"/>
        <line num="37" count="0" type="stmt"/>
        <line num="66" count="0" type="stmt"/>
        <line num="83" count="0" type="stmt"/>
        <line num="105" count="0" type="stmt"/>
        <line num="116" count="0" type="stmt"/>
        <line num="129" count="0" type="stmt"/>
        <line num="142" count="0" type="stmt"/>
        <line num="155" count="0" type="stmt"/>
        <line num="165" count="0" type="stmt"/>
        <line num="178" count="0" type="stmt"/>
      </file>
      <file name="kbd.tsx" path="C:\Users\DEVDUL\Documents\DEVELOPMENT\conferences\module-federation-demo\packages\analytics\src\components\ui\kbd.tsx">
        <metrics statements="2" coveredstatements="0" conditionals="0" coveredconditionals="0" methods="2" coveredmethods="0"/>
        <line num="4" count="0" type="stmt"/>
        <line num="17" count="0" type="stmt"/>
      </file>
      <file name="label.tsx" path="C:\Users\DEVDUL\Documents\DEVELOPMENT\conferences\module-federation-demo\packages\analytics\src\components\ui\label.tsx">
        <metrics statements="1" coveredstatements="0" conditionals="0" coveredconditionals="0" methods="1" coveredmethods="0"/>
        <line num="6" count="0" type="stmt"/>
      </file>
      <file name="menubar.tsx" path="C:\Users\DEVDUL\Documents\DEVELOPMENT\conferences\module-federation-demo\packages\analytics\src\components\ui\menubar.tsx">
        <metrics statements="16" coveredstatements="0" conditionals="4" coveredconditionals="0" methods="16" coveredmethods="0"/>
        <line num="24" count="0" type="stmt"/>
        <line num="37" count="0" type="stmt"/>
        <line num="43" count="0" type="stmt"/>
        <line num="49" count="0" type="stmt"/>
        <line num="56" count="0" type="stmt"/>
        <line num="75" count="0" type="stmt"/>
        <line num="93" count="0" type="stmt"/>
        <line num="116" count="0" type="stmt"/>
        <line num="141" count="0" type="stmt"/>
        <line num="152" count="0" type="stmt"/>
        <line num="180" count="0" type="stmt"/>
        <line num="194" count="0" type="stmt"/>
        <line num="207" count="0" type="stmt"/>
        <line num="222" count="0" type="stmt"/>
        <line num="232" count="0" type="stmt"/>
        <line num="249" count="0" type="stmt"/>
      </file>
      <file name="navigation-menu.tsx" path="C:\Users\DEVDUL\Documents\DEVELOPMENT\conferences\module-federation-demo\packages\analytics\src\components\ui\navigation-menu.tsx">
        <metrics statements="9" coveredstatements="0" conditionals="5" coveredconditionals="0" methods="8" coveredmethods="0"/>
        <line num="14" count="0" type="stmt"/>
        <line num="33" count="0" type="stmt"/>
        <line num="49" count="0" type="stmt"/>
        <line num="58" count="0" type="stmt"/>
        <line num="67" count="0" type="stmt"/>
        <line num="83" count="0" type="stmt"/>
        <line num="103" count="0" type="stmt"/>
        <line num="128" count="0" type="stmt"/>
        <line num="144" count="0" type="stmt"/>
      </file>
      <file name="pagination.tsx" path="C:\Users\DEVDUL\Documents\DEVELOPMENT\conferences\module-federation-demo\packages\analytics\src\components\ui\pagination.tsx">
        <metrics statements="7" coveredstatements="0" conditionals="7" coveredconditionals="0" methods="7" coveredmethods="0"/>
        <line num="8" count="0" type="stmt"/>
        <line num="23" count="0" type="stmt"/>
        <line num="33" count="0" type="stmt"/>
        <line num="47" count="0" type="stmt"/>
        <line num="70" count="0" type="stmt"/>
        <line num="88" count="0" type="stmt"/>
        <line num="105" count="0" type="stmt"/>
      </file>
      <file name="popover.tsx" path="C:\Users\DEVDUL\Documents\DEVELOPMENT\conferences\module-federation-demo\packages\analytics\src\components\ui\popover.tsx">
        <metrics statements="7" coveredstatements="0" conditionals="4" coveredconditionals="0" methods="6" coveredmethods="0"/>
        <line num="1" count="0" type="stmt"/>
        <line num="9" count="0" type="stmt"/>
        <line num="13" count="0" type="stmt"/>
        <line num="28" count="0" type="stmt"/>
        <line num="51" count="0" type="stmt"/>
        <line num="61" count="0" type="stmt"/>
        <line num="74" count="0" type="stmt"/>
      </file>
      <file name="progress.tsx" path="C:\Users\DEVDUL\Documents\DEVELOPMENT\conferences\module-federation-demo\packages\analytics\src\components\ui\progress.tsx">
        <metrics statements="5" coveredstatements="0" conditionals="0" coveredconditionals="0" methods="5" coveredmethods="0"/>
        <line num="11" count="0" type="stmt"/>
        <line num="27" count="0" type="stmt"/>
        <line num="43" count="0" type="stmt"/>
        <line num="53" count="0" type="stmt"/>
        <line num="63" count="0" type="stmt"/>
      </file>
      <file name="radio-group.tsx" path="C:\Users\DEVDUL\Documents\DEVELOPMENT\conferences\module-federation-demo\packages\analytics\src\components\ui\radio-group.tsx">
        <metrics statements="2" coveredstatements="0" conditionals="0" coveredconditionals="0" methods="2" coveredmethods="0"/>
        <line num="7" count="0" type="stmt"/>
        <line num="17" count="0" type="stmt"/>
      </file>
      <file name="resizable.tsx" path="C:\Users\DEVDUL\Documents\DEVELOPMENT\conferences\module-federation-demo\packages\analytics\src\components\ui\resizable.tsx">
        <metrics statements="4" coveredstatements="0" conditionals="2" coveredconditionals="0" methods="3" coveredmethods="0"/>
        <line num="1" count="0" type="stmt"/>
        <line num="11" count="0" type="stmt"/>
        <line num="24" count="0" type="stmt"/>
        <line num="34" count="0" type="stmt"/>
      </file>
      <file name="scroll-area.tsx" path="C:\Users\DEVDUL\Documents\DEVELOPMENT\conferences\module-federation-demo\packages\analytics\src\components\ui\scroll-area.tsx">
        <metrics statements="3" coveredstatements="0" conditionals="1" coveredconditionals="0" methods="2" coveredmethods="0"/>
        <line num="1" count="0" type="stmt"/>
        <line num="12" count="0" type="stmt"/>
        <line num="35" count="0" type="stmt"/>
      </file>
      <file name="select.tsx" path="C:\Users\DEVDUL\Documents\DEVELOPMENT\conferences\module-federation-demo\packages\analytics\src\components\ui\select.tsx">
        <metrics statements="11" coveredstatements="0" conditionals="6" coveredconditionals="0" methods="9" coveredmethods="0"/>
        <line num="1" count="0" type="stmt"/>
        <line num="9" count="0" type="stmt"/>
        <line num="12" count="0" type="stmt"/>
        <line num="22" count="0" type="stmt"/>
        <line num="39" count="0" type="stmt"/>
        <line num="73" count="0" type="stmt"/>
        <line num="102" count="0" type="stmt"/>
        <line num="116" count="0" type="stmt"/>
        <line num="143" count="0" type="stmt"/>
        <line num="156" count="0" type="stmt"/>
        <line num="175" count="0" type="stmt"/>
      </file>
      <file name="separator.tsx" path="C:\Users\DEVDUL\Documents\DEVELOPMENT\conferences\module-federation-demo\packages\analytics\src\components\ui\separator.tsx">
        <metrics statements="2" coveredstatements="0" conditionals="1" coveredconditionals="0" methods="1" coveredmethods="0"/>
        <line num="1" count="0" type="stmt"/>
        <line num="12" count="0" type="stmt"/>
      </file>
      <file name="sheet.tsx" path="C:\Users\DEVDUL\Documents\DEVELOPMENT\conferences\module-federation-demo\packages\analytics\src\components\ui\sheet.tsx">
        <metrics statements="11" coveredstatements="0" conditionals="4" coveredconditionals="0" methods="10" coveredmethods="0"/>
        <line num="1" count="0" type="stmt"/>
        <line num="11" count="0" type="stmt"/>
        <line num="15" count="0" type="stmt"/>
        <line num="19" count="0" type="stmt"/>
        <line num="23" count="0" type="stmt"/>
        <line num="27" count="0" type="stmt"/>
        <line num="49" count="0" type="stmt"/>
        <line num="84" count="0" type="stmt"/>
        <line num="94" count="0" type="stmt"/>
        <line num="104" count="0" type="stmt"/>
        <line num="120" count="0" type="stmt"/>
      </file>
      <file name="skeleton.tsx" path="C:\Users\DEVDUL\Documents\DEVELOPMENT\conferences\module-federation-demo\packages\analytics\src\components\ui\skeleton.tsx">
        <metrics statements="1" coveredstatements="0" conditionals="0" coveredconditionals="0" methods="1" coveredmethods="0"/>
        <line num="4" count="0" type="stmt"/>
      </file>
      <file name="slider.tsx" path="C:\Users\DEVDUL\Documents\DEVELOPMENT\conferences\module-federation-demo\packages\analytics\src\components\ui\slider.tsx">
        <metrics statements="3" coveredstatements="0" conditionals="6" coveredconditionals="0" methods="2" coveredmethods="0"/>
        <line num="13" count="0" type="cond" truecount="0" falsecount="2"/>
        <line num="19" count="0" type="stmt"/>
        <line num="41" count="0" type="stmt"/>
      </file>
      <file name="sonner.tsx" path="C:\Users\DEVDUL\Documents\DEVELOPMENT\conferences\module-federation-demo\packages\analytics\src\components\ui\sonner.tsx">
        <metrics statements="3" coveredstatements="0" conditionals="3" coveredconditionals="0" methods="1" coveredmethods="0"/>
        <line num="5" count="0" type="stmt"/>
        <line num="6" count="0" type="cond" truecount="0" falsecount="1"/>
        <line num="8" count="0" type="stmt"/>
      </file>
      <file name="spinner.tsx" path="C:\Users\DEVDUL\Documents\DEVELOPMENT\conferences\module-federation-demo\packages\analytics\src\components\ui\spinner.tsx">
        <metrics statements="1" coveredstatements="0" conditionals="0" coveredconditionals="0" methods="1" coveredmethods="0"/>
        <line num="5" count="0" type="stmt"/>
      </file>
      <file name="switch.tsx" path="C:\Users\DEVDUL\Documents\DEVELOPMENT\conferences\module-federation-demo\packages\analytics\src\components\ui\switch.tsx">
        <metrics statements="2" coveredstatements="0" conditionals="1" coveredconditionals="0" methods="1" coveredmethods="0"/>
        <line num="1" count="0" type="stmt"/>
        <line num="14" count="0" type="stmt"/>
      </file>
      <file name="table.tsx" path="C:\Users\DEVDUL\Documents\DEVELOPMENT\conferences\module-federation-demo\packages\analytics\src\components\ui\table.tsx">
        <metrics statements="9" coveredstatements="0" conditionals="0" coveredconditionals="0" methods="8" coveredmethods="0"/>
        <line num="1" count="0" type="stmt"/>
        <line num="8" count="0" type="stmt"/>
        <line num="23" count="0" type="stmt"/>
        <line num="33" count="0" type="stmt"/>
        <line num="43" count="0" type="stmt"/>
        <line num="56" count="0" type="stmt"/>
        <line num="69" count="0" type="stmt"/>
        <line num="82" count="0" type="stmt"/>
        <line num="98" count="0" type="stmt"/>
      </file>
      <file name="tabs.tsx" path="C:\Users\DEVDUL\Documents\DEVELOPMENT\conferences\module-federation-demo\packages\analytics\src\components\ui\tabs.tsx">
        <metrics statements="5" coveredstatements="0" conditionals="2" coveredconditionals="0" methods="4" coveredmethods="0"/>
        <line num="11" count="0" type="stmt"/>
        <line num="24" count="0" type="stmt"/>
        <line num="44" count="0" type="stmt"/>
        <line num="55" count="0" type="stmt"/>
        <line num="71" count="0" type="stmt"/>
      </file>
      <file name="textarea.tsx" path="C:\Users\DEVDUL\Documents\DEVELOPMENT\conferences\module-federation-demo\packages\analytics\src\components\ui\textarea.tsx">
        <metrics statements="1" coveredstatements="0" conditionals="0" coveredconditionals="0" methods="1" coveredmethods="0"/>
        <line num="6" count="0" type="stmt"/>
      </file>
      <file name="toast.tsx" path="C:\Users\DEVDUL\Documents\DEVELOPMENT\conferences\module-federation-demo\packages\analytics\src\components\ui\toast.tsx">
        <metrics statements="30" coveredstatements="0" conditionals="17" coveredconditionals="0" methods="13" coveredmethods="0"/>
        <line num="8" count="0" type="stmt"/>
        <line num="11" count="0" type="stmt"/>
        <line num="15" count="0" type="stmt"/>
        <line num="19" count="0" type="stmt"/>
        <line num="32" count="0" type="stmt"/>
        <line num="59" count="0" type="stmt"/>
        <line num="72" count="0" type="stmt"/>
        <line num="85" count="0" type="stmt"/>
        <line num="99" count="0" type="stmt"/>
        <line num="115" count="0" type="stmt"/>
        <line num="134" count="0" type="stmt"/>
        <line num="136" count="0" type="cond" truecount="0" falsecount="2"/>
        <line num="137" count="0" type="stmt"/>
        <line num="142" count="0" type="cond" truecount="0" falsecount="2"/>
        <line num="143" count="0" type="stmt"/>
        <line num="148" count="0" type="cond" truecount="0" falsecount="2"/>
        <line num="149" count="0" type="stmt"/>
        <line num="154" count="0" type="cond" truecount="0" falsecount="2"/>
        <line num="155" count="0" type="stmt"/>
        <line num="160" count="0" type="cond" truecount="0" falsecount="2"/>
        <line num="161" count="0" type="stmt"/>
        <line num="166" count="0" type="cond" truecount="0" falsecount="2"/>
        <line num="167" count="0" type="stmt"/>
        <line num="170" count="0" type="stmt"/>
        <line num="181" count="0" type="stmt"/>
        <line num="183" count="0" type="stmt"/>
        <line num="184" count="0" type="stmt"/>
        <line num="203" count="0" type="stmt"/>
        <line num="215" count="0" type="stmt"/>
        <line num="216" count="0" type="stmt"/>
      </file>
      <file name="toggle-group.tsx" path="C:\Users\DEVDUL\Documents\DEVELOPMENT\conferences\module-federation-demo\packages\analytics\src\components\ui\toggle-group.tsx">
        <metrics statements="4" coveredstatements="0" conditionals="12" coveredconditionals="0" methods="2" coveredmethods="0"/>
        <line num="9" count="0" type="stmt"/>
        <line num="34" count="0" type="stmt"/>
        <line num="64" count="0" type="stmt"/>
        <line num="66" count="0" type="stmt"/>
      </file>
      <file name="toggle.tsx" path="C:\Users\DEVDUL\Documents\DEVELOPMENT\conferences\module-federation-demo\packages\analytics\src\components\ui\toggle.tsx">
        <metrics statements="3" coveredstatements="0" conditionals="2" coveredconditionals="0" methods="1" coveredmethods="0"/>
        <line num="1" count="0" type="stmt"/>
        <line num="8" count="0" type="stmt"/>
        <line num="36" count="0" type="stmt"/>
      </file>
      <file name="tooltip.tsx" path="C:\Users\DEVDUL\Documents\DEVELOPMENT\conferences\module-federation-demo\packages\analytics\src\components\ui\tooltip.tsx">
        <metrics statements="4" coveredstatements="0" conditionals="5" coveredconditionals="0" methods="4" coveredmethods="0"/>
        <line num="9" count="0" type="stmt"/>
        <line num="19" count="0" type="stmt"/>
        <line num="23" count="0" type="stmt"/>
        <line num="39" count="0" type="stmt"/>
      </file>
    </package>
    <package name="analytics.src.lib">
      <metrics statements="18" coveredstatements="14" conditionals="6" coveredconditionals="4" methods="8" coveredmethods="6"/>
      <file name="theme.ts" path="C:\Users\DEVDUL\Documents\DEVELOPMENT\conferences\module-federation-demo\packages\analytics\src\lib\theme.ts">
        <metrics statements="17" coveredstatements="14" conditionals="6" coveredconditionals="4" methods="7" coveredmethods="6"/>
        <line num="5" count="3" type="stmt"/>
        <line num="7" count="3" type="stmt"/>
        <line num="13" count="24" type="cond" truecount="2" falsecount="0"/>
        <line num="17" count="12" type="stmt"/>
        <line num="18" count="12" type="stmt"/>
        <line num="19" count="12" type="cond" truecount="1" falsecount="1"/>
        <line num="20" count="0" type="stmt"/>
        <line num="23" count="12" type="stmt"/>
        <line num="24" count="12" type="cond" truecount="1" falsecount="1"/>
        <line num="26" count="0" type="stmt"/>
        <line num="31" count="12" type="stmt"/>
        <line num="33" count="12" type="stmt"/>
        <line num="34" count="12" type="stmt"/>
        <line num="35" count="0" type="stmt"/>
        <line num="38" count="12" type="stmt"/>
        <line num="39" count="12" type="stmt"/>
        <line num="42" count="12" type="stmt"/>
      </file>
      <file name="utils.ts" path="C:\Users\DEVDUL\Documents\DEVELOPMENT\conferences\module-federation-demo\packages\analytics\src\lib\utils.ts">
        <metrics statements="1" coveredstatements="0" conditionals="0" coveredconditionals="0" methods="1" coveredmethods="0"/>
        <line num="6" count="0" type="stmt"/>
      </file>
    </package>
    <package name="home.src">
      <metrics statements="38" coveredstatements="35" conditionals="8" coveredconditionals="6" methods="16" coveredmethods="15"/>
      <file name="Home.tsx" path="C:\Users\DEVDUL\Documents\DEVELOPMENT\conferences\module-federation-demo\packages\home\src\Home.tsx">
        <metrics statements="17" coveredstatements="16" conditionals="2" coveredconditionals="1" methods="6" coveredmethods="6"/>
        <line num="6" count="3" type="stmt"/>
        <line num="33" count="3" type="stmt"/>
        <line num="40" count="3" type="stmt"/>
        <line num="45" count="48" type="stmt"/>
        <line num="74" count="3" type="stmt"/>
        <line num="84" count="3" type="stmt"/>
        <line num="87" count="16" type="stmt"/>
        <line num="89" count="16" type="stmt"/>
        <line num="90" count="3" type="stmt"/>
        <line num="91" count="3" type="stmt"/>
        <line num="97" count="3" type="stmt"/>
        <line num="106" count="0" type="stmt"/>
        <line num="110" count="16" type="stmt"/>
        <line num="149" count="64" type="stmt"/>
        <line num="186" count="48" type="stmt"/>
        <line num="227" count="3" type="stmt"/>
        <line num="229" count="3" type="stmt"/>
      </file>
      <file name="StreamingHome.tsx" path="C:\Users\DEVDUL\Documents\DEVELOPMENT\conferences\module-federation-demo\packages\home\src\StreamingHome.tsx">
        <metrics statements="21" coveredstatements="19" conditionals="6" coveredconditionals="5" methods="10" coveredmethods="9"/>
        <line num="3" count="5" type="stmt"/>
        <line num="19" count="5" type="stmt"/>
        <line num="21" count="5" type="stmt"/>
        <line num="23" count="2" type="stmt"/>
        <line num="24" count="2" type="stmt"/>
        <line num="27" count="0" type="stmt"/>
        <line num="28" count="0" type="stmt"/>
        <line num="32" count="5" type="stmt"/>
        <line num="34" count="14" type="cond" truecount="2" falsecount="0"/>
        <line num="35" count="2" type="cond" truecount="1" falsecount="1"/>
        <line num="36" count="2" type="stmt"/>
        <line num="41" count="1" type="stmt"/>
        <line num="44" count="5" type="stmt"/>
        <line num="48" count="14" type="cond" truecount="2" falsecount="0"/>
        <line num="49" count="5" type="stmt"/>
        <line num="51" count="14" type="stmt"/>
        <line num="60" count="1" type="stmt"/>
        <line num="61" count="14" type="stmt"/>
        <line num="62" count="14" type="stmt"/>
        <line num="63" count="14" type="stmt"/>
        <line num="66" count="1" type="stmt"/>
      </file>
    </package>
    <package name="home.src.components.ui">
      <metrics statements="321" coveredstatements="0" conditionals="162" coveredconditionals="0" methods="248" coveredmethods="0"/>
      <file name="alert-dialog.tsx" path="C:\Users\DEVDUL\Documents\DEVELOPMENT\conferences\module-federation-demo\packages\home\src\components\ui\alert-dialog.tsx">
        <metrics statements="13" coveredstatements="0" conditionals="3" coveredconditionals="0" methods="12" coveredmethods="0"/>
        <line num="1" count="0" type="stmt"/>
        <line num="10" count="0" type="stmt"/>
        <line num="14" count="0" type="stmt"/>
        <line num="20" count="0" type="stmt"/>
        <line num="29" count="0" type="stmt"/>
        <line num="48" count="0" type="stmt"/>
        <line num="68" count="0" type="stmt"/>
        <line num="84" count="0" type="stmt"/>
        <line num="100" count="0" type="stmt"/>
        <line num="116" count="0" type="stmt"/>
        <line num="132" count="0" type="stmt"/>
        <line num="148" count="0" type="stmt"/>
        <line num="164" count="0" type="stmt"/>
      </file>
      <file name="alert.tsx" path="C:\Users\DEVDUL\Documents\DEVELOPMENT\conferences\module-federation-demo\packages\home\src\components\ui\alert.tsx">
        <metrics statements="5" coveredstatements="0" conditionals="0" coveredconditionals="0" methods="4" coveredmethods="0"/>
        <line num="6" count="0" type="stmt"/>
        <line num="27" count="0" type="stmt"/>
        <line num="38" count="0" type="stmt"/>
        <line num="54" count="0" type="stmt"/>
        <line num="67" count="0" type="stmt"/>
      </file>
      <file name="aspect-ratio.tsx" path="C:\Users\DEVDUL\Documents\DEVELOPMENT\conferences\module-federation-demo\packages\home\src\components\ui\aspect-ratio.tsx">
        <metrics statements="1" coveredstatements="0" conditionals="0" coveredconditionals="0" methods="1" coveredmethods="0"/>
        <line num="8" count="0" type="stmt"/>
      </file>
      <file name="avatar.tsx" path="C:\Users\DEVDUL\Documents\DEVELOPMENT\conferences\module-federation-demo\packages\home\src\components\ui\avatar.tsx">
        <metrics statements="6" coveredstatements="0" conditionals="1" coveredconditionals="0" methods="6" coveredmethods="0"/>
        <line num="13" count="0" type="stmt"/>
        <line num="27" count="0" type="stmt"/>
        <line num="43" count="0" type="stmt"/>
        <line num="56" count="0" type="stmt"/>
        <line num="72" count="0" type="stmt"/>
        <line num="88" count="0" type="stmt"/>
      </file>
      <file name="badge.tsx" path="C:\Users\DEVDUL\Documents\DEVELOPMENT\conferences\module-federation-demo\packages\home\src\components\ui\badge.tsx">
        <metrics statements="2" coveredstatements="0" conditionals="1" coveredconditionals="0" methods="1" coveredmethods="0"/>
        <line num="7" count="0" type="stmt"/>
        <line num="36" count="0" type="stmt"/>
      </file>
      <file name="breadcrumb.tsx" path="C:\Users\DEVDUL\Documents\DEVELOPMENT\conferences\module-federation-demo\packages\home\src\components\ui\breadcrumb.tsx">
        <metrics statements="7" coveredstatements="0" conditionals="2" coveredconditionals="0" methods="7" coveredmethods="0"/>
        <line num="9" count="0" type="stmt"/>
        <line num="20" count="0" type="stmt"/>
        <line num="33" count="0" type="stmt"/>
        <line num="47" count="0" type="stmt"/>
        <line num="63" count="0" type="stmt"/>
        <line num="80" count="0" type="stmt"/>
        <line num="99" count="0" type="stmt"/>
      </file>
      <file name="button-group.tsx" path="C:\Users\DEVDUL\Documents\DEVELOPMENT\conferences\module-federation-demo\packages\home\src\components\ui\button-group.tsx">
        <metrics statements="4" coveredstatements="0" conditionals="1" coveredconditionals="0" methods="3" coveredmethods="0"/>
        <line num="8" count="0" type="stmt"/>
        <line num="30" count="0" type="stmt"/>
        <line num="46" count="0" type="stmt"/>
        <line num="69" count="0" type="stmt"/>
      </file>
      <file name="button.tsx" path="C:\Users\DEVDUL\Documents\DEVELOPMENT\conferences\module-federation-demo\packages\home\src\components\ui\button.tsx">
        <metrics statements="2" coveredstatements="0" conditionals="2" coveredconditionals="0" methods="1" coveredmethods="0"/>
        <line num="6" count="0" type="stmt"/>
        <line num="47" count="0" type="stmt"/>
      </file>
      <file name="card.tsx" path="C:\Users\DEVDUL\Documents\DEVELOPMENT\conferences\module-federation-demo\packages\home\src\components\ui\card.tsx">
        <metrics statements="7" coveredstatements="0" conditionals="1" coveredconditionals="0" methods="7" coveredmethods="0"/>
        <line num="10" count="0" type="stmt"/>
        <line num="24" count="0" type="stmt"/>
        <line num="37" count="0" type="stmt"/>
        <line num="50" count="0" type="stmt"/>
        <line num="60" count="0" type="stmt"/>
        <line num="73" count="0" type="stmt"/>
        <line num="83" count="0" type="stmt"/>
      </file>
      <file name="checkbox.tsx" path="C:\Users\DEVDUL\Documents\DEVELOPMENT\conferences\module-federation-demo\packages\home\src\components\ui\checkbox.tsx">
        <metrics statements="2" coveredstatements="0" conditionals="0" coveredconditionals="0" methods="1" coveredmethods="0"/>
        <line num="1" count="0" type="stmt"/>
        <line num="9" count="0" type="stmt"/>
      </file>
      <file name="collapsible.tsx" path="C:\Users\DEVDUL\Documents\DEVELOPMENT\conferences\module-federation-demo\packages\home\src\components\ui\collapsible.tsx">
        <metrics statements="3" coveredstatements="0" conditionals="0" coveredconditionals="0" methods="3" coveredmethods="0"/>
        <line num="4" count="0" type="stmt"/>
        <line num="8" count="0" type="stmt"/>
        <line num="14" count="0" type="stmt"/>
      </file>
      <file name="command.tsx" path="C:\Users\DEVDUL\Documents\DEVELOPMENT\conferences\module-federation-demo\packages\home\src\components\ui\command.tsx">
        <metrics statements="10" coveredstatements="0" conditionals="3" coveredconditionals="0" methods="9" coveredmethods="0"/>
        <line num="1" count="0" type="stmt"/>
        <line num="24" count="0" type="stmt"/>
        <line num="50" count="0" type="stmt"/>
        <line num="73" count="0" type="stmt"/>
        <line num="96" count="0" type="stmt"/>
        <line num="112" count="0" type="stmt"/>
        <line num="125" count="0" type="stmt"/>
        <line num="141" count="0" type="stmt"/>
        <line num="155" count="0" type="stmt"/>
        <line num="174" count="0" type="stmt"/>
      </file>
      <file name="dialog.tsx" path="C:\Users\DEVDUL\Documents\DEVELOPMENT\conferences\module-federation-demo\packages\home\src\components\ui\dialog.tsx">
        <metrics statements="10" coveredstatements="0" conditionals="6" coveredconditionals="0" methods="10" coveredmethods="0"/>
        <line num="9" count="0" type="stmt"/>
        <line num="13" count="0" type="stmt"/>
        <line num="17" count="0" type="stmt"/>
        <line num="21" count="0" type="stmt"/>
        <line num="28" count="0" type="stmt"/>
        <line num="48" count="0" type="stmt"/>
        <line num="82" count="0" type="stmt"/>
        <line num="99" count="0" type="stmt"/>
        <line num="119" count="0" type="stmt"/>
        <line num="132" count="0" type="stmt"/>
      </file>
      <file name="drawer.tsx" path="C:\Users\DEVDUL\Documents\DEVELOPMENT\conferences\module-federation-demo\packages\home\src\components\ui\drawer.tsx">
        <metrics statements="21" coveredstatements="0" conditionals="19" coveredconditionals="0" methods="13" coveredmethods="0"/>
        <line num="13" count="0" type="stmt"/>
        <line num="16" count="0" type="stmt"/>
        <line num="18" count="0" type="cond" truecount="0" falsecount="2"/>
        <line num="19" count="0" type="stmt"/>
        <line num="22" count="0" type="stmt"/>
        <line num="34" count="0" type="cond" truecount="0" falsecount="2"/>
        <line num="35" count="0" type="stmt"/>
        <line num="36" count="0" type="stmt"/>
        <line num="40" count="0" type="stmt"/>
        <line num="54" count="0" type="stmt"/>
        <line num="58" count="0" type="stmt"/>
        <line num="62" count="0" type="stmt"/>
        <line num="69" count="0" type="stmt"/>
        <line num="85" count="0" type="stmt"/>
        <line num="103" count="0" type="stmt"/>
        <line num="105" count="0" type="cond" truecount="0" falsecount="4"/>
        <line num="107" count="0" type="stmt"/>
        <line num="166" count="0" type="stmt"/>
        <line num="179" count="0" type="stmt"/>
        <line num="189" count="0" type="stmt"/>
        <line num="205" count="0" type="stmt"/>
      </file>
      <file name="dropdown-menu.tsx" path="C:\Users\DEVDUL\Documents\DEVELOPMENT\conferences\module-federation-demo\packages\home\src\components\ui\dropdown-menu.tsx">
        <metrics statements="16" coveredstatements="0" conditionals="9" coveredconditionals="0" methods="15" coveredmethods="0"/>
        <line num="1" count="0" type="stmt"/>
        <line num="10" count="0" type="stmt"/>
        <line num="14" count="0" type="stmt"/>
        <line num="18" count="0" type="stmt"/>
        <line num="33" count="0" type="stmt"/>
        <line num="53" count="0" type="stmt"/>
        <line num="63" count="0" type="stmt"/>
        <line num="85" count="0" type="stmt"/>
        <line num="100" count="0" type="stmt"/>
        <line num="111" count="0" type="stmt"/>
        <line num="135" count="0" type="stmt"/>
        <line num="157" count="0" type="stmt"/>
        <line num="183" count="0" type="stmt"/>
        <line num="199" count="0" type="stmt"/>
        <line num="227" count="0" type="stmt"/>
        <line num="240" count="0" type="stmt"/>
      </file>
      <file name="empty.tsx" path="C:\Users\DEVDUL\Documents\DEVELOPMENT\conferences\module-federation-demo\packages\home\src\components\ui\empty.tsx">
        <metrics statements="7" coveredstatements="0" conditionals="1" coveredconditionals="0" methods="6" coveredmethods="0"/>
        <line num="6" count="0" type="stmt"/>
        <line num="19" count="0" type="stmt"/>
        <line num="28" count="0" type="stmt"/>
        <line num="48" count="0" type="stmt"/>
        <line num="59" count="0" type="stmt"/>
        <line num="69" count="0" type="stmt"/>
        <line num="82" count="0" type="stmt"/>
      </file>
      <file name="field.tsx" path="C:\Users\DEVDUL\Documents\DEVELOPMENT\conferences\module-federation-demo\packages\home\src\components\ui\field.tsx">
        <metrics statements="25" coveredstatements="0" conditionals="14" coveredconditionals="0" methods="13" coveredmethods="0"/>
        <line num="1" count="0" type="stmt"/>
        <line num="11" count="0" type="stmt"/>
        <line num="28" count="0" type="stmt"/>
        <line num="42" count="0" type="stmt"/>
        <line num="54" count="0" type="stmt"/>
        <line num="77" count="0" type="stmt"/>
        <line num="89" count="0" type="stmt"/>
        <line num="105" count="0" type="stmt"/>
        <line num="119" count="0" type="stmt"/>
        <line num="132" count="0" type="stmt"/>
        <line num="153" count="0" type="stmt"/>
        <line num="184" count="0" type="stmt"/>
        <line num="185" count="0" type="cond" truecount="0" falsecount="2"/>
        <line num="186" count="0" type="stmt"/>
        <line num="189" count="0" type="cond" truecount="0" falsecount="2"/>
        <line num="190" count="0" type="stmt"/>
        <line num="193" count="0" type="stmt"/>
        <line num="194" count="0" type="stmt"/>
        <line num="197" count="0" type="cond" truecount="0" falsecount="2"/>
        <line num="198" count="0" type="stmt"/>
        <line num="201" count="0" type="stmt"/>
        <line num="205" count="0" type="cond" truecount="0" falsecount="2"/>
        <line num="211" count="0" type="cond" truecount="0" falsecount="2"/>
        <line num="212" count="0" type="stmt"/>
        <line num="215" count="0" type="stmt"/>
      </file>
      <file name="hover-card.tsx" path="C:\Users\DEVDUL\Documents\DEVELOPMENT\conferences\module-federation-demo\packages\home\src\components\ui\hover-card.tsx">
        <metrics statements="4" coveredstatements="0" conditionals="4" coveredconditionals="0" methods="3" coveredmethods="0"/>
        <line num="1" count="0" type="stmt"/>
        <line num="8" count="0" type="stmt"/>
        <line num="12" count="0" type="stmt"/>
        <line num="29" count="0" type="stmt"/>
      </file>
      <file name="input-group.tsx" path="C:\Users\DEVDUL\Documents\DEVELOPMENT\conferences\module-federation-demo\packages\home\src\components\ui\input-group.tsx">
        <metrics statements="11" coveredstatements="0" conditionals="6" coveredconditionals="0" methods="7" coveredmethods="0"/>
        <line num="10" count="0" type="stmt"/>
        <line num="23" count="0" type="stmt"/>
        <line num="49" count="0" type="stmt"/>
        <line num="56" count="0" type="cond" truecount="0" falsecount="2"/>
        <line num="57" count="0" type="stmt"/>
        <line num="59" count="0" type="stmt"/>
        <line num="66" count="0" type="stmt"/>
        <line num="93" count="0" type="stmt"/>
        <line num="105" count="0" type="stmt"/>
        <line num="120" count="0" type="stmt"/>
        <line num="136" count="0" type="stmt"/>
      </file>
      <file name="input-otp.tsx" path="C:\Users\DEVDUL\Documents\DEVELOPMENT\conferences\module-federation-demo\packages\home\src\components\ui\input-otp.tsx">
        <metrics statements="6" coveredstatements="0" conditionals="4" coveredconditionals="0" methods="4" coveredmethods="0"/>
        <line num="14" count="0" type="stmt"/>
        <line num="29" count="0" type="stmt"/>
        <line num="48" count="0" type="stmt"/>
        <line num="49" count="0" type="cond" truecount="0" falsecount="2"/>
        <line num="51" count="0" type="stmt"/>
        <line num="72" count="0" type="stmt"/>
      </file>
      <file name="input.tsx" path="C:\Users\DEVDUL\Documents\DEVELOPMENT\conferences\module-federation-demo\packages\home\src\components\ui\input.tsx">
        <metrics statements="1" coveredstatements="0" conditionals="0" coveredconditionals="0" methods="1" coveredmethods="0"/>
        <line num="7" count="0" type="stmt"/>
      </file>
      <file name="item.tsx" path="C:\Users\DEVDUL\Documents\DEVELOPMENT\conferences\module-federation-demo\packages\home\src\components\ui\item.tsx">
        <metrics statements="12" coveredstatements="0" conditionals="3" coveredconditionals="0" methods="10" coveredmethods="0"/>
        <line num="10" count="0" type="stmt"/>
        <line num="27" count="0" type="stmt"/>
        <line num="37" count="0" type="stmt"/>
        <line num="66" count="0" type="stmt"/>
        <line num="83" count="0" type="stmt"/>
        <line num="105" count="0" type="stmt"/>
        <line num="116" count="0" type="stmt"/>
        <line num="129" count="0" type="stmt"/>
        <line num="142" count="0" type="stmt"/>
        <line num="155" count="0" type="stmt"/>
        <line num="165" count="0" type="stmt"/>
        <line num="178" count="0" type="stmt"/>
      </file>
      <file name="kbd.tsx" path="C:\Users\DEVDUL\Documents\DEVELOPMENT\conferences\module-federation-demo\packages\home\src\components\ui\kbd.tsx">
        <metrics statements="2" coveredstatements="0" conditionals="0" coveredconditionals="0" methods="2" coveredmethods="0"/>
        <line num="4" count="0" type="stmt"/>
        <line num="17" count="0" type="stmt"/>
      </file>
      <file name="label.tsx" path="C:\Users\DEVDUL\Documents\DEVELOPMENT\conferences\module-federation-demo\packages\home\src\components\ui\label.tsx">
        <metrics statements="1" coveredstatements="0" conditionals="0" coveredconditionals="0" methods="1" coveredmethods="0"/>
        <line num="6" count="0" type="stmt"/>
      </file>
      <file name="menubar.tsx" path="C:\Users\DEVDUL\Documents\DEVELOPMENT\conferences\module-federation-demo\packages\home\src\components\ui\menubar.tsx">
        <metrics statements="16" coveredstatements="0" conditionals="4" coveredconditionals="0" methods="16" coveredmethods="0"/>
        <line num="24" count="0" type="stmt"/>
        <line num="37" count="0" type="stmt"/>
        <line num="43" count="0" type="stmt"/>
        <line num="49" count="0" type="stmt"/>
        <line num="56" count="0" type="stmt"/>
        <line num="75" count="0" type="stmt"/>
        <line num="93" count="0" type="stmt"/>
        <line num="116" count="0" type="stmt"/>
        <line num="141" count="0" type="stmt"/>
        <line num="152" count="0" type="stmt"/>
        <line num="180" count="0" type="stmt"/>
        <line num="194" count="0" type="stmt"/>
        <line num="207" count="0" type="stmt"/>
        <line num="222" count="0" type="stmt"/>
        <line num="232" count="0" type="stmt"/>
        <line num="249" count="0" type="stmt"/>
      </file>
      <file name="navigation-menu.tsx" path="C:\Users\DEVDUL\Documents\DEVELOPMENT\conferences\module-federation-demo\packages\home\src\components\ui\navigation-menu.tsx">
        <metrics statements="9" coveredstatements="0" conditionals="5" coveredconditionals="0" methods="8" coveredmethods="0"/>
        <line num="14" count="0" type="stmt"/>
        <line num="33" count="0" type="stmt"/>
        <line num="49" count="0" type="stmt"/>
        <line num="58" count="0" type="stmt"/>
        <line num="67" count="0" type="stmt"/>
        <line num="83" count="0" type="stmt"/>
        <line num="103" count="0" type="stmt"/>
        <line num="128" count="0" type="stmt"/>
        <line num="144" count="0" type="stmt"/>
      </file>
      <file name="pagination.tsx" path="C:\Users\DEVDUL\Documents\DEVELOPMENT\conferences\module-federation-demo\packages\home\src\components\ui\pagination.tsx">
        <metrics statements="7" coveredstatements="0" conditionals="7" coveredconditionals="0" methods="7" coveredmethods="0"/>
        <line num="8" count="0" type="stmt"/>
        <line num="23" count="0" type="stmt"/>
        <line num="33" count="0" type="stmt"/>
        <line num="47" count="0" type="stmt"/>
        <line num="70" count="0" type="stmt"/>
        <line num="88" count="0" type="stmt"/>
        <line num="105" count="0" type="stmt"/>
      </file>
      <file name="popover.tsx" path="C:\Users\DEVDUL\Documents\DEVELOPMENT\conferences\module-federation-demo\packages\home\src\components\ui\popover.tsx">
        <metrics statements="7" coveredstatements="0" conditionals="4" coveredconditionals="0" methods="6" coveredmethods="0"/>
        <line num="1" count="0" type="stmt"/>
        <line num="9" count="0" type="stmt"/>
        <line num="13" count="0" type="stmt"/>
        <line num="28" count="0" type="stmt"/>
        <line num="51" count="0" type="stmt"/>
        <line num="61" count="0" type="stmt"/>
        <line num="74" count="0" type="stmt"/>
      </file>
      <file name="progress.tsx" path="C:\Users\DEVDUL\Documents\DEVELOPMENT\conferences\module-federation-demo\packages\home\src\components\ui\progress.tsx">
        <metrics statements="5" coveredstatements="0" conditionals="0" coveredconditionals="0" methods="5" coveredmethods="0"/>
        <line num="11" count="0" type="stmt"/>
        <line num="27" count="0" type="stmt"/>
        <line num="43" count="0" type="stmt"/>
        <line num="53" count="0" type="stmt"/>
        <line num="63" count="0" type="stmt"/>
      </file>
      <file name="radio-group.tsx" path="C:\Users\DEVDUL\Documents\DEVELOPMENT\conferences\module-federation-demo\packages\home\src\components\ui\radio-group.tsx">
        <metrics statements="2" coveredstatements="0" conditionals="0" coveredconditionals="0" methods="2" coveredmethods="0"/>
        <line num="7" count="0" type="stmt"/>
        <line num="17" count="0" type="stmt"/>
      </file>
      <file name="resizable.tsx" path="C:\Users\DEVDUL\Documents\DEVELOPMENT\conferences\module-federation-demo\packages\home\src\components\ui\resizable.tsx">
        <metrics statements="4" coveredstatements="0" conditionals="2" coveredconditionals="0" methods="3" coveredmethods="0"/>
        <line num="1" count="0" type="stmt"/>
        <line num="11" count="0" type="stmt"/>
        <line num="24" count="0" type="stmt"/>
        <line num="34" count="0" type="stmt"/>
      </file>
      <file name="scroll-area.tsx" path="C:\Users\DEVDUL\Documents\DEVELOPMENT\conferences\module-federation-demo\packages\home\src\components\ui\scroll-area.tsx">
        <metrics statements="3" coveredstatements="0" conditionals="1" coveredconditionals="0" methods="2" coveredmethods="0"/>
        <line num="1" count="0" type="stmt"/>
        <line num="12" count="0" type="stmt"/>
        <line num="35" count="0" type="stmt"/>
      </file>
      <file name="select.tsx" path="C:\Users\DEVDUL\Documents\DEVELOPMENT\conferences\module-federation-demo\packages\home\src\components\ui\select.tsx">
        <metrics statements="11" coveredstatements="0" conditionals="6" coveredconditionals="0" methods="9" coveredmethods="0"/>
        <line num="1" count="0" type="stmt"/>
        <line num="9" count="0" type="stmt"/>
        <line num="12" count="0" type="stmt"/>
        <line num="22" count="0" type="stmt"/>
        <line num="39" count="0" type="stmt"/>
        <line num="73" count="0" type="stmt"/>
        <line num="102" count="0" type="stmt"/>
        <line num="116" count="0" type="stmt"/>
        <line num="143" count="0" type="stmt"/>
        <line num="156" count="0" type="stmt"/>
        <line num="175" count="0" type="stmt"/>
      </file>
      <file name="separator.tsx" path="C:\Users\DEVDUL\Documents\DEVELOPMENT\conferences\module-federation-demo\packages\home\src\components\ui\separator.tsx">
        <metrics statements="2" coveredstatements="0" conditionals="1" coveredconditionals="0" methods="1" coveredmethods="0"/>
        <line num="1" count="0" type="stmt"/>
        <line num="12" count="0" type="stmt"/>
      </file>
      <file name="sheet.tsx" path="C:\Users\DEVDUL\Documents\DEVELOPMENT\conferences\module-federation-demo\packages\home\src\components\ui\sheet.tsx">
        <metrics statements="11" coveredstatements="0" conditionals="4" coveredconditionals="0" methods="10" coveredmethods="0"/>
        <line num="1" count="0" type="stmt"/>
        <line num="11" count="0" type="stmt"/>
        <line num="15" count="0" type="stmt"/>
        <line num="19" count="0" type="stmt"/>
        <line num="23" count="0" type="stmt"/>
        <line num="27" count="0" type="stmt"/>
        <line num="49" count="0" type="stmt"/>
        <line num="84" count="0" type="stmt"/>
        <line num="94" count="0" type="stmt"/>
        <line num="104" count="0" type="stmt"/>
        <line num="120" count="0" type="stmt"/>
      </file>
      <file name="skeleton.tsx" path="C:\Users\DEVDUL\Documents\DEVELOPMENT\conferences\module-federation-demo\packages\home\src\components\ui\skeleton.tsx">
        <metrics statements="1" coveredstatements="0" conditionals="0" coveredconditionals="0" methods="1" coveredmethods="0"/>
        <line num="4" count="0" type="stmt"/>
      </file>
      <file name="slider.tsx" path="C:\Users\DEVDUL\Documents\DEVELOPMENT\conferences\module-federation-demo\packages\home\src\components\ui\slider.tsx">
        <metrics statements="3" coveredstatements="0" conditionals="6" coveredconditionals="0" methods="2" coveredmethods="0"/>
        <line num="13" count="0" type="cond" truecount="0" falsecount="2"/>
        <line num="19" count="0" type="stmt"/>
        <line num="41" count="0" type="stmt"/>
      </file>
      <file name="sonner.tsx" path="C:\Users\DEVDUL\Documents\DEVELOPMENT\conferences\module-federation-demo\packages\home\src\components\ui\sonner.tsx">
        <metrics statements="3" coveredstatements="0" conditionals="3" coveredconditionals="0" methods="1" coveredmethods="0"/>
        <line num="5" count="0" type="stmt"/>
        <line num="6" count="0" type="cond" truecount="0" falsecount="1"/>
        <line num="8" count="0" type="stmt"/>
      </file>
      <file name="spinner.tsx" path="C:\Users\DEVDUL\Documents\DEVELOPMENT\conferences\module-federation-demo\packages\home\src\components\ui\spinner.tsx">
        <metrics statements="1" coveredstatements="0" conditionals="0" coveredconditionals="0" methods="1" coveredmethods="0"/>
        <line num="5" count="0" type="stmt"/>
      </file>
      <file name="switch.tsx" path="C:\Users\DEVDUL\Documents\DEVELOPMENT\conferences\module-federation-demo\packages\home\src\components\ui\switch.tsx">
        <metrics statements="2" coveredstatements="0" conditionals="1" coveredconditionals="0" methods="1" coveredmethods="0"/>
        <line num="1" count="0" type="stmt"/>
        <line num="14" count="0" type="stmt"/>
      </file>
      <file name="table.tsx" path="C:\Users\DEVDUL\Documents\DEVELOPMENT\conferences\module-federation-demo\packages\home\src\components\ui\table.tsx">
        <metrics statements="9" coveredstatements="0" conditionals="0" coveredconditionals="0" methods="8" coveredmethods="0"/>
        <line num="1" count="0" type="stmt"/>
        <line num="8" count="0" type="stmt"/>
        <line num="23" count="0" type="stmt"/>
        <line num="33" count="0" type="stmt"/>
        <line num="43" count="0" type="stmt"/>
        <line num="56" count="0" type="stmt"/>
        <line num="69" count="0" type="stmt"/>
        <line num="82" count="0" type="stmt"/>
        <line num="98" count="0" type="stmt"/>
      </file>
      <file name="tabs.tsx" path="C:\Users\DEVDUL\Documents\DEVELOPMENT\conferences\module-federation-demo\packages\home\src\components\ui\tabs.tsx">
        <metrics statements="5" coveredstatements="0" conditionals="2" coveredconditionals="0" methods="4" coveredmethods="0"/>
        <line num="11" count="0" type="stmt"/>
        <line num="24" count="0" type="stmt"/>
        <line num="44" count="0" type="stmt"/>
        <line num="55" count="0" type="stmt"/>
        <line num="71" count="0" type="stmt"/>
      </file>
      <file name="textarea.tsx" path="C:\Users\DEVDUL\Documents\DEVELOPMENT\conferences\module-federation-demo\packages\home\src\components\ui\textarea.tsx">
        <metrics statements="1" coveredstatements="0" conditionals="0" coveredconditionals="0" methods="1" coveredmethods="0"/>
        <line num="6" count="0" type="stmt"/>
      </file>
      <file name="toast.tsx" path="C:\Users\DEVDUL\Documents\DEVELOPMENT\conferences\module-federation-demo\packages\home\src\components\ui\toast.tsx">
        <metrics statements="30" coveredstatements="0" conditionals="17" coveredconditionals="0" methods="13" coveredmethods="0"/>
        <line num="8" count="0" type="stmt"/>
        <line num="11" count="0" type="stmt"/>
        <line num="15" count="0" type="stmt"/>
        <line num="19" count="0" type="stmt"/>
        <line num="32" count="0" type="stmt"/>
        <line num="59" count="0" type="stmt"/>
        <line num="72" count="0" type="stmt"/>
        <line num="85" count="0" type="stmt"/>
        <line num="99" count="0" type="stmt"/>
        <line num="115" count="0" type="stmt"/>
        <line num="134" count="0" type="stmt"/>
        <line num="136" count="0" type="cond" truecount="0" falsecount="2"/>
        <line num="137" count="0" type="stmt"/>
        <line num="142" count="0" type="cond" truecount="0" falsecount="2"/>
        <line num="143" count="0" type="stmt"/>
        <line num="148" count="0" type="cond" truecount="0" falsecount="2"/>
        <line num="149" count="0" type="stmt"/>
        <line num="154" count="0" type="cond" truecount="0" falsecount="2"/>
        <line num="155" count="0" type="stmt"/>
        <line num="160" count="0" type="cond" truecount="0" falsecount="2"/>
        <line num="161" count="0" type="stmt"/>
        <line num="166" count="0" type="cond" truecount="0" falsecount="2"/>
        <line num="167" count="0" type="stmt"/>
        <line num="170" count="0" type="stmt"/>
        <line num="181" count="0" type="stmt"/>
        <line num="183" count="0" type="stmt"/>
        <line num="184" count="0" type="stmt"/>
        <line num="203" count="0" type="stmt"/>
        <line num="215" count="0" type="stmt"/>
        <line num="216" count="0" type="stmt"/>
      </file>
      <file name="toggle-group.tsx" path="C:\Users\DEVDUL\Documents\DEVELOPMENT\conferences\module-federation-demo\packages\home\src\components\ui\toggle-group.tsx">
        <metrics statements="4" coveredstatements="0" conditionals="12" coveredconditionals="0" methods="2" coveredmethods="0"/>
        <line num="9" count="0" type="stmt"/>
        <line num="34" count="0" type="stmt"/>
        <line num="64" count="0" type="stmt"/>
        <line num="66" count="0" type="stmt"/>
      </file>
      <file name="toggle.tsx" path="C:\Users\DEVDUL\Documents\DEVELOPMENT\conferences\module-federation-demo\packages\home\src\components\ui\toggle.tsx">
        <metrics statements="3" coveredstatements="0" conditionals="2" coveredconditionals="0" methods="1" coveredmethods="0"/>
        <line num="1" count="0" type="stmt"/>
        <line num="8" count="0" type="stmt"/>
        <line num="36" count="0" type="stmt"/>
      </file>
      <file name="tooltip.tsx" path="C:\Users\DEVDUL\Documents\DEVELOPMENT\conferences\module-federation-demo\packages\home\src\components\ui\tooltip.tsx">
        <metrics statements="4" coveredstatements="0" conditionals="5" coveredconditionals="0" methods="4" coveredmethods="0"/>
        <line num="9" count="0" type="stmt"/>
        <line num="19" count="0" type="stmt"/>
        <line num="23" count="0" type="stmt"/>
        <line num="39" count="0" type="stmt"/>
      </file>
    </package>
    <package name="home.src.lib">
      <metrics statements="18" coveredstatements="14" conditionals="6" coveredconditionals="2" methods="8" coveredmethods="6"/>
      <file name="theme.ts" path="C:\Users\DEVDUL\Documents\DEVELOPMENT\conferences\module-federation-demo\packages\home\src\lib\theme.ts">
        <metrics statements="17" coveredstatements="14" conditionals="6" coveredconditionals="2" methods="7" coveredmethods="6"/>
        <line num="5" count="1" type="stmt"/>
        <line num="7" count="1" type="stmt"/>
        <line num="13" count="1" type="cond" truecount="1" falsecount="1"/>
        <line num="17" count="1" type="stmt"/>
        <line num="18" count="1" type="stmt"/>
        <line num="19" count="1" type="cond" truecount="1" falsecount="1"/>
        <line num="20" count="1" type="stmt"/>
        <line num="23" count="0" type="stmt"/>
        <line num="24" count="1" type="cond" truecount="0" falsecount="2"/>
        <line num="26" count="0" type="stmt"/>
        <line num="31" count="1" type="stmt"/>
        <line num="33" count="1" type="stmt"/>
        <line num="34" count="1" type="stmt"/>
        <line num="35" count="0" type="stmt"/>
        <line num="38" count="1" type="stmt"/>
        <line num="39" count="1" type="stmt"/>
        <line num="42" count="1" type="stmt"/>
      </file>
      <file name="utils.ts" path="C:\Users\DEVDUL\Documents\DEVELOPMENT\conferences\module-federation-demo\packages\home\src\lib\utils.ts">
        <metrics statements="1" coveredstatements="0" conditionals="0" coveredconditionals="0" methods="1" coveredmethods="0"/>
        <line num="6" count="0" type="stmt"/>
      </file>
    </package>
    <package name="prescriptions.src">
      <metrics statements="64" coveredstatements="62" conditionals="20" coveredconditionals="19" methods="34" coveredmethods="33"/>
      <file name="PrescriptionOrders.tsx" path="C:\Users\DEVDUL\Documents\DEVELOPMENT\conferences\module-federation-demo\packages\prescriptions\src\PrescriptionOrders.tsx">
        <metrics statements="43" coveredstatements="43" conditionals="14" coveredconditionals="14" methods="24" coveredmethods="24"/>
        <line num="7" count="3" type="stmt"/>
        <line num="13" count="45" type="stmt"/>
        <line num="36" count="1" type="stmt"/>
        <line num="47" count="1" type="stmt"/>
        <line num="64" count="5" type="stmt"/>
        <line num="73" count="3" type="stmt"/>
        <line num="76" count="3" type="stmt"/>
        <line num="77" count="2" type="stmt"/>
        <line num="98" count="3" type="stmt"/>
        <line num="101" count="3" type="stmt"/>
        <line num="106" count="26" type="stmt"/>
        <line num="151" count="3" type="stmt"/>
        <line num="155" count="28" type="stmt"/>
        <line num="159" count="28" type="stmt"/>
        <line num="162" count="28" type="stmt"/>
        <line num="163" count="19" type="stmt"/>
        <line num="164" count="2" type="stmt"/>
        <line num="165" count="2" type="stmt"/>
        <line num="166" count="4" type="stmt"/>
        <line num="167" count="2" type="cond" truecount="2" falsecount="0"/>
        <line num="168" count="1" type="stmt"/>
        <line num="169" count="2" type="cond" truecount="2" falsecount="0"/>
        <line num="174" count="1" type="stmt"/>
        <line num="177" count="19" type="stmt"/>
        <line num="178" count="19" type="stmt"/>
        <line num="181" count="28" type="stmt"/>
        <line num="182" count="2" type="stmt"/>
        <line num="183" count="2" type="stmt"/>
        <line num="184" count="4" type="cond" truecount="2" falsecount="0"/>
        <line num="191" count="28" type="stmt"/>
        <line num="192" count="8" type="stmt"/>
        <line num="195" count="28" type="stmt"/>
        <line num="196" count="1" type="stmt"/>
        <line num="203" count="28" type="stmt"/>
        <line num="204" count="1" type="stmt"/>
        <line num="211" count="28" type="stmt"/>
        <line num="212" count="28" type="stmt"/>
        <line num="213" count="50" type="stmt"/>
        <line num="216" count="28" type="stmt"/>
        <line num="219" count="28" type="stmt"/>
        <line num="264" count="50" type="stmt"/>
        <line num="289" count="3" type="stmt"/>
        <line num="291" count="3" type="stmt"/>
      </file>
      <file name="StreamingPrescriptionOrders.tsx" path="C:\Users\DEVDUL\Documents\DEVELOPMENT\conferences\module-federation-demo\packages\prescriptions\src\StreamingPrescriptionOrders.tsx">
        <metrics statements="21" coveredstatements="19" conditionals="6" coveredconditionals="5" methods="10" coveredmethods="9"/>
        <line num="3" count="11" type="stmt"/>
        <line num="10" count="11" type="stmt"/>
        <line num="12" count="11" type="stmt"/>
        <line num="14" count="2" type="stmt"/>
        <line num="15" count="2" type="stmt"/>
        <line num="18" count="0" type="stmt"/>
        <line num="19" count="0" type="stmt"/>
        <line num="23" count="11" type="stmt"/>
        <line num="25" count="29" type="cond" truecount="2" falsecount="0"/>
        <line num="26" count="2" type="cond" truecount="1" falsecount="1"/>
        <line num="27" count="2" type="stmt"/>
        <line num="32" count="2" type="stmt"/>
        <line num="35" count="26" type="stmt"/>
        <line num="39" count="29" type="cond" truecount="2" falsecount="0"/>
        <line num="40" count="11" type="stmt"/>
        <line num="42" count="29" type="stmt"/>
        <line num="45" count="2" type="stmt"/>
        <line num="47" count="29" type="stmt"/>
        <line num="48" count="29" type="stmt"/>
        <line num="49" count="29" type="stmt"/>
        <line num="52" count="2" type="stmt"/>
      </file>
    </package>
    <package name="prescriptions.src.components.ui">
      <metrics statements="321" coveredstatements="0" conditionals="162" coveredconditionals="0" methods="248" coveredmethods="0"/>
      <file name="alert-dialog.tsx" path="C:\Users\DEVDUL\Documents\DEVELOPMENT\conferences\module-federation-demo\packages\prescriptions\src\components\ui\alert-dialog.tsx">
        <metrics statements="13" coveredstatements="0" conditionals="3" coveredconditionals="0" methods="12" coveredmethods="0"/>
        <line num="1" count="0" type="stmt"/>
        <line num="10" count="0" type="stmt"/>
        <line num="14" count="0" type="stmt"/>
        <line num="20" count="0" type="stmt"/>
        <line num="29" count="0" type="stmt"/>
        <line num="48" count="0" type="stmt"/>
        <line num="68" count="0" type="stmt"/>
        <line num="84" count="0" type="stmt"/>
        <line num="100" count="0" type="stmt"/>
        <line num="116" count="0" type="stmt"/>
        <line num="132" count="0" type="stmt"/>
        <line num="148" count="0" type="stmt"/>
        <line num="164" count="0" type="stmt"/>
      </file>
      <file name="alert.tsx" path="C:\Users\DEVDUL\Documents\DEVELOPMENT\conferences\module-federation-demo\packages\prescriptions\src\components\ui\alert.tsx">
        <metrics statements="5" coveredstatements="0" conditionals="0" coveredconditionals="0" methods="4" coveredmethods="0"/>
        <line num="6" count="0" type="stmt"/>
        <line num="27" count="0" type="stmt"/>
        <line num="38" count="0" type="stmt"/>
        <line num="54" count="0" type="stmt"/>
        <line num="67" count="0" type="stmt"/>
      </file>
      <file name="aspect-ratio.tsx" path="C:\Users\DEVDUL\Documents\DEVELOPMENT\conferences\module-federation-demo\packages\prescriptions\src\components\ui\aspect-ratio.tsx">
        <metrics statements="1" coveredstatements="0" conditionals="0" coveredconditionals="0" methods="1" coveredmethods="0"/>
        <line num="8" count="0" type="stmt"/>
      </file>
      <file name="avatar.tsx" path="C:\Users\DEVDUL\Documents\DEVELOPMENT\conferences\module-federation-demo\packages\prescriptions\src\components\ui\avatar.tsx">
        <metrics statements="6" coveredstatements="0" conditionals="1" coveredconditionals="0" methods="6" coveredmethods="0"/>
        <line num="13" count="0" type="stmt"/>
        <line num="27" count="0" type="stmt"/>
        <line num="43" count="0" type="stmt"/>
        <line num="56" count="0" type="stmt"/>
        <line num="72" count="0" type="stmt"/>
        <line num="88" count="0" type="stmt"/>
      </file>
      <file name="badge.tsx" path="C:\Users\DEVDUL\Documents\DEVELOPMENT\conferences\module-federation-demo\packages\prescriptions\src\components\ui\badge.tsx">
        <metrics statements="2" coveredstatements="0" conditionals="1" coveredconditionals="0" methods="1" coveredmethods="0"/>
        <line num="7" count="0" type="stmt"/>
        <line num="36" count="0" type="stmt"/>
      </file>
      <file name="breadcrumb.tsx" path="C:\Users\DEVDUL\Documents\DEVELOPMENT\conferences\module-federation-demo\packages\prescriptions\src\components\ui\breadcrumb.tsx">
        <metrics statements="7" coveredstatements="0" conditionals="2" coveredconditionals="0" methods="7" coveredmethods="0"/>
        <line num="9" count="0" type="stmt"/>
        <line num="20" count="0" type="stmt"/>
        <line num="33" count="0" type="stmt"/>
        <line num="47" count="0" type="stmt"/>
        <line num="63" count="0" type="stmt"/>
        <line num="80" count="0" type="stmt"/>
        <line num="99" count="0" type="stmt"/>
      </file>
      <file name="button-group.tsx" path="C:\Users\DEVDUL\Documents\DEVELOPMENT\conferences\module-federation-demo\packages\prescriptions\src\components\ui\button-group.tsx">
        <metrics statements="4" coveredstatements="0" conditionals="1" coveredconditionals="0" methods="3" coveredmethods="0"/>
        <line num="8" count="0" type="stmt"/>
        <line num="30" count="0" type="stmt"/>
        <line num="46" count="0" type="stmt"/>
        <line num="69" count="0" type="stmt"/>
      </file>
      <file name="button.tsx" path="C:\Users\DEVDUL\Documents\DEVELOPMENT\conferences\module-federation-demo\packages\prescriptions\src\components\ui\button.tsx">
        <metrics statements="2" coveredstatements="0" conditionals="2" coveredconditionals="0" methods="1" coveredmethods="0"/>
        <line num="6" count="0" type="stmt"/>
        <line num="47" count="0" type="stmt"/>
      </file>
      <file name="card.tsx" path="C:\Users\DEVDUL\Documents\DEVELOPMENT\conferences\module-federation-demo\packages\prescriptions\src\components\ui\card.tsx">
        <metrics statements="7" coveredstatements="0" conditionals="1" coveredconditionals="0" methods="7" coveredmethods="0"/>
        <line num="10" count="0" type="stmt"/>
        <line num="24" count="0" type="stmt"/>
        <line num="37" count="0" type="stmt"/>
        <line num="50" count="0" type="stmt"/>
        <line num="60" count="0" type="stmt"/>
        <line num="73" count="0" type="stmt"/>
        <line num="83" count="0" type="stmt"/>
      </file>
      <file name="checkbox.tsx" path="C:\Users\DEVDUL\Documents\DEVELOPMENT\conferences\module-federation-demo\packages\prescriptions\src\components\ui\checkbox.tsx">
        <metrics statements="2" coveredstatements="0" conditionals="0" coveredconditionals="0" methods="1" coveredmethods="0"/>
        <line num="1" count="0" type="stmt"/>
        <line num="9" count="0" type="stmt"/>
      </file>
      <file name="collapsible.tsx" path="C:\Users\DEVDUL\Documents\DEVELOPMENT\conferences\module-federation-demo\packages\prescriptions\src\components\ui\collapsible.tsx">
        <metrics statements="3" coveredstatements="0" conditionals="0" coveredconditionals="0" methods="3" coveredmethods="0"/>
        <line num="4" count="0" type="stmt"/>
        <line num="8" count="0" type="stmt"/>
        <line num="14" count="0" type="stmt"/>
      </file>
      <file name="command.tsx" path="C:\Users\DEVDUL\Documents\DEVELOPMENT\conferences\module-federation-demo\packages\prescriptions\src\components\ui\command.tsx">
[...]
        <line num="17" count="0" type="stmt"/>
      </file>
      <file name="label.tsx" path="C:\Users\DEVDUL\Documents\DEVELOPMENT\conferences\module-federation-demo\packages\shell\src\components\ui\label.tsx">
        <metrics statements="1" coveredstatements="0" conditionals="0" coveredconditionals="0" methods="1" coveredmethods="0"/>
        <line num="6" count="0" type="stmt"/>
      </file>
      <file name="menubar.tsx" path="C:\Users\DEVDUL\Documents\DEVELOPMENT\conferences\module-federation-demo\packages\shell\src\components\ui\menubar.tsx">
        <metrics statements="16" coveredstatements="0" conditionals="4" coveredconditionals="0" methods="16" coveredmethods="0"/>
        <line num="24" count="0" type="stmt"/>
        <line num="37" count="0" type="stmt"/>
        <line num="43" count="0" type="stmt"/>
        <line num="49" count="0" type="stmt"/>
        <line num="56" count="0" type="stmt"/>
        <line num="75" count="0" type="stmt"/>
        <line num="93" count="0" type="stmt"/>
        <line num="116" count="0" type="stmt"/>
        <line num="141" count="0" type="stmt"/>
        <line num="152" count="0" type="stmt"/>
        <line num="180" count="0" type="stmt"/>
        <line num="194" count="0" type="stmt"/>
        <line num="207" count="0" type="stmt"/>
        <line num="222" count="0" type="stmt"/>
        <line num="232" count="0" type="stmt"/>
        <line num="249" count="0" type="stmt"/>
      </file>
      <file name="navigation-menu.tsx" path="C:\Users\DEVDUL\Documents\DEVELOPMENT\conferences\module-federation-demo\packages\shell\src\components\ui\navigation-menu.tsx">
        <metrics statements="9" coveredstatements="0" conditionals="5" coveredconditionals="0" methods="8" coveredmethods="0"/>
        <line num="14" count="0" type="stmt"/>
        <line num="33" count="0" type="stmt"/>
        <line num="49" count="0" type="stmt"/>
        <line num="58" count="0" type="stmt"/>
        <line num="67" count="0" type="stmt"/>
        <line num="83" count="0" type="stmt"/>
        <line num="103" count="0" type="stmt"/>
        <line num="128" count="0" type="stmt"/>
        <line num="144" count="0" type="stmt"/>
      </file>
      <file name="pagination.tsx" path="C:\Users\DEVDUL\Documents\DEVELOPMENT\conferences\module-federation-demo\packages\shell\src\components\ui\pagination.tsx">
        <metrics statements="7" coveredstatements="0" conditionals="7" coveredconditionals="0" methods="7" coveredmethods="0"/>
        <line num="8" count="0" type="stmt"/>
        <line num="23" count="0" type="stmt"/>
        <line num="33" count="0" type="stmt"/>
        <line num="47" count="0" type="stmt"/>
        <line num="70" count="0" type="stmt"/>
        <line num="88" count="0" type="stmt"/>
        <line num="105" count="0" type="stmt"/>
      </file>
      <file name="popover.tsx" path="C:\Users\DEVDUL\Documents\DEVELOPMENT\conferences\module-federation-demo\packages\shell\src\components\ui\popover.tsx">
        <metrics statements="7" coveredstatements="0" conditionals="4" coveredconditionals="0" methods="6" coveredmethods="0"/>
        <line num="1" count="0" type="stmt"/>
        <line num="9" count="0" type="stmt"/>
        <line num="13" count="0" type="stmt"/>
        <line num="28" count="0" type="stmt"/>
        <line num="51" count="0" type="stmt"/>
        <line num="61" count="0" type="stmt"/>
        <line num="74" count="0" type="stmt"/>
      </file>
      <file name="progress.tsx" path="C:\Users\DEVDUL\Documents\DEVELOPMENT\conferences\module-federation-demo\packages\shell\src\components\ui\progress.tsx">
        <metrics statements="5" coveredstatements="0" conditionals="0" coveredconditionals="0" methods="5" coveredmethods="0"/>
        <line num="11" count="0" type="stmt"/>
        <line num="27" count="0" type="stmt"/>
        <line num="43" count="0" type="stmt"/>
        <line num="53" count="0" type="stmt"/>
        <line num="63" count="0" type="stmt"/>
      </file>
      <file name="radio-group.tsx" path="C:\Users\DEVDUL\Documents\DEVELOPMENT\conferences\module-federation-demo\packages\shell\src\components\ui\radio-group.tsx">
        <metrics statements="2" coveredstatements="0" conditionals="0" coveredconditionals="0" methods="2" coveredmethods="0"/>
        <line num="7" count="0" type="stmt"/>
        <line num="17" count="0" type="stmt"/>
      </file>
      <file name="resizable.tsx" path="C:\Users\DEVDUL\Documents\DEVELOPMENT\conferences\module-federation-demo\packages\shell\src\components\ui\resizable.tsx">
        <metrics statements="4" coveredstatements="0" conditionals="2" coveredconditionals="0" methods="3" coveredmethods="0"/>
        <line num="1" count="0" type="stmt"/>
        <line num="11" count="0" type="stmt"/>
        <line num="24" count="0" type="stmt"/>
        <line num="34" count="0" type="stmt"/>
      </file>
      <file name="scroll-area.tsx" path="C:\Users\DEVDUL\Documents\DEVELOPMENT\conferences\module-federation-demo\packages\shell\src\components\ui\scroll-area.tsx">
        <metrics statements="3" coveredstatements="0" conditionals="1" coveredconditionals="0" methods="2" coveredmethods="0"/>
        <line num="1" count="0" type="stmt"/>
        <line num="12" count="0" type="stmt"/>
        <line num="35" count="0" type="stmt"/>
      </file>
      <file name="select.tsx" path="C:\Users\DEVDUL\Documents\DEVELOPMENT\conferences\module-federation-demo\packages\shell\src\components\ui\select.tsx">
        <metrics statements="11" coveredstatements="0" conditionals="6" coveredconditionals="0" methods="9" coveredmethods="0"/>
        <line num="1" count="0" type="stmt"/>
        <line num="9" count="0" type="stmt"/>
        <line num="12" count="0" type="stmt"/>
        <line num="22" count="0" type="stmt"/>
        <line num="39" count="0" type="stmt"/>
        <line num="73" count="0" type="stmt"/>
        <line num="102" count="0" type="stmt"/>
        <line num="116" count="0" type="stmt"/>
        <line num="143" count="0" type="stmt"/>
        <line num="156" count="0" type="stmt"/>
        <line num="175" count="0" type="stmt"/>
      </file>
      <file name="separator.tsx" path="C:\Users\DEVDUL\Documents\DEVELOPMENT\conferences\module-federation-demo\packages\shell\src\components\ui\separator.tsx">
        <metrics statements="2" coveredstatements="0" conditionals="1" coveredconditionals="0" methods="1" coveredmethods="0"/>
        <line num="1" count="0" type="stmt"/>
        <line num="12" count="0" type="stmt"/>
      </file>
      <file name="sheet.tsx" path="C:\Users\DEVDUL\Documents\DEVELOPMENT\conferences\module-federation-demo\packages\shell\src\components\ui\sheet.tsx">
        <metrics statements="11" coveredstatements="0" conditionals="4" coveredconditionals="0" methods="10" coveredmethods="0"/>
        <line num="1" count="0" type="stmt"/>
        <line num="11" count="0" type="stmt"/>
        <line num="15" count="0" type="stmt"/>
        <line num="19" count="0" type="stmt"/>
        <line num="23" count="0" type="stmt"/>
        <line num="27" count="0" type="stmt"/>
        <line num="49" count="0" type="stmt"/>
        <line num="84" count="0" type="stmt"/>
        <line num="94" count="0" type="stmt"/>
        <line num="104" count="0" type="stmt"/>
        <line num="120" count="0" type="stmt"/>
      </file>
      <file name="skeleton.tsx" path="C:\Users\DEVDUL\Documents\DEVELOPMENT\conferences\module-federation-demo\packages\shell\src\components\ui\skeleton.tsx">
        <metrics statements="1" coveredstatements="0" conditionals="0" coveredconditionals="0" methods="1" coveredmethods="0"/>
        <line num="4" count="0" type="stmt"/>
      </file>
      <file name="slider.tsx" path="C:\Users\DEVDUL\Documents\DEVELOPMENT\conferences\module-federation-demo\packages\shell\src\components\ui\slider.tsx">
        <metrics statements="3" coveredstatements="0" conditionals="6" coveredconditionals="0" methods="2" coveredmethods="0"/>
        <line num="13" count="0" type="cond" truecount="0" falsecount="2"/>
        <line num="19" count="0" type="stmt"/>
        <line num="41" count="0" type="stmt"/>
      </file>
      <file name="sonner.tsx" path="C:\Users\DEVDUL\Documents\DEVELOPMENT\conferences\module-federation-demo\packages\shell\src\components\ui\sonner.tsx">
        <metrics statements="3" coveredstatements="0" conditionals="3" coveredconditionals="0" methods="1" coveredmethods="0"/>
        <line num="5" count="0" type="stmt"/>
        <line num="6" count="0" type="cond" truecount="0" falsecount="1"/>
        <line num="8" count="0" type="stmt"/>
      </file>
      <file name="spinner.tsx" path="C:\Users\DEVDUL\Documents\DEVELOPMENT\conferences\module-federation-demo\packages\shell\src\components\ui\spinner.tsx">
        <metrics statements="1" coveredstatements="0" conditionals="0" coveredconditionals="0" methods="1" coveredmethods="0"/>
        <line num="5" count="0" type="stmt"/>
      </file>
      <file name="switch.tsx" path="C:\Users\DEVDUL\Documents\DEVELOPMENT\conferences\module-federation-demo\packages\shell\src\components\ui\switch.tsx">
        <metrics statements="2" coveredstatements="0" conditionals="1" coveredconditionals="0" methods="1" coveredmethods="0"/>
        <line num="1" count="0" type="stmt"/>
        <line num="14" count="0" type="stmt"/>
      </file>
      <file name="table.tsx" path="C:\Users\DEVDUL\Documents\DEVELOPMENT\conferences\module-federation-demo\packages\shell\src\components\ui\table.tsx">
        <metrics statements="9" coveredstatements="0" conditionals="0" coveredconditionals="0" methods="8" coveredmethods="0"/>
        <line num="1" count="0" type="stmt"/>
        <line num="8" count="0" type="stmt"/>
        <line num="23" count="0" type="stmt"/>
        <line num="33" count="0" type="stmt"/>
        <line num="43" count="0" type="stmt"/>
        <line num="56" count="0" type="stmt"/>
        <line num="69" count="0" type="stmt"/>
        <line num="82" count="0" type="stmt"/>
        <line num="98" count="0" type="stmt"/>
      </file>
      <file name="tabs.tsx" path="C:\Users\DEVDUL\Documents\DEVELOPMENT\conferences\module-federation-demo\packages\shell\src\components\ui\tabs.tsx">
        <metrics statements="5" coveredstatements="0" conditionals="2" coveredconditionals="0" methods="4" coveredmethods="0"/>
        <line num="11" count="0" type="stmt"/>
        <line num="24" count="0" type="stmt"/>
        <line num="44" count="0" type="stmt"/>
        <line num="55" count="0" type="stmt"/>
        <line num="71" count="0" type="stmt"/>
      </file>
      <file name="textarea.tsx" path="C:\Users\DEVDUL\Documents\DEVELOPMENT\conferences\module-federation-demo\packages\shell\src\components\ui\textarea.tsx">
        <metrics statements="1" coveredstatements="0" conditionals="0" coveredconditionals="0" methods="1" coveredmethods="0"/>
        <line num="6" count="0" type="stmt"/>
      </file>
      <file name="toast.tsx" path="C:\Users\DEVDUL\Documents\DEVELOPMENT\conferences\module-federation-demo\packages\shell\src\components\ui\toast.tsx">
        <metrics statements="30" coveredstatements="0" conditionals="17" coveredconditionals="0" methods="13" coveredmethods="0"/>
        <line num="8" count="0" type="stmt"/>
        <line num="11" count="0" type="stmt"/>
        <line num="15" count="0" type="stmt"/>
        <line num="19" count="0" type="stmt"/>
        <line num="32" count="0" type="stmt"/>
        <line num="59" count="0" type="stmt"/>
        <line num="72" count="0" type="stmt"/>
        <line num="85" count="0" type="stmt"/>
        <line num="99" count="0" type="stmt"/>
        <line num="115" count="0" type="stmt"/>
        <line num="134" count="0" type="stmt"/>
        <line num="136" count="0" type="cond" truecount="0" falsecount="2"/>
        <line num="137" count="0" type="stmt"/>
        <line num="142" count="0" type="cond" truecount="0" falsecount="2"/>
        <line num="143" count="0" type="stmt"/>
        <line num="148" count="0" type="cond" truecount="0" falsecount="2"/>
        <line num="149" count="0" type="stmt"/>
        <line num="154" count="0" type="cond" truecount="0" falsecount="2"/>
        <line num="155" count="0" type="stmt"/>
        <line num="160" count="0" type="cond" truecount="0" falsecount="2"/>
        <line num="161" count="0" type="stmt"/>
        <line num="166" count="0" type="cond" truecount="0" falsecount="2"/>
        <line num="167" count="0" type="stmt"/>
        <line num="170" count="0" type="stmt"/>
        <line num="181" count="0" type="stmt"/>
        <line num="183" count="0" type="stmt"/>
        <line num="184" count="0" type="stmt"/>
        <line num="203" count="0" type="stmt"/>
        <line num="215" count="0" type="stmt"/>
        <line num="216" count="0" type="stmt"/>
      </file>
      <file name="toggle-group.tsx" path="C:\Users\DEVDUL\Documents\DEVELOPMENT\conferences\module-federation-demo\packages\shell\src\components\ui\toggle-group.tsx">
        <metrics statements="4" coveredstatements="0" conditionals="12" coveredconditionals="0" methods="2" coveredmethods="0"/>
        <line num="9" count="0" type="stmt"/>
        <line num="34" count="0" type="stmt"/>
        <line num="64" count="0" type="stmt"/>
        <line num="66" count="0" type="stmt"/>
      </file>
      <file name="toggle.tsx" path="C:\Users\DEVDUL\Documents\DEVELOPMENT\conferences\module-federation-demo\packages\shell\src\components\ui\toggle.tsx">
        <metrics statements="3" coveredstatements="0" conditionals="2" coveredconditionals="0" methods="1" coveredmethods="0"/>
        <line num="1" count="0" type="stmt"/>
        <line num="8" count="0" type="stmt"/>
        <line num="36" count="0" type="stmt"/>
      </file>
      <file name="tooltip.tsx" path="C:\Users\DEVDUL\Documents\DEVELOPMENT\conferences\module-federation-demo\packages\shell\src\components\ui\tooltip.tsx">
        <metrics statements="4" coveredstatements="0" conditionals="5" coveredconditionals="0" methods="4" coveredmethods="0"/>
        <line num="9" count="0" type="stmt"/>
        <line num="19" count="0" type="stmt"/>
        <line num="23" count="0" type="stmt"/>
        <line num="39" count="0" type="stmt"/>
      </file>
    </package>
    <package name="shell.src.lib">
      <metrics statements="81" coveredstatements="77" conditionals="34" coveredconditionals="31" methods="34" coveredmethods="33"/>
      <file name="demo.ts" path="C:\Users\DEVDUL\Documents\DEVELOPMENT\conferences\module-federation-demo\packages\shell\src\lib\demo.ts">
        <metrics statements="20" coveredstatements="20" conditionals="4" coveredconditionals="4" methods="16" coveredmethods="16"/>
        <line num="10" count="53" type="stmt"/>
        <line num="11" count="104" type="stmt"/>
        <line num="14" count="53" type="stmt"/>
        <line num="15" count="3" type="stmt"/>
        <line num="18" count="53" type="stmt"/>
        <line num="19" count="3" type="stmt"/>
        <line num="20" count="12" type="stmt"/>
        <line num="24" count="53" type="stmt"/>
        <line num="25" count="1" type="stmt"/>
        <line num="26" count="4" type="stmt"/>
        <line num="30" count="53" type="stmt"/>
        <line num="44" count="2" type="stmt"/>
        <line num="51" count="2" type="stmt"/>
        <line num="61" count="51" type="stmt"/>
        <line num="63" count="51" type="stmt"/>
        <line num="64" count="31" type="cond" truecount="2" falsecount="0"/>
        <line num="65" count="124" type="stmt"/>
        <line num="68" count="51" type="stmt"/>
        <line num="69" count="4" type="cond" truecount="2" falsecount="0"/>
        <line num="72" count="51" type="stmt"/>
      </file>
      <file name="health.ts" path="C:\Users\DEVDUL\Documents\DEVELOPMENT\conferences\module-federation-demo\packages\shell\src\lib\health.ts">
        <metrics statements="27" coveredstatements="27" conditionals="11" coveredconditionals="10" methods="9" coveredmethods="9"/>
        <line num="13" count="2" type="stmt"/>
        <line num="16" count="24" type="stmt"/>
        <line num="20" count="24" type="stmt"/>
        <line num="21" count="24" type="stmt"/>
        <line num="22" count="24" type="stmt"/>
        <line num="27" count="16" type="stmt"/>
        <line num="29" count="16" type="cond" truecount="2" falsecount="0"/>
        <line num="31" count="2" type="stmt"/>
        <line num="39" count="62" type="stmt"/>
        <line num="40" count="107" type="stmt"/>
        <line num="49" count="62" type="stmt"/>
        <line num="50" count="62" type="stmt"/>
        <line num="52" count="62" type="stmt"/>
        <line num="53" count="34" type="cond" truecount="2" falsecount="0"/>
        <line num="55" count="12" type="stmt"/>
        <line num="57" count="12" type="stmt"/>
        <line num="58" count="13" type="stmt"/>
        <line num="60" count="24" type="stmt"/>
        <line num="61" count="18" type="stmt"/>
        <line num="71" count="10" type="cond" truecount="3" falsecount="1"/>
        <line num="72" count="10" type="stmt"/>
        <line num="76" count="12" type="stmt"/>
        <line num="77" count="12" type="stmt"/>
        <line num="79" count="12" type="stmt"/>
        <line num="80" count="12" type="stmt"/>
        <line num="81" count="12" type="stmt"/>
        <line num="85" count="62" type="stmt"/>
      </file>
      <file name="theme.ts" path="C:\Users\DEVDUL\Documents\DEVELOPMENT\conferences\module-federation-demo\packages\shell\src\lib\theme.ts">
        <metrics statements="33" coveredstatements="29" conditionals="19" coveredconditionals="17" methods="8" coveredmethods="7"/>
        <line num="12" count="2" type="stmt"/>
        <line num="13" count="2" type="stmt"/>
        <line num="23" count="2" type="stmt"/>
        <line num="75" count="64" type="cond" truecount="2" falsecount="0"/>
        <line num="79" count="37" type="cond" truecount="2" falsecount="0"/>
        <line num="83" count="29" type="cond" truecount="1" falsecount="1"/>
        <line num="84" count="0" type="stmt"/>
        <line num="87" count="29" type="stmt"/>
        <line num="88" count="29" type="stmt"/>
        <line num="89" count="29" type="cond" truecount="2" falsecount="0"/>
        <line num="91" count="0" type="stmt"/>
        <line num="96" count="26" type="cond" truecount="2" falsecount="0"/>
        <line num="106" count="35" type="cond" truecount="1" falsecount="1"/>
        <line num="107" count="0" type="stmt"/>
        <line num="110" count="35" type="cond" truecount="2" falsecount="0"/>
        <line num="111" count="35" type="stmt"/>
        <line num="112" count="35" type="stmt"/>
        <line num="114" count="35" type="stmt"/>
        <line num="115" count="35" type="stmt"/>
        <line num="116" count="35" type="stmt"/>
        <line num="118" count="35" type="stmt"/>
        <line num="119" count="595" type="stmt"/>
        <line num="122" count="35" type="stmt"/>
        <line num="123" count="3" type="stmt"/>
        <line num="124" count="0" type="stmt"/>
        <line num="127" count="35" type="cond" truecount="2" falsecount="0"/>
        <line num="128" count="31" type="stmt"/>
        <line num="129" count="31" type="stmt"/>
        <line num="135" count="35" type="cond" truecount="2" falsecount="0"/>
        <line num="136" count="31" type="stmt"/>
        <line num="148" count="3" type="stmt"/>
        <line num="149" count="3" type="stmt"/>
        <line num="150" count="3" type="stmt"/>
      </file>
      <file name="utils.ts" path="C:\Users\DEVDUL\Documents\DEVELOPMENT\conferences\module-federation-demo\packages\shell\src\lib\utils.ts">
        <metrics statements="1" coveredstatements="1" conditionals="0" coveredconditionals="0" methods="1" coveredmethods="1"/>
        <line num="6" count="588" type="stmt"/>
      </file>
    </package>
  </project>
</coverage>
