{"C:\\Users\\DEVDUL\\Documents\\DEVELOPMENT\\module-federation-demo\\packages\\cart\\src\\ShoppingCart.tsx": {"path":"C:\\Users\\DEVDUL\\Documents\\DEVELOPMENT\\module-federation-demo\\packages\\cart\\src\\ShoppingCart.tsx","statementMap":{"0":{"start":{"line":6,"column":6},"end":{"line":70,"column":null}},"1":{"start":{"line":12,"column":2},"end":{"line":69,"column":null}},"2":{"start":{"line":35,"column":23},"end":{"line":35,"column":null}},"3":{"start":{"line":46,"column":23},"end":{"line":46,"column":null}},"4":{"start":{"line":63,"column":21},"end":{"line":63,"column":null}},"5":{"start":{"line":72,"column":0},"end":{"line":72,"column":null}},"6":{"start":{"line":75,"column":6},"end":{"line":90,"column":null}},"7":{"start":{"line":76,"column":2},"end":{"line":89,"column":null}},"8":{"start":{"line":92,"column":0},"end":{"line":92,"column":null}},"9":{"start":{"line":95,"column":6},"end":{"line":147,"column":null}},"10":{"start":{"line":100,"column":19},"end":{"line":100,"column":null}},"11":{"start":{"line":101,"column":14},"end":{"line":101,"column":null}},"12":{"start":{"line":103,"column":2},"end":{"line":145,"column":null}},"13":{"start":{"line":149,"column":0},"end":{"line":149,"column":null}},"14":{"start":{"line":153,"column":32},"end":{"line":156,"column":null}},"15":{"start":{"line":159,"column":2},"end":{"line":176,"column":null}},"16":{"start":{"line":160,"column":28},"end":{"line":173,"column":null}},"17":{"start":{"line":161,"column":33},"end":{"line":161,"column":null}},"18":{"start":{"line":162,"column":6},"end":{"line":172,"column":null}},"19":{"start":{"line":163,"column":25},"end":{"line":163,"column":null}},"20":{"start":{"line":163,"column":45},"end":{"line":163,"column":68}},"21":{"start":{"line":164,"column":8},"end":{"line":170,"column":null}},"22":{"start":{"line":165,"column":10},"end":{"line":169,"column":null}},"23":{"start":{"line":166,"column":12},"end":{"line":168,"column":null}},"24":{"start":{"line":171,"column":8},"end":{"line":171,"column":null}},"25":{"start":{"line":174,"column":4},"end":{"line":174,"column":null}},"26":{"start":{"line":175,"column":4},"end":{"line":175,"column":null}},"27":{"start":{"line":175,"column":17},"end":{"line":175,"column":null}},"28":{"start":{"line":178,"column":8},"end":{"line":186,"column":null}},"29":{"start":{"line":179,"column":4},"end":{"line":185,"column":null}},"30":{"start":{"line":180,"column":6},"end":{"line":184,"column":null}},"31":{"start":{"line":181,"column":8},"end":{"line":183,"column":null}},"32":{"start":{"line":188,"column":8},"end":{"line":190,"column":null}},"33":{"start":{"line":189,"column":4},"end":{"line":189,"column":null}},"34":{"start":{"line":189,"column":27},"end":{"line":189,"column":64}},"35":{"start":{"line":189,"column":49},"end":{"line":189,"column":63}},"36":{"start":{"line":192,"column":8},"end":{"line":198,"column":null}},"37":{"start":{"line":193,"column":4},"end":{"line":197,"column":null}},"38":{"start":{"line":200,"column":27},"end":{"line":210,"column":null}},"39":{"start":{"line":201,"column":28},"end":{"line":204,"column":null}},"40":{"start":{"line":202,"column":21},"end":{"line":202,"column":null}},"41":{"start":{"line":205,"column":32},"end":{"line":208,"column":null}},"42":{"start":{"line":206,"column":21},"end":{"line":206,"column":null}},"43":{"start":{"line":209,"column":4},"end":{"line":209,"column":null}},"44":{"start":{"line":212,"column":2},"end":{"line":266,"column":null}},"45":{"start":{"line":245,"column":16},"end":{"line":251,"column":null}},"46":{"start":{"line":270,"column":0},"end":{"line":270,"column":null}}},"fnMap":{"0":{"name":"(anonymous_0)","decl":{"start":{"line":11,"column":3},"end":{"line":11,"column":4}},"loc":{"start":{"line":12,"column":2},"end":{"line":69,"column":null}},"line":12},"1":{"name":"(anonymous_1)","decl":{"start":{"line":35,"column":17},"end":{"line":35,"column":23}},"loc":{"start":{"line":35,"column":23},"end":{"line":35,"column":null}},"line":35},"2":{"name":"(anonymous_2)","decl":{"start":{"line":46,"column":17},"end":{"line":46,"column":23}},"loc":{"start":{"line":46,"column":23},"end":{"line":46,"column":null}},"line":46},"3":{"name":"(anonymous_3)","decl":{"start":{"line":63,"column":15},"end":{"line":63,"column":21}},"loc":{"start":{"line":63,"column":21},"end":{"line":63,"column":null}},"line":63},"4":{"name":"(anonymous_4)","decl":{"start":{"line":75,"column":23},"end":{"line":75,"column":null}},"loc":{"start":{"line":76,"column":2},"end":{"line":89,"column":null}},"line":76},"5":{"name":"(anonymous_5)","decl":{"start":{"line":99,"column":3},"end":{"line":99,"column":4}},"loc":{"start":{"line":99,"column":41},"end":{"line":147,"column":1}},"line":99},"6":{"name":"ShoppingCart","decl":{"start":{"line":152,"column":9},"end":{"line":152,"column":24}},"loc":{"start":{"line":152,"column":24},"end":{"line":268,"column":null}},"line":152},"7":{"name":"(anonymous_7)","decl":{"start":{"line":159,"column":12},"end":{"line":159,"column":18}},"loc":{"start":{"line":159,"column":18},"end":{"line":176,"column":5}},"line":159},"8":{"name":"(anonymous_8)","decl":{"start":{"line":160,"column":28},"end":{"line":160,"column":29}},"loc":{"start":{"line":160,"column":55},"end":{"line":173,"column":null}},"line":160},"9":{"name":"(anonymous_9)","decl":{"start":{"line":162,"column":19},"end":{"line":162,"column":20}},"loc":{"start":{"line":162,"column":29},"end":{"line":172,"column":7}},"line":162},"10":{"name":"(anonymous_10)","decl":{"start":{"line":163,"column":35},"end":{"line":163,"column":36}},"loc":{"start":{"line":163,"column":45},"end":{"line":163,"column":68}},"line":163},"11":{"name":"(anonymous_11)","decl":{"start":{"line":165,"column":26},"end":{"line":165,"column":27}},"loc":{"start":{"line":166,"column":12},"end":{"line":168,"column":null}},"line":166},"12":{"name":"(anonymous_12)","decl":{"start":{"line":175,"column":11},"end":{"line":175,"column":17}},"loc":{"start":{"line":175,"column":17},"end":{"line":175,"column":null}},"line":175},"13":{"name":"(anonymous_13)","decl":{"start":{"line":178,"column":37},"end":{"line":178,"column":38}},"loc":{"start":{"line":178,"column":68},"end":{"line":186,"column":5}},"line":178},"14":{"name":"(anonymous_14)","decl":{"start":{"line":179,"column":17},"end":{"line":179,"column":18}},"loc":{"start":{"line":180,"column":6},"end":{"line":184,"column":null}},"line":180},"15":{"name":"(anonymous_15)","decl":{"start":{"line":180,"column":15},"end":{"line":180,"column":16}},"loc":{"start":{"line":181,"column":8},"end":{"line":183,"column":null}},"line":181},"16":{"name":"(anonymous_16)","decl":{"start":{"line":188,"column":33},"end":{"line":188,"column":34}},"loc":{"start":{"line":188,"column":49},"end":{"line":190,"column":5}},"line":188},"17":{"name":"(anonymous_17)","decl":{"start":{"line":189,"column":17},"end":{"line":189,"column":18}},"loc":{"start":{"line":189,"column":27},"end":{"line":189,"column":64}},"line":189},"18":{"name":"(anonymous_18)","decl":{"start":{"line":189,"column":39},"end":{"line":189,"column":40}},"loc":{"start":{"line":189,"column":49},"end":{"line":189,"column":63}},"line":189},"19":{"name":"(anonymous_19)","decl":{"start":{"line":192,"column":37},"end":{"line":192,"column":43}},"loc":{"start":{"line":192,"column":43},"end":{"line":198,"column":5}},"line":192},"20":{"name":"(anonymous_20)","decl":{"start":{"line":200,"column":39},"end":{"line":200,"column":45}},"loc":{"start":{"line":200,"column":45},"end":{"line":210,"column":5}},"line":200},"21":{"name":"(anonymous_21)","decl":{"start":{"line":202,"column":6},"end":{"line":202,"column":7}},"loc":{"start":{"line":202,"column":21},"end":{"line":202,"column":null}},"line":202},"22":{"name":"(anonymous_22)","decl":{"start":{"line":206,"column":6},"end":{"line":206,"column":7}},"loc":{"start":{"line":206,"column":21},"end":{"line":206,"column":null}},"line":206},"23":{"name":"(anonymous_23)","decl":{"start":{"line":244,"column":29},"end":{"line":244,"column":30}},"loc":{"start":{"line":245,"column":16},"end":{"line":251,"column":null}},"line":245}},"branchMap":{"0":{"loc":{"start":{"line":164,"column":8},"end":{"line":170,"column":null}},"type":"if","locations":[{"start":{"line":164,"column":8},"end":{"line":170,"column":null}},{"start":{},"end":{}}],"line":164},"1":{"loc":{"start":{"line":166,"column":12},"end":{"line":168,"column":null}},"type":"cond-expr","locations":[{"start":{"line":167,"column":16},"end":{"line":167,"column":null}},{"start":{"line":168,"column":16},"end":{"line":168,"column":null}}],"line":166},"2":{"loc":{"start":{"line":181,"column":8},"end":{"line":183,"column":null}},"type":"cond-expr","locations":[{"start":{"line":182,"column":12},"end":{"line":182,"column":null}},{"start":{"line":183,"column":12},"end":{"line":183,"column":null}}],"line":181},"3":{"loc":{"start":{"line":222,"column":9},"end":{"line":225,"column":null}},"type":"binary-expr","locations":[{"start":{"line":222,"column":9},"end":{"line":222,"column":null}},{"start":{"line":223,"column":10},"end":{"line":225,"column":null}}],"line":222},"4":{"loc":{"start":{"line":224,"column":29},"end":{"line":224,"column":56}},"type":"cond-expr","locations":[{"start":{"line":224,"column":47},"end":{"line":224,"column":53}},{"start":{"line":224,"column":53},"end":{"line":224,"column":56}}],"line":224},"5":{"loc":{"start":{"line":229,"column":7},"end":{"line":264,"column":null}},"type":"cond-expr","locations":[{"start":{"line":230,"column":8},"end":{"line":230,"column":null}},{"start":{"line":232,"column":8},"end":{"line":264,"column":null}}],"line":229}},"s":{"0":1,"1":38,"2":1,"3":1,"4":3,"5":1,"6":1,"7":1,"8":1,"9":1,"10":22,"11":22,"12":22,"13":1,"14":23,"15":23,"16":16,"17":2,"18":2,"19":2,"20":4,"21":2,"22":1,"23":2,"24":1,"25":16,"26":16,"27":16,"28":23,"29":2,"30":2,"31":4,"32":23,"33":3,"34":3,"35":5,"36":23,"37":1,"38":23,"39":23,"40":43,"41":23,"42":43,"43":23,"44":23,"45":43,"46":1},"f":{"0":38,"1":1,"2":1,"3":3,"4":1,"5":22,"6":23,"7":16,"8":2,"9":2,"10":4,"11":2,"12":16,"13":2,"14":2,"15":4,"16":3,"17":3,"18":5,"19":1,"20":23,"21":43,"22":43,"23":43},"b":{"0":[1,1],"1":[1,1],"2":[2,2],"3":[23,22],"4":[22,0],"5":[1,22]},"meta":{"lastBranch":6,"lastFunction":24,"lastStatement":47,"seen":{"s:6:6:70:Infinity":0,"f:11:3:11:4":0,"s:12:2:69:Infinity":1,"f:35:17:35:23":1,"s:35:23:35:Infinity":2,"f:46:17:46:23":2,"s:46:23:46:Infinity":3,"f:63:15:63:21":3,"s:63:21:63:Infinity":4,"s:72:0:72:Infinity":5,"s:75:6:90:Infinity":6,"f:75:23:75:Infinity":4,"s:76:2:89:Infinity":7,"s:92:0:92:Infinity":8,"s:95:6:147:Infinity":9,"f:99:3:99:4":5,"s:100:19:100:Infinity":10,"s:101:14:101:Infinity":11,"s:103:2:145:Infinity":12,"s:149:0:149:Infinity":13,"f:152:9:152:24":6,"s:153:32:156:Infinity":14,"s:159:2:176:Infinity":15,"f:159:12:159:18":7,"s:160:28:173:Infinity":16,"f:160:28:160:29":8,"s:161:33:161:Infinity":17,"s:162:6:172:Infinity":18,"f:162:19:162:20":9,"s:163:25:163:Infinity":19,"f:163:35:163:36":10,"s:163:45:163:68":20,"b:164:8:170:Infinity:undefined:undefined:undefined:undefined":0,"s:164:8:170:Infinity":21,"s:165:10:169:Infinity":22,"f:165:26:165:27":11,"s:166:12:168:Infinity":23,"b:167:16:167:Infinity:168:16:168:Infinity":1,"s:171:8:171:Infinity":24,"s:174:4:174:Infinity":25,"s:175:4:175:Infinity":26,"f:175:11:175:17":12,"s:175:17:175:Infinity":27,"s:178:8:186:Infinity":28,"f:178:37:178:38":13,"s:179:4:185:Infinity":29,"f:179:17:179:18":14,"s:180:6:184:Infinity":30,"f:180:15:180:16":15,"s:181:8:183:Infinity":31,"b:182:12:182:Infinity:183:12:183:Infinity":2,"s:188:8:190:Infinity":32,"f:188:33:188:34":16,"s:189:4:189:Infinity":33,"f:189:17:189:18":17,"s:189:27:189:64":34,"f:189:39:189:40":18,"s:189:49:189:63":35,"s:192:8:198:Infinity":36,"f:192:37:192:43":19,"s:193:4:197:Infinity":37,"s:200:27:210:Infinity":38,"f:200:39:200:45":20,"s:201:28:204:Infinity":39,"f:202:6:202:7":21,"s:202:21:202:Infinity":40,"s:205:32:208:Infinity":41,"f:206:6:206:7":22,"s:206:21:206:Infinity":42,"s:209:4:209:Infinity":43,"s:212:2:266:Infinity":44,"b:222:9:222:Infinity:223:10:225:Infinity":3,"b:224:47:224:53:224:53:224:56":4,"b:230:8:230:Infinity:232:8:264:Infinity":5,"f:244:29:244:30":23,"s:245:16:251:Infinity":45,"s:270:0:270:Infinity":46}}}
,"C:\\Users\\DEVDUL\\Documents\\DEVELOPMENT\\module-federation-demo\\packages\\cart\\src\\StreamingShoppingCart.tsx": {"path":"C:\\Users\\DEVDUL\\Documents\\DEVELOPMENT\\module-federation-demo\\packages\\cart\\src\\StreamingShoppingCart.tsx","statementMap":{"0":{"start":{"line":6,"column":14},"end":{"line":6,"column":null}},"1":{"start":{"line":6,"column":30},"end":{"line":6,"column":null}},"2":{"start":{"line":6,"column":55},"end":{"line":6,"column":78}},"3":{"start":{"line":9,"column":39},"end":{"line":22,"column":null}},"4":{"start":{"line":30,"column":15},"end":{"line":30,"column":null}},"5":{"start":{"line":32,"column":18},"end":{"line":41,"column":null}},"6":{"start":{"line":34,"column":6},"end":{"line":34,"column":null}},"7":{"start":{"line":35,"column":6},"end":{"line":35,"column":null}},"8":{"start":{"line":38,"column":6},"end":{"line":38,"column":null}},"9":{"start":{"line":39,"column":6},"end":{"line":39,"column":null}},"10":{"start":{"line":43,"column":2},"end":{"line":54,"column":null}},"11":{"start":{"line":45,"column":6},"end":{"line":51,"column":null}},"12":{"start":{"line":46,"column":8},"end":{"line":46,"column":null}},"13":{"start":{"line":47,"column":6},"end":{"line":51,"column":null}},"14":{"start":{"line":48,"column":8},"end":{"line":48,"column":null}},"15":{"start":{"line":49,"column":6},"end":{"line":51,"column":null}},"16":{"start":{"line":50,"column":8},"end":{"line":50,"column":null}},"17":{"start":{"line":52,"column":6},"end":{"line":52,"column":null}},"18":{"start":{"line":57,"column":22},"end":{"line":57,"column":null}},"19":{"start":{"line":60,"column":2},"end":{"line":63,"column":null}},"20":{"start":{"line":61,"column":21},"end":{"line":61,"column":null}},"21":{"start":{"line":61,"column":42},"end":{"line":61,"column":56}},"22":{"start":{"line":62,"column":4},"end":{"line":62,"column":null}},"23":{"start":{"line":64,"column":2},"end":{"line":64,"column":null}},"24":{"start":{"line":67,"column":25},"end":{"line":67,"column":null}},"25":{"start":{"line":70,"column":30},"end":{"line":74,"column":null}},"26":{"start":{"line":71,"column":19},"end":{"line":71,"column":null}},"27":{"start":{"line":72,"column":2},"end":{"line":72,"column":null}},"28":{"start":{"line":73,"column":2},"end":{"line":73,"column":null}},"29":{"start":{"line":78,"column":32},"end":{"line":78,"column":null}},"30":{"start":{"line":81,"column":2},"end":{"line":100,"column":null}},"31":{"start":{"line":82,"column":28},"end":{"line":96,"column":null}},"32":{"start":{"line":83,"column":33},"end":{"line":83,"column":null}},"33":{"start":{"line":85,"column":6},"end":{"line":95,"column":null}},"34":{"start":{"line":86,"column":25},"end":{"line":86,"column":null}},"35":{"start":{"line":86,"column":45},"end":{"line":86,"column":68}},"36":{"start":{"line":87,"column":8},"end":{"line":93,"column":null}},"37":{"start":{"line":88,"column":10},"end":{"line":92,"column":null}},"38":{"start":{"line":89,"column":12},"end":{"line":91,"column":null}},"39":{"start":{"line":94,"column":8},"end":{"line":94,"column":null}},"40":{"start":{"line":98,"column":4},"end":{"line":98,"column":null}},"41":{"start":{"line":99,"column":4},"end":{"line":99,"column":null}},"42":{"start":{"line":99,"column":17},"end":{"line":99,"column":null}},"43":{"start":{"line":102,"column":8},"end":{"line":112,"column":null}},"44":{"start":{"line":103,"column":4},"end":{"line":111,"column":null}},"45":{"start":{"line":104,"column":6},"end":{"line":110,"column":null}},"46":{"start":{"line":105,"column":8},"end":{"line":108,"column":null}},"47":{"start":{"line":106,"column":30},"end":{"line":106,"column":null}},"48":{"start":{"line":107,"column":10},"end":{"line":107,"column":null}},"49":{"start":{"line":109,"column":8},"end":{"line":109,"column":null}},"50":{"start":{"line":114,"column":8},"end":{"line":116,"column":null}},"51":{"start":{"line":115,"column":4},"end":{"line":115,"column":null}},"52":{"start":{"line":115,"column":27},"end":{"line":115,"column":64}},"53":{"start":{"line":115,"column":49},"end":{"line":115,"column":63}},"54":{"start":{"line":118,"column":8},"end":{"line":127,"column":null}},"55":{"start":{"line":119,"column":4},"end":{"line":126,"column":null}},"56":{"start":{"line":129,"column":27},"end":{"line":139,"column":null}},"57":{"start":{"line":130,"column":28},"end":{"line":133,"column":null}},"58":{"start":{"line":131,"column":21},"end":{"line":131,"column":null}},"59":{"start":{"line":134,"column":32},"end":{"line":137,"column":null}},"60":{"start":{"line":135,"column":21},"end":{"line":135,"column":null}},"61":{"start":{"line":138,"column":4},"end":{"line":138,"column":null}},"62":{"start":{"line":141,"column":2},"end":{"line":302,"column":null}},"63":{"start":{"line":186,"column":14},"end":{"line":244,"column":null}},"64":{"start":{"line":210,"column":35},"end":{"line":210,"column":null}},"65":{"start":{"line":221,"column":35},"end":{"line":221,"column":null}},"66":{"start":{"line":238,"column":33},"end":{"line":238,"column":null}},"67":{"start":{"line":306,"column":0},"end":{"line":306,"column":null}}},"fnMap":{"0":{"name":"(anonymous_0)","decl":{"start":{"line":6,"column":14},"end":{"line":6,"column":15}},"loc":{"start":{"line":6,"column":30},"end":{"line":6,"column":null}},"line":6},"1":{"name":"(anonymous_1)","decl":{"start":{"line":6,"column":42},"end":{"line":6,"column":43}},"loc":{"start":{"line":6,"column":55},"end":{"line":6,"column":78}},"line":6},"2":{"name":"createResource","decl":{"start":{"line":29,"column":9},"end":{"line":29,"column":27}},"loc":{"start":{"line":29,"column":67},"end":{"line":55,"column":null}},"line":29},"3":{"name":"(anonymous_3)","decl":{"start":{"line":33,"column":4},"end":{"line":33,"column":5}},"loc":{"start":{"line":33,"column":14},"end":{"line":36,"column":null}},"line":33},"4":{"name":"(anonymous_4)","decl":{"start":{"line":37,"column":4},"end":{"line":37,"column":5}},"loc":{"start":{"line":37,"column":15},"end":{"line":40,"column":null}},"line":37},"5":{"name":"(anonymous_5)","decl":{"start":{"line":44,"column":4},"end":{"line":44,"column":11}},"loc":{"start":{"line":44,"column":11},"end":{"line":53,"column":null}},"line":44},"6":{"name":"getResource","decl":{"start":{"line":59,"column":9},"end":{"line":59,"column":21}},"loc":{"start":{"line":59,"column":67},"end":{"line":65,"column":null}},"line":59},"7":{"name":"(anonymous_7)","decl":{"start":{"line":61,"column":36},"end":{"line":61,"column":42}},"loc":{"start":{"line":61,"column":42},"end":{"line":61,"column":56}},"line":61},"8":{"name":"(anonymous_8)","decl":{"start":{"line":70,"column":30},"end":{"line":70,"column":36}},"loc":{"start":{"line":70,"column":36},"end":{"line":74,"column":null}},"line":70},"9":{"name":"ShoppingCart","decl":{"start":{"line":77,"column":9},"end":{"line":77,"column":24}},"loc":{"start":{"line":77,"column":24},"end":{"line":304,"column":null}},"line":77},"10":{"name":"(anonymous_10)","decl":{"start":{"line":81,"column":12},"end":{"line":81,"column":18}},"loc":{"start":{"line":81,"column":18},"end":{"line":100,"column":5}},"line":81},"11":{"name":"(anonymous_11)","decl":{"start":{"line":82,"column":28},"end":{"line":82,"column":29}},"loc":{"start":{"line":82,"column":55},"end":{"line":96,"column":null}},"line":82},"12":{"name":"(anonymous_12)","decl":{"start":{"line":85,"column":19},"end":{"line":85,"column":20}},"loc":{"start":{"line":85,"column":29},"end":{"line":95,"column":7}},"line":85},"13":{"name":"(anonymous_13)","decl":{"start":{"line":86,"column":35},"end":{"line":86,"column":36}},"loc":{"start":{"line":86,"column":45},"end":{"line":86,"column":68}},"line":86},"14":{"name":"(anonymous_14)","decl":{"start":{"line":88,"column":26},"end":{"line":88,"column":27}},"loc":{"start":{"line":89,"column":12},"end":{"line":91,"column":null}},"line":89},"15":{"name":"(anonymous_15)","decl":{"start":{"line":99,"column":11},"end":{"line":99,"column":17}},"loc":{"start":{"line":99,"column":17},"end":{"line":99,"column":null}},"line":99},"16":{"name":"(anonymous_16)","decl":{"start":{"line":102,"column":37},"end":{"line":102,"column":38}},"loc":{"start":{"line":102,"column":68},"end":{"line":112,"column":5}},"line":102},"17":{"name":"(anonymous_17)","decl":{"start":{"line":103,"column":17},"end":{"line":103,"column":18}},"loc":{"start":{"line":104,"column":6},"end":{"line":110,"column":null}},"line":104},"18":{"name":"(anonymous_18)","decl":{"start":{"line":104,"column":15},"end":{"line":104,"column":16}},"loc":{"start":{"line":104,"column":25},"end":{"line":110,"column":7}},"line":104},"19":{"name":"(anonymous_19)","decl":{"start":{"line":114,"column":33},"end":{"line":114,"column":34}},"loc":{"start":{"line":114,"column":49},"end":{"line":116,"column":5}},"line":114},"20":{"name":"(anonymous_20)","decl":{"start":{"line":115,"column":17},"end":{"line":115,"column":18}},"loc":{"start":{"line":115,"column":27},"end":{"line":115,"column":64}},"line":115},"21":{"name":"(anonymous_21)","decl":{"start":{"line":115,"column":39},"end":{"line":115,"column":40}},"loc":{"start":{"line":115,"column":49},"end":{"line":115,"column":63}},"line":115},"22":{"name":"(anonymous_22)","decl":{"start":{"line":118,"column":37},"end":{"line":118,"column":43}},"loc":{"start":{"line":118,"column":43},"end":{"line":127,"column":5}},"line":118},"23":{"name":"(anonymous_23)","decl":{"start":{"line":129,"column":39},"end":{"line":129,"column":45}},"loc":{"start":{"line":129,"column":45},"end":{"line":139,"column":5}},"line":129},"24":{"name":"(anonymous_24)","decl":{"start":{"line":131,"column":6},"end":{"line":131,"column":7}},"loc":{"start":{"line":131,"column":21},"end":{"line":131,"column":null}},"line":131},"25":{"name":"(anonymous_25)","decl":{"start":{"line":135,"column":6},"end":{"line":135,"column":7}},"loc":{"start":{"line":135,"column":21},"end":{"line":135,"column":null}},"line":135},"26":{"name":"(anonymous_26)","decl":{"start":{"line":185,"column":27},"end":{"line":185,"column":28}},"loc":{"start":{"line":186,"column":14},"end":{"line":244,"column":null}},"line":186},"27":{"name":"(anonymous_27)","decl":{"start":{"line":210,"column":29},"end":{"line":210,"column":35}},"loc":{"start":{"line":210,"column":35},"end":{"line":210,"column":null}},"line":210},"28":{"name":"(anonymous_28)","decl":{"start":{"line":221,"column":29},"end":{"line":221,"column":35}},"loc":{"start":{"line":221,"column":35},"end":{"line":221,"column":null}},"line":221},"29":{"name":"(anonymous_29)","decl":{"start":{"line":238,"column":27},"end":{"line":238,"column":33}},"loc":{"start":{"line":238,"column":33},"end":{"line":238,"column":null}},"line":238}},"branchMap":{"0":{"loc":{"start":{"line":45,"column":6},"end":{"line":51,"column":null}},"type":"if","locations":[{"start":{"line":45,"column":6},"end":{"line":51,"column":null}},{"start":{"line":47,"column":6},"end":{"line":51,"column":null}}],"line":45},"1":{"loc":{"start":{"line":47,"column":6},"end":{"line":51,"column":null}},"type":"if","locations":[{"start":{"line":47,"column":6},"end":{"line":51,"column":null}},{"start":{"line":49,"column":6},"end":{"line":51,"column":null}}],"line":47},"2":{"loc":{"start":{"line":49,"column":6},"end":{"line":51,"column":null}},"type":"if","locations":[{"start":{"line":49,"column":6},"end":{"line":51,"column":null}},{"start":{},"end":{}}],"line":49},"3":{"loc":{"start":{"line":60,"column":2},"end":{"line":63,"column":null}},"type":"if","locations":[{"start":{"line":60,"column":2},"end":{"line":63,"column":null}},{"start":{},"end":{}}],"line":60},"4":{"loc":{"start":{"line":87,"column":8},"end":{"line":93,"column":null}},"type":"if","locations":[{"start":{"line":87,"column":8},"end":{"line":93,"column":null}},{"start":{},"end":{}}],"line":87},"5":{"loc":{"start":{"line":89,"column":12},"end":{"line":91,"column":null}},"type":"cond-expr","locations":[{"start":{"line":90,"column":16},"end":{"line":90,"column":null}},{"start":{"line":91,"column":16},"end":{"line":91,"column":null}}],"line":89},"6":{"loc":{"start":{"line":105,"column":8},"end":{"line":108,"column":null}},"type":"if","locations":[{"start":{"line":105,"column":8},"end":{"line":108,"column":null}},{"start":{},"end":{}}],"line":105},"7":{"loc":{"start":{"line":151,"column":9},"end":{"line":154,"column":null}},"type":"binary-expr","locations":[{"start":{"line":151,"column":9},"end":{"line":151,"column":null}},{"start":{"line":152,"column":10},"end":{"line":154,"column":null}}],"line":151},"8":{"loc":{"start":{"line":153,"column":29},"end":{"line":153,"column":56}},"type":"cond-expr","locations":[{"start":{"line":153,"column":47},"end":{"line":153,"column":53}},{"start":{"line":153,"column":53},"end":{"line":153,"column":56}}],"line":153},"9":{"loc":{"start":{"line":158,"column":7},"end":{"line":290,"column":null}},"type":"cond-expr","locations":[{"start":{"line":159,"column":8},"end":{"line":172,"column":null}},{"start":{"line":174,"column":8},"end":{"line":290,"column":null}}],"line":158}},"s":{"0":1,"1":1,"2":1,"3":1,"4":1,"5":1,"6":0,"7":0,"8":0,"9":0,"10":1,"11":7,"12":7,"13":0,"14":0,"15":0,"16":0,"17":0,"18":1,"19":7,"20":1,"21":1,"22":1,"23":7,"24":1,"25":1,"26":7,"27":7,"28":7,"29":0,"30":0,"31":0,"32":0,"33":0,"34":0,"35":0,"36":0,"37":0,"38":0,"39":0,"40":0,"41":0,"42":0,"43":0,"44":0,"45":0,"46":0,"47":0,"48":0,"49":0,"50":0,"51":0,"52":0,"53":0,"54":0,"55":0,"56":0,"57":0,"58":0,"59":0,"60":0,"61":0,"62":0,"63":0,"64":0,"65":0,"66":0,"67":1},"f":{"0":1,"1":1,"2":1,"3":0,"4":0,"5":7,"6":7,"7":1,"8":7,"9":0,"10":0,"11":0,"12":0,"13":0,"14":0,"15":0,"16":0,"17":0,"18":0,"19":0,"20":0,"21":0,"22":0,"23":0,"24":0,"25":0,"26":0,"27":0,"28":0,"29":0},"b":{"0":[7,0],"1":[0,0],"2":[0,0],"3":[1,6],"4":[0,0],"5":[0,0],"6":[0,0],"7":[0,0],"8":[0,0],"9":[0,0]},"meta":{"lastBranch":10,"lastFunction":30,"lastStatement":68,"seen":{"s:6:14:6:Infinity":0,"f:6:14:6:15":0,"s:6:30:6:Infinity":1,"f:6:42:6:43":1,"s:6:55:6:78":2,"s:9:39:22:Infinity":3,"f:29:9:29:27":2,"s:30:15:30:Infinity":4,"s:32:18:41:Infinity":5,"f:33:4:33:5":3,"s:34:6:34:Infinity":6,"s:35:6:35:Infinity":7,"f:37:4:37:5":4,"s:38:6:38:Infinity":8,"s:39:6:39:Infinity":9,"s:43:2:54:Infinity":10,"f:44:4:44:11":5,"b:45:6:51:Infinity:47:6:51:Infinity":0,"s:45:6:51:Infinity":11,"s:46:8:46:Infinity":12,"b:47:6:51:Infinity:49:6:51:Infinity":1,"s:47:6:51:Infinity":13,"s:48:8:48:Infinity":14,"b:49:6:51:Infinity:undefined:undefined:undefined:undefined":2,"s:49:6:51:Infinity":15,"s:50:8:50:Infinity":16,"s:52:6:52:Infinity":17,"s:57:22:57:Infinity":18,"f:59:9:59:21":6,"b:60:2:63:Infinity:undefined:undefined:undefined:undefined":3,"s:60:2:63:Infinity":19,"s:61:21:61:Infinity":20,"f:61:36:61:42":7,"s:61:42:61:56":21,"s:62:4:62:Infinity":22,"s:64:2:64:Infinity":23,"s:67:25:67:Infinity":24,"s:70:30:74:Infinity":25,"f:70:30:70:36":8,"s:71:19:71:Infinity":26,"s:72:2:72:Infinity":27,"s:73:2:73:Infinity":28,"f:77:9:77:24":9,"s:78:32:78:Infinity":29,"s:81:2:100:Infinity":30,"f:81:12:81:18":10,"s:82:28:96:Infinity":31,"f:82:28:82:29":11,"s:83:33:83:Infinity":32,"s:85:6:95:Infinity":33,"f:85:19:85:20":12,"s:86:25:86:Infinity":34,"f:86:35:86:36":13,"s:86:45:86:68":35,"b:87:8:93:Infinity:undefined:undefined:undefined:undefined":4,"s:87:8:93:Infinity":36,"s:88:10:92:Infinity":37,"f:88:26:88:27":14,"s:89:12:91:Infinity":38,"b:90:16:90:Infinity:91:16:91:Infinity":5,"s:94:8:94:Infinity":39,"s:98:4:98:Infinity":40,"s:99:4:99:Infinity":41,"f:99:11:99:17":15,"s:99:17:99:Infinity":42,"s:102:8:112:Infinity":43,"f:102:37:102:38":16,"s:103:4:111:Infinity":44,"f:103:17:103:18":17,"s:104:6:110:Infinity":45,"f:104:15:104:16":18,"b:105:8:108:Infinity:undefined:undefined:undefined:undefined":6,"s:105:8:108:Infinity":46,"s:106:30:106:Infinity":47,"s:107:10:107:Infinity":48,"s:109:8:109:Infinity":49,"s:114:8:116:Infinity":50,"f:114:33:114:34":19,"s:115:4:115:Infinity":51,"f:115:17:115:18":20,"s:115:27:115:64":52,"f:115:39:115:40":21,"s:115:49:115:63":53,"s:118:8:127:Infinity":54,"f:118:37:118:43":22,"s:119:4:126:Infinity":55,"s:129:27:139:Infinity":56,"f:129:39:129:45":23,"s:130:28:133:Infinity":57,"f:131:6:131:7":24,"s:131:21:131:Infinity":58,"s:134:32:137:Infinity":59,"f:135:6:135:7":25,"s:135:21:135:Infinity":60,"s:138:4:138:Infinity":61,"s:141:2:302:Infinity":62,"b:151:9:151:Infinity:152:10:154:Infinity":7,"b:153:47:153:53:153:53:153:56":8,"b:159:8:172:Infinity:174:8:290:Infinity":9,"f:185:27:185:28":26,"s:186:14:244:Infinity":63,"f:210:29:210:35":27,"s:210:35:210:Infinity":64,"f:221:29:221:35":28,"s:221:35:221:Infinity":65,"f:238:27:238:33":29,"s:238:33:238:Infinity":66,"s:306:0:306:Infinity":67}}}
,"C:\\Users\\DEVDUL\\Documents\\DEVELOPMENT\\module-federation-demo\\packages\\cart\\src\\lib\\utils.ts": {"path":"C:\\Users\\DEVDUL\\Documents\\DEVELOPMENT\\module-federation-demo\\packages\\cart\\src\\lib\\utils.ts","statementMap":{"0":{"start":{"line":6,"column":2},"end":{"line":6,"column":null}}},"fnMap":{"0":{"name":"cn","decl":{"start":{"line":5,"column":16},"end":{"line":5,"column":22}},"loc":{"start":{"line":5,"column":44},"end":{"line":7,"column":null}},"line":5}},"branchMap":{},"s":{"0":0},"f":{"0":0},"b":{},"meta":{"lastBranch":0,"lastFunction":1,"lastStatement":1,"seen":{"f:5:16:5:22":0,"s:6:2:6:Infinity":0}}}
,"C:\\Users\\DEVDUL\\Documents\\DEVELOPMENT\\module-federation-demo\\packages\\dashboard\\src\\StreamingUserDashboard.tsx": {"path":"C:\\Users\\DEVDUL\\Documents\\DEVELOPMENT\\module-federation-demo\\packages\\dashboard\\src\\StreamingUserDashboard.tsx","statementMap":{"0":{"start":{"line":6,"column":14},"end":{"line":6,"column":null}},"1":{"start":{"line":6,"column":30},"end":{"line":6,"column":null}},"2":{"start":{"line":6,"column":55},"end":{"line":6,"column":78}},"3":{"start":{"line":9,"column":45},"end":{"line":42,"column":null}},"4":{"start":{"line":44,"column":47},"end":{"line":80,"column":null}},"5":{"start":{"line":83,"column":6},"end":{"line":109,"column":null}},"6":{"start":{"line":85,"column":23},"end":{"line":85,"column":null}},"7":{"start":{"line":87,"column":4},"end":{"line":106,"column":null}},"8":{"start":{"line":111,"column":0},"end":{"line":111,"column":null}},"9":{"start":{"line":114,"column":6},"end":{"line":148,"column":null}},"10":{"start":{"line":116,"column":22},"end":{"line":121,"column":null}},"11":{"start":{"line":123,"column":4},"end":{"line":145,"column":null}},"12":{"start":{"line":150,"column":0},"end":{"line":150,"column":null}},"13":{"start":{"line":158,"column":15},"end":{"line":158,"column":null}},"14":{"start":{"line":160,"column":18},"end":{"line":163,"column":null}},"15":{"start":{"line":161,"column":16},"end":{"line":161,"column":36}},"16":{"start":{"line":161,"column":36},"end":{"line":161,"column":51}},"17":{"start":{"line":162,"column":17},"end":{"line":162,"column":35}},"18":{"start":{"line":162,"column":35},"end":{"line":162,"column":51}},"19":{"start":{"line":165,"column":2},"end":{"line":172,"column":null}},"20":{"start":{"line":167,"column":6},"end":{"line":167,"column":null}},"21":{"start":{"line":167,"column":32},"end":{"line":167,"column":null}},"22":{"start":{"line":168,"column":6},"end":{"line":168,"column":null}},"23":{"start":{"line":168,"column":30},"end":{"line":168,"column":null}},"24":{"start":{"line":169,"column":6},"end":{"line":169,"column":null}},"25":{"start":{"line":169,"column":32},"end":{"line":169,"column":null}},"26":{"start":{"line":170,"column":6},"end":{"line":170,"column":null}},"27":{"start":{"line":175,"column":22},"end":{"line":175,"column":null}},"28":{"start":{"line":178,"column":2},"end":{"line":180,"column":null}},"29":{"start":{"line":179,"column":4},"end":{"line":179,"column":null}},"30":{"start":{"line":179,"column":48},"end":{"line":179,"column":62}},"31":{"start":{"line":181,"column":2},"end":{"line":181,"column":null}},"32":{"start":{"line":184,"column":25},"end":{"line":184,"column":null}},"33":{"start":{"line":187,"column":31},"end":{"line":191,"column":null}},"34":{"start":{"line":188,"column":19},"end":{"line":188,"column":null}},"35":{"start":{"line":189,"column":2},"end":{"line":189,"column":null}},"36":{"start":{"line":190,"column":2},"end":{"line":190,"column":null}},"37":{"start":{"line":195,"column":8},"end":{"line":195,"column":null}},"38":{"start":{"line":195,"column":30},"end":{"line":195,"column":65}},"39":{"start":{"line":197,"column":2},"end":{"line":311,"column":null}},"40":{"start":{"line":259,"column":12},"end":{"line":259,"column":null}},"41":{"start":{"line":280,"column":14},"end":{"line":280,"column":null}},"42":{"start":{"line":315,"column":0},"end":{"line":315,"column":null}}},"fnMap":{"0":{"name":"(anonymous_0)","decl":{"start":{"line":6,"column":14},"end":{"line":6,"column":15}},"loc":{"start":{"line":6,"column":30},"end":{"line":6,"column":null}},"line":6},"1":{"name":"(anonymous_1)","decl":{"start":{"line":6,"column":42},"end":{"line":6,"column":43}},"loc":{"start":{"line":6,"column":55},"end":{"line":6,"column":78}},"line":6},"2":{"name":"(anonymous_2)","decl":{"start":{"line":84,"column":2},"end":{"line":84,"column":3}},"loc":{"start":{"line":84,"column":23},"end":{"line":108,"column":null}},"line":84},"3":{"name":"(anonymous_3)","decl":{"start":{"line":115,"column":2},"end":{"line":115,"column":3}},"loc":{"start":{"line":115,"column":27},"end":{"line":147,"column":null}},"line":115},"4":{"name":"createResource","decl":{"start":{"line":157,"column":9},"end":{"line":157,"column":27}},"loc":{"start":{"line":157,"column":67},"end":{"line":173,"column":null}},"line":157},"5":{"name":"(anonymous_5)","decl":{"start":{"line":161,"column":4},"end":{"line":161,"column":5}},"loc":{"start":{"line":161,"column":14},"end":{"line":161,"column":null}},"line":161},"6":{"name":"(anonymous_6)","decl":{"start":{"line":162,"column":4},"end":{"line":162,"column":5}},"loc":{"start":{"line":162,"column":15},"end":{"line":162,"column":null}},"line":162},"7":{"name":"(anonymous_7)","decl":{"start":{"line":166,"column":4},"end":{"line":166,"column":11}},"loc":{"start":{"line":166,"column":11},"end":{"line":171,"column":null}},"line":166},"8":{"name":"getResource","decl":{"start":{"line":177,"column":9},"end":{"line":177,"column":21}},"loc":{"start":{"line":177,"column":67},"end":{"line":182,"column":null}},"line":177},"9":{"name":"(anonymous_9)","decl":{"start":{"line":179,"column":42},"end":{"line":179,"column":48}},"loc":{"start":{"line":179,"column":48},"end":{"line":179,"column":62}},"line":179},"10":{"name":"(anonymous_10)","decl":{"start":{"line":187,"column":31},"end":{"line":187,"column":37}},"loc":{"start":{"line":187,"column":37},"end":{"line":191,"column":null}},"line":187},"11":{"name":"UserDashboard","decl":{"start":{"line":194,"column":9},"end":{"line":194,"column":25}},"loc":{"start":{"line":194,"column":25},"end":{"line":313,"column":null}},"line":194},"12":{"name":"(anonymous_12)","decl":{"start":{"line":195,"column":30},"end":{"line":195,"column":36}},"loc":{"start":{"line":195,"column":30},"end":{"line":195,"column":65}},"line":195},"13":{"name":"(anonymous_13)","decl":{"start":{"line":258,"column":26},"end":{"line":258,"column":27}},"loc":{"start":{"line":259,"column":12},"end":{"line":259,"column":null}},"line":259},"14":{"name":"(anonymous_14)","decl":{"start":{"line":279,"column":31},"end":{"line":279,"column":32}},"loc":{"start":{"line":280,"column":14},"end":{"line":280,"column":null}},"line":280}},"branchMap":{"0":{"loc":{"start":{"line":85,"column":23},"end":{"line":85,"column":null}},"type":"cond-expr","locations":[{"start":{"line":85,"column":56},"end":{"line":85,"column":70}},{"start":{"line":85,"column":70},"end":{"line":85,"column":null}}],"line":85},"1":{"loc":{"start":{"line":85,"column":70},"end":{"line":85,"column":null}},"type":"cond-expr","locations":[{"start":{"line":85,"column":105},"end":{"line":85,"column":119}},{"start":{"line":85,"column":119},"end":{"line":85,"column":null}}],"line":85},"2":{"loc":{"start":{"line":100,"column":9},"end":{"line":104,"column":null}},"type":"binary-expr","locations":[{"start":{"line":100,"column":9},"end":{"line":100,"column":null}},{"start":{"line":101,"column":10},"end":{"line":104,"column":null}}],"line":100},"3":{"loc":{"start":{"line":102,"column":13},"end":{"line":102,"column":null}},"type":"cond-expr","locations":[{"start":{"line":102,"column":45},"end":{"line":102,"column":51}},{"start":{"line":102,"column":51},"end":{"line":102,"column":null}}],"line":102},"4":{"loc":{"start":{"line":102,"column":51},"end":{"line":102,"column":null}},"type":"cond-expr","locations":[{"start":{"line":102,"column":85},"end":{"line":102,"column":91}},{"start":{"line":102,"column":91},"end":{"line":102,"column":null}}],"line":102},"5":{"loc":{"start":{"line":167,"column":6},"end":{"line":167,"column":null}},"type":"if","locations":[{"start":{"line":167,"column":6},"end":{"line":167,"column":null}},{"start":{},"end":{}}],"line":167},"6":{"loc":{"start":{"line":168,"column":6},"end":{"line":168,"column":null}},"type":"if","locations":[{"start":{"line":168,"column":6},"end":{"line":168,"column":null}},{"start":{},"end":{}}],"line":168},"7":{"loc":{"start":{"line":169,"column":6},"end":{"line":169,"column":null}},"type":"if","locations":[{"start":{"line":169,"column":6},"end":{"line":169,"column":null}},{"start":{},"end":{}}],"line":169},"8":{"loc":{"start":{"line":178,"column":2},"end":{"line":180,"column":null}},"type":"if","locations":[{"start":{"line":178,"column":2},"end":{"line":180,"column":null}},{"start":{},"end":{}}],"line":178}},"s":{"0":1,"1":1,"2":1,"3":1,"4":1,"5":1,"6":0,"7":0,"8":1,"9":1,"10":0,"11":0,"12":1,"13":1,"14":1,"15":0,"16":0,"17":0,"18":0,"19":1,"20":2,"21":2,"22":0,"23":0,"24":0,"25":0,"26":0,"27":1,"28":2,"29":1,"30":1,"31":2,"32":1,"33":1,"34":2,"35":2,"36":2,"37":0,"38":0,"39":0,"40":0,"41":0,"42":1},"f":{"0":1,"1":1,"2":0,"3":0,"4":1,"5":0,"6":0,"7":2,"8":2,"9":1,"10":2,"11":0,"12":0,"13":0,"14":0},"b":{"0":[0,0],"1":[0,0],"2":[0,0],"3":[0,0],"4":[0,0],"5":[2,0],"6":[0,0],"7":[0,0],"8":[1,1]},"meta":{"lastBranch":9,"lastFunction":15,"lastStatement":43,"seen":{"s:6:14:6:Infinity":0,"f:6:14:6:15":0,"s:6:30:6:Infinity":1,"f:6:42:6:43":1,"s:6:55:6:78":2,"s:9:45:42:Infinity":3,"s:44:47:80:Infinity":4,"s:83:6:109:Infinity":5,"f:84:2:84:3":2,"s:85:23:85:Infinity":6,"b:85:56:85:70:85:70:85:Infinity":0,"b:85:105:85:119:85:119:85:Infinity":1,"s:87:4:106:Infinity":7,"b:100:9:100:Infinity:101:10:104:Infinity":2,"b:102:45:102:51:102:51:102:Infinity":3,"b:102:85:102:91:102:91:102:Infinity":4,"s:111:0:111:Infinity":8,"s:114:6:148:Infinity":9,"f:115:2:115:3":3,"s:116:22:121:Infinity":10,"s:123:4:145:Infinity":11,"s:150:0:150:Infinity":12,"f:157:9:157:27":4,"s:158:15:158:Infinity":13,"s:160:18:163:Infinity":14,"f:161:4:161:5":5,"s:161:16:161:36":15,"s:161:36:161:51":16,"f:162:4:162:5":6,"s:162:17:162:35":17,"s:162:35:162:51":18,"s:165:2:172:Infinity":19,"f:166:4:166:11":7,"b:167:6:167:Infinity:undefined:undefined:undefined:undefined":5,"s:167:6:167:Infinity":20,"s:167:32:167:Infinity":21,"b:168:6:168:Infinity:undefined:undefined:undefined:undefined":6,"s:168:6:168:Infinity":22,"s:168:30:168:Infinity":23,"b:169:6:169:Infinity:undefined:undefined:undefined:undefined":7,"s:169:6:169:Infinity":24,"s:169:32:169:Infinity":25,"s:170:6:170:Infinity":26,"s:175:22:175:Infinity":27,"f:177:9:177:21":8,"b:178:2:180:Infinity:undefined:undefined:undefined:undefined":8,"s:178:2:180:Infinity":28,"s:179:4:179:Infinity":29,"f:179:42:179:48":9,"s:179:48:179:62":30,"s:181:2:181:Infinity":31,"s:184:25:184:Infinity":32,"s:187:31:191:Infinity":33,"f:187:31:187:37":10,"s:188:19:188:Infinity":34,"s:189:2:189:Infinity":35,"s:190:2:190:Infinity":36,"f:194:9:194:25":11,"s:195:8:195:Infinity":37,"f:195:30:195:36":12,"s:195:30:195:65":38,"s:197:2:311:Infinity":39,"f:258:26:258:27":13,"s:259:12:259:Infinity":40,"f:279:31:279:32":14,"s:280:14:280:Infinity":41,"s:315:0:315:Infinity":42}}}
,"C:\\Users\\DEVDUL\\Documents\\DEVELOPMENT\\module-federation-demo\\packages\\dashboard\\src\\UserDashboard.tsx": {"path":"C:\\Users\\DEVDUL\\Documents\\DEVELOPMENT\\module-federation-demo\\packages\\dashboard\\src\\UserDashboard.tsx","statementMap":{"0":{"start":{"line":5,"column":45},"end":{"line":38,"column":null}},"1":{"start":{"line":40,"column":47},"end":{"line":76,"column":null}},"2":{"start":{"line":79,"column":6},"end":{"line":105,"column":null}},"3":{"start":{"line":81,"column":23},"end":{"line":81,"column":null}},"4":{"start":{"line":83,"column":4},"end":{"line":102,"column":null}},"5":{"start":{"line":107,"column":0},"end":{"line":107,"column":null}},"6":{"start":{"line":110,"column":6},"end":{"line":143,"column":null}},"7":{"start":{"line":112,"column":22},"end":{"line":117,"column":null}},"8":{"start":{"line":119,"column":4},"end":{"line":140,"column":null}},"9":{"start":{"line":145,"column":0},"end":{"line":145,"column":null}},"10":{"start":{"line":149,"column":8},"end":{"line":149,"column":null}},"11":{"start":{"line":149,"column":30},"end":{"line":149,"column":65}},"12":{"start":{"line":151,"column":2},"end":{"line":256,"column":null}},"13":{"start":{"line":208,"column":12},"end":{"line":208,"column":null}},"14":{"start":{"line":229,"column":14},"end":{"line":229,"column":null}},"15":{"start":{"line":260,"column":0},"end":{"line":260,"column":null}}},"fnMap":{"0":{"name":"(anonymous_0)","decl":{"start":{"line":80,"column":2},"end":{"line":80,"column":3}},"loc":{"start":{"line":80,"column":23},"end":{"line":104,"column":null}},"line":80},"1":{"name":"(anonymous_1)","decl":{"start":{"line":111,"column":2},"end":{"line":111,"column":3}},"loc":{"start":{"line":111,"column":27},"end":{"line":142,"column":null}},"line":111},"2":{"name":"UserDashboard","decl":{"start":{"line":148,"column":9},"end":{"line":148,"column":25}},"loc":{"start":{"line":148,"column":25},"end":{"line":258,"column":null}},"line":148},"3":{"name":"(anonymous_3)","decl":{"start":{"line":149,"column":30},"end":{"line":149,"column":36}},"loc":{"start":{"line":149,"column":30},"end":{"line":149,"column":65}},"line":149},"4":{"name":"(anonymous_4)","decl":{"start":{"line":207,"column":26},"end":{"line":207,"column":27}},"loc":{"start":{"line":208,"column":12},"end":{"line":208,"column":null}},"line":208},"5":{"name":"(anonymous_5)","decl":{"start":{"line":228,"column":31},"end":{"line":228,"column":32}},"loc":{"start":{"line":229,"column":14},"end":{"line":229,"column":null}},"line":229}},"branchMap":{"0":{"loc":{"start":{"line":81,"column":23},"end":{"line":81,"column":null}},"type":"cond-expr","locations":[{"start":{"line":81,"column":56},"end":{"line":81,"column":70}},{"start":{"line":81,"column":70},"end":{"line":81,"column":null}}],"line":81},"1":{"loc":{"start":{"line":81,"column":70},"end":{"line":81,"column":null}},"type":"cond-expr","locations":[{"start":{"line":81,"column":105},"end":{"line":81,"column":119}},{"start":{"line":81,"column":119},"end":{"line":81,"column":null}}],"line":81},"2":{"loc":{"start":{"line":96,"column":9},"end":{"line":100,"column":null}},"type":"binary-expr","locations":[{"start":{"line":96,"column":9},"end":{"line":96,"column":null}},{"start":{"line":97,"column":10},"end":{"line":100,"column":null}}],"line":96},"3":{"loc":{"start":{"line":98,"column":13},"end":{"line":98,"column":null}},"type":"cond-expr","locations":[{"start":{"line":98,"column":45},"end":{"line":98,"column":51}},{"start":{"line":98,"column":51},"end":{"line":98,"column":null}}],"line":98},"4":{"loc":{"start":{"line":98,"column":51},"end":{"line":98,"column":null}},"type":"cond-expr","locations":[{"start":{"line":98,"column":85},"end":{"line":98,"column":91}},{"start":{"line":98,"column":91},"end":{"line":98,"column":null}}],"line":98}},"s":{"0":1,"1":1,"2":1,"3":44,"4":44,"5":1,"6":1,"7":55,"8":55,"9":1,"10":11,"11":11,"12":11,"13":44,"14":55,"15":1},"f":{"0":44,"1":55,"2":11,"3":11,"4":44,"5":55},"b":{"0":[44,0],"1":[0,0],"2":[44,44],"3":[44,0],"4":[0,0]},"meta":{"lastBranch":5,"lastFunction":6,"lastStatement":16,"seen":{"s:5:45:38:Infinity":0,"s:40:47:76:Infinity":1,"s:79:6:105:Infinity":2,"f:80:2:80:3":0,"s:81:23:81:Infinity":3,"b:81:56:81:70:81:70:81:Infinity":0,"b:81:105:81:119:81:119:81:Infinity":1,"s:83:4:102:Infinity":4,"b:96:9:96:Infinity:97:10:100:Infinity":2,"b:98:45:98:51:98:51:98:Infinity":3,"b:98:85:98:91:98:91:98:Infinity":4,"s:107:0:107:Infinity":5,"s:110:6:143:Infinity":6,"f:111:2:111:3":1,"s:112:22:117:Infinity":7,"s:119:4:140:Infinity":8,"s:145:0:145:Infinity":9,"f:148:9:148:25":2,"s:149:8:149:Infinity":10,"f:149:30:149:36":3,"s:149:30:149:65":11,"s:151:2:256:Infinity":12,"f:207:26:207:27":4,"s:208:12:208:Infinity":13,"f:228:31:228:32":5,"s:229:14:229:Infinity":14,"s:260:0:260:Infinity":15}}}
,"C:\\Users\\DEVDUL\\Documents\\DEVELOPMENT\\module-federation-demo\\packages\\dashboard\\src\\lib\\utils.ts": {"path":"C:\\Users\\DEVDUL\\Documents\\DEVELOPMENT\\module-federation-demo\\packages\\dashboard\\src\\lib\\utils.ts","statementMap":{"0":{"start":{"line":6,"column":2},"end":{"line":6,"column":null}}},"fnMap":{"0":{"name":"cn","decl":{"start":{"line":5,"column":16},"end":{"line":5,"column":22}},"loc":{"start":{"line":5,"column":44},"end":{"line":7,"column":null}},"line":5}},"branchMap":{},"s":{"0":0},"f":{"0":0},"b":{},"meta":{"lastBranch":0,"lastFunction":1,"lastStatement":1,"seen":{"f:5:16:5:22":0,"s:6:2:6:Infinity":0}}}
,"C:\\Users\\DEVDUL\\Documents\\DEVELOPMENT\\module-federation-demo\\packages\\products\\src\\ProductsCatalog.tsx": {"path":"C:\\Users\\DEVDUL\\Documents\\DEVELOPMENT\\module-federation-demo\\packages\\products\\src\\ProductsCatalog.tsx","statementMap":{"0":{"start":{"line":5,"column":42},"end":{"line":54,"column":null}},"1":{"start":{"line":56,"column":46},"end":{"line":61,"column":null}},"2":{"start":{"line":64,"column":6},"end":{"line":111,"column":null}},"3":{"start":{"line":69,"column":2},"end":{"line":110,"column":null}},"4":{"start":{"line":102,"column":25},"end":{"line":102,"column":null}},"5":{"start":{"line":113,"column":0},"end":{"line":113,"column":null}},"6":{"start":{"line":116,"column":46},"end":{"line":117,"column":null}},"7":{"start":{"line":119,"column":8},"end":{"line":124,"column":null}},"8":{"start":{"line":120,"column":4},"end":{"line":123,"column":null}},"9":{"start":{"line":122,"column":8},"end":{"line":122,"column":null}},"10":{"start":{"line":126,"column":8},"end":{"line":128,"column":null}},"11":{"start":{"line":127,"column":4},"end":{"line":127,"column":null}},"12":{"start":{"line":130,"column":8},"end":{"line":156,"column":null}},"13":{"start":{"line":131,"column":31},"end":{"line":136,"column":null}},"14":{"start":{"line":138,"column":4},"end":{"line":155,"column":null}},"15":{"start":{"line":139,"column":6},"end":{"line":144,"column":null}},"16":{"start":{"line":145,"column":6},"end":{"line":152,"column":null}},"17":{"start":{"line":154,"column":6},"end":{"line":154,"column":null}},"18":{"start":{"line":158,"column":2},"end":{"line":230,"column":null}},"19":{"start":{"line":181,"column":10},"end":{"line":196,"column":null}},"20":{"start":{"line":183,"column":27},"end":{"line":183,"column":null}},"21":{"start":{"line":208,"column":14},"end":{"line":213,"column":null}},"22":{"start":{"line":234,"column":0},"end":{"line":234,"column":null}}},"fnMap":{"0":{"name":"(anonymous_0)","decl":{"start":{"line":68,"column":3},"end":{"line":68,"column":4}},"loc":{"start":{"line":69,"column":2},"end":{"line":110,"column":null}},"line":69},"1":{"name":"(anonymous_1)","decl":{"start":{"line":102,"column":19},"end":{"line":102,"column":25}},"loc":{"start":{"line":102,"column":25},"end":{"line":102,"column":null}},"line":102},"2":{"name":"ProductsCatalog","decl":{"start":{"line":115,"column":9},"end":{"line":115,"column":27}},"loc":{"start":{"line":115,"column":27},"end":{"line":232,"column":null}},"line":115},"3":{"name":"(anonymous_3)","decl":{"start":{"line":119,"column":35},"end":{"line":119,"column":41}},"loc":{"start":{"line":119,"column":41},"end":{"line":124,"column":5}},"line":119},"4":{"name":"(anonymous_4)","decl":{"start":{"line":121,"column":6},"end":{"line":121,"column":7}},"loc":{"start":{"line":122,"column":8},"end":{"line":122,"column":null}},"line":122},"5":{"name":"(anonymous_5)","decl":{"start":{"line":126,"column":43},"end":{"line":126,"column":44}},"loc":{"start":{"line":126,"column":73},"end":{"line":128,"column":5}},"line":126},"6":{"name":"(anonymous_6)","decl":{"start":{"line":130,"column":38},"end":{"line":130,"column":39}},"loc":{"start":{"line":130,"column":60},"end":{"line":156,"column":5}},"line":130},"7":{"name":"(anonymous_7)","decl":{"start":{"line":180,"column":24},"end":{"line":180,"column":25}},"loc":{"start":{"line":181,"column":10},"end":{"line":196,"column":null}},"line":181},"8":{"name":"(anonymous_8)","decl":{"start":{"line":183,"column":21},"end":{"line":183,"column":27}},"loc":{"start":{"line":183,"column":27},"end":{"line":183,"column":null}},"line":183},"9":{"name":"(anonymous_9)","decl":{"start":{"line":207,"column":34},"end":{"line":207,"column":35}},"loc":{"start":{"line":208,"column":14},"end":{"line":213,"column":null}},"line":208}},"branchMap":{"0":{"loc":{"start":{"line":122,"column":8},"end":{"line":122,"column":null}},"type":"binary-expr","locations":[{"start":{"line":122,"column":8},"end":{"line":122,"column":38}},{"start":{"line":122,"column":38},"end":{"line":122,"column":null}}],"line":122},"1":{"loc":{"start":{"line":186,"column":14},"end":{"line":188,"column":null}},"type":"cond-expr","locations":[{"start":{"line":187,"column":18},"end":{"line":187,"column":null}},{"start":{"line":188,"column":18},"end":{"line":188,"column":null}}],"line":186},"2":{"loc":{"start":{"line":193,"column":13},"end":{"line":194,"column":null}},"type":"binary-expr","locations":[{"start":{"line":193,"column":13},"end":{"line":193,"column":null}},{"start":{"line":194,"column":14},"end":{"line":194,"column":null}}],"line":193},"3":{"loc":{"start":{"line":199,"column":41},"end":{"line":199,"column":null}},"type":"cond-expr","locations":[{"start":{"line":199,"column":73},"end":{"line":199,"column":79}},{"start":{"line":199,"column":79},"end":{"line":199,"column":null}}],"line":199},"4":{"loc":{"start":{"line":205,"column":9},"end":{"line":227,"column":null}},"type":"cond-expr","locations":[{"start":{"line":206,"column":10},"end":{"line":215,"column":null}},{"start":{"line":217,"column":10},"end":{"line":227,"column":null}}],"line":205}},"s":{"0":1,"1":1,"2":1,"3":84,"4":1,"5":1,"6":18,"7":18,"8":18,"9":108,"10":18,"11":6,"12":18,"13":1,"14":1,"15":1,"16":1,"17":0,"18":18,"19":72,"20":6,"21":88,"22":1},"f":{"0":84,"1":1,"2":18,"3":18,"4":108,"5":6,"6":1,"7":72,"8":6,"9":88},"b":{"0":[108,30],"1":[18,54],"2":[72,18],"3":[18,0],"4":[18,0]},"meta":{"lastBranch":5,"lastFunction":10,"lastStatement":23,"seen":{"s:5:42:54:Infinity":0,"s:56:46:61:Infinity":1,"s:64:6:111:Infinity":2,"f:68:3:68:4":0,"s:69:2:110:Infinity":3,"f:102:19:102:25":1,"s:102:25:102:Infinity":4,"s:113:0:113:Infinity":5,"f:115:9:115:27":2,"s:116:46:117:Infinity":6,"s:119:8:124:Infinity":7,"f:119:35:119:41":3,"s:120:4:123:Infinity":8,"f:121:6:121:7":4,"s:122:8:122:Infinity":9,"b:122:8:122:38:122:38:122:Infinity":0,"s:126:8:128:Infinity":10,"f:126:43:126:44":5,"s:127:4:127:Infinity":11,"s:130:8:156:Infinity":12,"f:130:38:130:39":6,"s:131:31:136:Infinity":13,"s:138:4:155:Infinity":14,"s:139:6:144:Infinity":15,"s:145:6:152:Infinity":16,"s:154:6:154:Infinity":17,"s:158:2:230:Infinity":18,"f:180:24:180:25":7,"s:181:10:196:Infinity":19,"f:183:21:183:27":8,"s:183:27:183:Infinity":20,"b:187:18:187:Infinity:188:18:188:Infinity":1,"b:193:13:193:Infinity:194:14:194:Infinity":2,"b:199:73:199:79:199:79:199:Infinity":3,"b:206:10:215:Infinity:217:10:227:Infinity":4,"f:207:34:207:35":9,"s:208:14:213:Infinity":21,"s:234:0:234:Infinity":22}}}
,"C:\\Users\\DEVDUL\\Documents\\DEVELOPMENT\\module-federation-demo\\packages\\products\\src\\StreamingProductsCatalog.tsx": {"path":"C:\\Users\\DEVDUL\\Documents\\DEVELOPMENT\\module-federation-demo\\packages\\products\\src\\StreamingProductsCatalog.tsx","statementMap":{"0":{"start":{"line":6,"column":14},"end":{"line":6,"column":null}},"1":{"start":{"line":6,"column":30},"end":{"line":6,"column":null}},"2":{"start":{"line":6,"column":55},"end":{"line":6,"column":78}},"3":{"start":{"line":9,"column":42},"end":{"line":81,"column":null}},"4":{"start":{"line":83,"column":46},"end":{"line":88,"column":null}},"5":{"start":{"line":96,"column":15},"end":{"line":96,"column":null}},"6":{"start":{"line":98,"column":18},"end":{"line":107,"column":null}},"7":{"start":{"line":100,"column":6},"end":{"line":100,"column":null}},"8":{"start":{"line":101,"column":6},"end":{"line":101,"column":null}},"9":{"start":{"line":104,"column":6},"end":{"line":104,"column":null}},"10":{"start":{"line":105,"column":6},"end":{"line":105,"column":null}},"11":{"start":{"line":109,"column":2},"end":{"line":120,"column":null}},"12":{"start":{"line":111,"column":6},"end":{"line":117,"column":null}},"13":{"start":{"line":112,"column":8},"end":{"line":112,"column":null}},"14":{"start":{"line":113,"column":6},"end":{"line":117,"column":null}},"15":{"start":{"line":114,"column":8},"end":{"line":114,"column":null}},"16":{"start":{"line":115,"column":6},"end":{"line":117,"column":null}},"17":{"start":{"line":116,"column":8},"end":{"line":116,"column":null}},"18":{"start":{"line":118,"column":6},"end":{"line":118,"column":null}},"19":{"start":{"line":124,"column":22},"end":{"line":124,"column":null}},"20":{"start":{"line":127,"column":2},"end":{"line":130,"column":null}},"21":{"start":{"line":128,"column":21},"end":{"line":128,"column":null}},"22":{"start":{"line":128,"column":42},"end":{"line":128,"column":56}},"23":{"start":{"line":129,"column":4},"end":{"line":129,"column":null}},"24":{"start":{"line":131,"column":2},"end":{"line":131,"column":null}},"25":{"start":{"line":135,"column":2},"end":{"line":135,"column":null}},"26":{"start":{"line":139,"column":25},"end":{"line":139,"column":null}},"27":{"start":{"line":142,"column":33},"end":{"line":146,"column":null}},"28":{"start":{"line":143,"column":19},"end":{"line":143,"column":null}},"29":{"start":{"line":144,"column":2},"end":{"line":144,"column":null}},"30":{"start":{"line":145,"column":2},"end":{"line":145,"column":null}},"31":{"start":{"line":149,"column":46},"end":{"line":150,"column":null}},"32":{"start":{"line":152,"column":8},"end":{"line":157,"column":null}},"33":{"start":{"line":153,"column":4},"end":{"line":156,"column":null}},"34":{"start":{"line":155,"column":8},"end":{"line":155,"column":null}},"35":{"start":{"line":159,"column":8},"end":{"line":161,"column":null}},"36":{"start":{"line":160,"column":4},"end":{"line":160,"column":null}},"37":{"start":{"line":163,"column":8},"end":{"line":190,"column":null}},"38":{"start":{"line":164,"column":31},"end":{"line":169,"column":null}},"39":{"start":{"line":171,"column":4},"end":{"line":189,"column":null}},"40":{"start":{"line":172,"column":6},"end":{"line":177,"column":null}},"41":{"start":{"line":179,"column":6},"end":{"line":186,"column":null}},"42":{"start":{"line":188,"column":6},"end":{"line":188,"column":null}},"43":{"start":{"line":192,"column":2},"end":{"line":321,"column":null}},"44":{"start":{"line":217,"column":12},"end":{"line":233,"column":null}},"45":{"start":{"line":219,"column":29},"end":{"line":219,"column":null}},"46":{"start":{"line":243,"column":14},"end":{"line":294,"column":null}},"47":{"start":{"line":282,"column":35},"end":{"line":282,"column":null}},"48":{"start":{"line":325,"column":0},"end":{"line":325,"column":null}}},"fnMap":{"0":{"name":"(anonymous_0)","decl":{"start":{"line":6,"column":14},"end":{"line":6,"column":15}},"loc":{"start":{"line":6,"column":30},"end":{"line":6,"column":null}},"line":6},"1":{"name":"(anonymous_1)","decl":{"start":{"line":6,"column":42},"end":{"line":6,"column":43}},"loc":{"start":{"line":6,"column":55},"end":{"line":6,"column":78}},"line":6},"2":{"name":"createResource","decl":{"start":{"line":95,"column":9},"end":{"line":95,"column":27}},"loc":{"start":{"line":95,"column":67},"end":{"line":121,"column":null}},"line":95},"3":{"name":"(anonymous_3)","decl":{"start":{"line":99,"column":4},"end":{"line":99,"column":5}},"loc":{"start":{"line":99,"column":14},"end":{"line":102,"column":null}},"line":99},"4":{"name":"(anonymous_4)","decl":{"start":{"line":103,"column":4},"end":{"line":103,"column":5}},"loc":{"start":{"line":103,"column":15},"end":{"line":106,"column":null}},"line":103},"5":{"name":"(anonymous_5)","decl":{"start":{"line":110,"column":4},"end":{"line":110,"column":11}},"loc":{"start":{"line":110,"column":11},"end":{"line":119,"column":null}},"line":110},"6":{"name":"getResource","decl":{"start":{"line":126,"column":9},"end":{"line":126,"column":21}},"loc":{"start":{"line":126,"column":67},"end":{"line":132,"column":null}},"line":126},"7":{"name":"(anonymous_7)","decl":{"start":{"line":128,"column":36},"end":{"line":128,"column":42}},"loc":{"start":{"line":128,"column":42},"end":{"line":128,"column":56}},"line":128},"8":{"name":"clearResourceCache","decl":{"start":{"line":134,"column":9},"end":{"line":134,"column":30}},"loc":{"start":{"line":134,"column":30},"end":{"line":136,"column":null}},"line":134},"9":{"name":"(anonymous_9)","decl":{"start":{"line":142,"column":33},"end":{"line":142,"column":39}},"loc":{"start":{"line":142,"column":39},"end":{"line":146,"column":null}},"line":142},"10":{"name":"ProductsCatalog","decl":{"start":{"line":148,"column":9},"end":{"line":148,"column":27}},"loc":{"start":{"line":148,"column":27},"end":{"line":323,"column":null}},"line":148},"11":{"name":"(anonymous_11)","decl":{"start":{"line":152,"column":35},"end":{"line":152,"column":41}},"loc":{"start":{"line":152,"column":41},"end":{"line":157,"column":5}},"line":152},"12":{"name":"(anonymous_12)","decl":{"start":{"line":154,"column":6},"end":{"line":154,"column":7}},"loc":{"start":{"line":155,"column":8},"end":{"line":155,"column":null}},"line":155},"13":{"name":"(anonymous_13)","decl":{"start":{"line":159,"column":43},"end":{"line":159,"column":44}},"loc":{"start":{"line":159,"column":73},"end":{"line":161,"column":5}},"line":159},"14":{"name":"(anonymous_14)","decl":{"start":{"line":163,"column":38},"end":{"line":163,"column":39}},"loc":{"start":{"line":163,"column":60},"end":{"line":190,"column":5}},"line":163},"15":{"name":"(anonymous_15)","decl":{"start":{"line":216,"column":26},"end":{"line":216,"column":27}},"loc":{"start":{"line":217,"column":12},"end":{"line":233,"column":null}},"line":217},"16":{"name":"(anonymous_16)","decl":{"start":{"line":219,"column":23},"end":{"line":219,"column":29}},"loc":{"start":{"line":219,"column":29},"end":{"line":219,"column":null}},"line":219},"17":{"name":"(anonymous_17)","decl":{"start":{"line":242,"column":34},"end":{"line":242,"column":35}},"loc":{"start":{"line":243,"column":14},"end":{"line":294,"column":null}},"line":243},"18":{"name":"(anonymous_18)","decl":{"start":{"line":282,"column":29},"end":{"line":282,"column":35}},"loc":{"start":{"line":282,"column":35},"end":{"line":282,"column":null}},"line":282}},"branchMap":{"0":{"loc":{"start":{"line":111,"column":6},"end":{"line":117,"column":null}},"type":"if","locations":[{"start":{"line":111,"column":6},"end":{"line":117,"column":null}},{"start":{"line":113,"column":6},"end":{"line":117,"column":null}}],"line":111},"1":{"loc":{"start":{"line":113,"column":6},"end":{"line":117,"column":null}},"type":"if","locations":[{"start":{"line":113,"column":6},"end":{"line":117,"column":null}},{"start":{"line":115,"column":6},"end":{"line":117,"column":null}}],"line":113},"2":{"loc":{"start":{"line":115,"column":6},"end":{"line":117,"column":null}},"type":"if","locations":[{"start":{"line":115,"column":6},"end":{"line":117,"column":null}},{"start":{},"end":{}}],"line":115},"3":{"loc":{"start":{"line":127,"column":2},"end":{"line":130,"column":null}},"type":"if","locations":[{"start":{"line":127,"column":2},"end":{"line":130,"column":null}},{"start":{},"end":{}}],"line":127},"4":{"loc":{"start":{"line":155,"column":8},"end":{"line":155,"column":null}},"type":"binary-expr","locations":[{"start":{"line":155,"column":8},"end":{"line":155,"column":38}},{"start":{"line":155,"column":38},"end":{"line":155,"column":null}}],"line":155},"5":{"loc":{"start":{"line":222,"column":16},"end":{"line":224,"column":null}},"type":"cond-expr","locations":[{"start":{"line":223,"column":20},"end":{"line":223,"column":null}},{"start":{"line":224,"column":20},"end":{"line":224,"column":null}}],"line":222},"6":{"loc":{"start":{"line":230,"column":15},"end":{"line":231,"column":null}},"type":"binary-expr","locations":[{"start":{"line":230,"column":15},"end":{"line":230,"column":null}},{"start":{"line":231,"column":16},"end":{"line":231,"column":null}}],"line":230},"7":{"loc":{"start":{"line":240,"column":9},"end":{"line":308,"column":null}},"type":"cond-expr","locations":[{"start":{"line":241,"column":10},"end":{"line":296,"column":null}},{"start":{"line":298,"column":10},"end":{"line":308,"column":null}}],"line":240}},"s":{"0":1,"1":1,"2":1,"3":1,"4":1,"5":1,"6":1,"7":0,"8":0,"9":0,"10":0,"11":1,"12":23,"13":23,"14":0,"15":0,"16":0,"17":0,"18":0,"19":1,"20":23,"21":1,"22":1,"23":1,"24":23,"25":0,"26":1,"27":1,"28":23,"29":23,"30":23,"31":0,"32":0,"33":0,"34":0,"35":0,"36":0,"37":0,"38":0,"39":0,"40":0,"41":0,"42":0,"43":0,"44":0,"45":0,"46":0,"47":0,"48":1},"f":{"0":1,"1":1,"2":1,"3":0,"4":0,"5":23,"6":23,"7":1,"8":0,"9":23,"10":0,"11":0,"12":0,"13":0,"14":0,"15":0,"16":0,"17":0,"18":0},"b":{"0":[23,0],"1":[0,0],"2":[0,0],"3":[1,22],"4":[0,0],"5":[0,0],"6":[0,0],"7":[0,0]},"meta":{"lastBranch":8,"lastFunction":19,"lastStatement":49,"seen":{"s:6:14:6:Infinity":0,"f:6:14:6:15":0,"s:6:30:6:Infinity":1,"f:6:42:6:43":1,"s:6:55:6:78":2,"s:9:42:81:Infinity":3,"s:83:46:88:Infinity":4,"f:95:9:95:27":2,"s:96:15:96:Infinity":5,"s:98:18:107:Infinity":6,"f:99:4:99:5":3,"s:100:6:100:Infinity":7,"s:101:6:101:Infinity":8,"f:103:4:103:5":4,"s:104:6:104:Infinity":9,"s:105:6:105:Infinity":10,"s:109:2:120:Infinity":11,"f:110:4:110:11":5,"b:111:6:117:Infinity:113:6:117:Infinity":0,"s:111:6:117:Infinity":12,"s:112:8:112:Infinity":13,"b:113:6:117:Infinity:115:6:117:Infinity":1,"s:113:6:117:Infinity":14,"s:114:8:114:Infinity":15,"b:115:6:117:Infinity:undefined:undefined:undefined:undefined":2,"s:115:6:117:Infinity":16,"s:116:8:116:Infinity":17,"s:118:6:118:Infinity":18,"s:124:22:124:Infinity":19,"f:126:9:126:21":6,"b:127:2:130:Infinity:undefined:undefined:undefined:undefined":3,"s:127:2:130:Infinity":20,"s:128:21:128:Infinity":21,"f:128:36:128:42":7,"s:128:42:128:56":22,"s:129:4:129:Infinity":23,"s:131:2:131:Infinity":24,"f:134:9:134:30":8,"s:135:2:135:Infinity":25,"s:139:25:139:Infinity":26,"s:142:33:146:Infinity":27,"f:142:33:142:39":9,"s:143:19:143:Infinity":28,"s:144:2:144:Infinity":29,"s:145:2:145:Infinity":30,"f:148:9:148:27":10,"s:149:46:150:Infinity":31,"s:152:8:157:Infinity":32,"f:152:35:152:41":11,"s:153:4:156:Infinity":33,"f:154:6:154:7":12,"s:155:8:155:Infinity":34,"b:155:8:155:38:155:38:155:Infinity":4,"s:159:8:161:Infinity":35,"f:159:43:159:44":13,"s:160:4:160:Infinity":36,"s:163:8:190:Infinity":37,"f:163:38:163:39":14,"s:164:31:169:Infinity":38,"s:171:4:189:Infinity":39,"s:172:6:177:Infinity":40,"s:179:6:186:Infinity":41,"s:188:6:188:Infinity":42,"s:192:2:321:Infinity":43,"f:216:26:216:27":15,"s:217:12:233:Infinity":44,"f:219:23:219:29":16,"s:219:29:219:Infinity":45,"b:223:20:223:Infinity:224:20:224:Infinity":5,"b:230:15:230:Infinity:231:16:231:Infinity":6,"b:241:10:296:Infinity:298:10:308:Infinity":7,"f:242:34:242:35":17,"s:243:14:294:Infinity":46,"f:282:29:282:35":18,"s:282:35:282:Infinity":47,"s:325:0:325:Infinity":48}}}
,"C:\\Users\\DEVDUL\\Documents\\DEVELOPMENT\\module-federation-demo\\packages\\products\\src\\lib\\utils.ts": {"path":"C:\\Users\\DEVDUL\\Documents\\DEVELOPMENT\\module-federation-demo\\packages\\products\\src\\lib\\utils.ts","statementMap":{"0":{"start":{"line":6,"column":2},"end":{"line":6,"column":null}}},"fnMap":{"0":{"name":"cn","decl":{"start":{"line":5,"column":16},"end":{"line":5,"column":22}},"loc":{"start":{"line":5,"column":44},"end":{"line":7,"column":null}},"line":5}},"branchMap":{},"s":{"0":0},"f":{"0":0},"b":{},"meta":{"lastBranch":0,"lastFunction":1,"lastStatement":1,"seen":{"f:5:16:5:22":0,"s:6:2:6:Infinity":0}}}
,"C:\\Users\\DEVDUL\\Documents\\DEVELOPMENT\\module-federation-demo\\packages\\shell\\src\\App.tsx": {"path":"C:\\Users\\DEVDUL\\Documents\\DEVELOPMENT\\module-federation-demo\\packages\\shell\\src\\App.tsx","statementMap":{"0":{"start":{"line":17,"column":6},"end":{"line":29,"column":null}},"1":{"start":{"line":18,"column":2},"end":{"line":28,"column":null}},"2":{"start":{"line":19,"column":4},"end":{"line":19,"column":null}},"3":{"start":{"line":20,"column":4},"end":{"line":27,"column":null}},"4":{"start":{"line":22,"column":8},"end":{"line":25,"column":null}},"5":{"start":{"line":31,"column":6},"end":{"line":43,"column":null}},"6":{"start":{"line":32,"column":2},"end":{"line":42,"column":null}},"7":{"start":{"line":33,"column":4},"end":{"line":33,"column":null}},"8":{"start":{"line":34,"column":4},"end":{"line":41,"column":null}},"9":{"start":{"line":36,"column":8},"end":{"line":39,"column":null}},"10":{"start":{"line":45,"column":6},"end":{"line":57,"column":null}},"11":{"start":{"line":46,"column":2},"end":{"line":56,"column":null}},"12":{"start":{"line":47,"column":4},"end":{"line":47,"column":null}},"13":{"start":{"line":48,"column":4},"end":{"line":55,"column":null}},"14":{"start":{"line":50,"column":8},"end":{"line":53,"column":null}},"15":{"start":{"line":70,"column":65},"end":{"line":74,"column":null}},"16":{"start":{"line":71,"column":19},"end":{"line":71,"column":null}},"17":{"start":{"line":72,"column":19},"end":{"line":72,"column":null}},"18":{"start":{"line":73,"column":19},"end":{"line":73,"column":null}},"19":{"start":{"line":77,"column":41},"end":{"line":81,"column":null}},"20":{"start":{"line":84,"column":6},"end":{"line":116,"column":null}},"21":{"start":{"line":89,"column":8},"end":{"line":91,"column":null}},"22":{"start":{"line":90,"column":4},"end":{"line":90,"column":null}},"23":{"start":{"line":90,"column":19},"end":{"line":90,"column":null}},"24":{"start":{"line":93,"column":2},"end":{"line":114,"column":null}},"25":{"start":{"line":95,"column":21},"end":{"line":95,"column":null}},"26":{"start":{"line":118,"column":0},"end":{"line":118,"column":null}},"27":{"start":{"line":129,"column":38},"end":{"line":129,"column":null}},"28":{"start":{"line":130,"column":40},"end":{"line":130,"column":null}},"29":{"start":{"line":132,"column":23},"end":{"line":132,"column":null}},"30":{"start":{"line":132,"column":43},"end":{"line":132,"column":64}},"31":{"start":{"line":134,"column":8},"end":{"line":155,"column":null}},"32":{"start":{"line":135,"column":4},"end":{"line":135,"column":null}},"33":{"start":{"line":137,"column":4},"end":{"line":145,"column":null}},"34":{"start":{"line":138,"column":6},"end":{"line":142,"column":null}},"35":{"start":{"line":144,"column":6},"end":{"line":144,"column":null}},"36":{"start":{"line":147,"column":4},"end":{"line":154,"column":null}},"37":{"start":{"line":147,"column":31},"end":{"line":154,"column":5}},"38":{"start":{"line":158,"column":2},"end":{"line":171,"column":null}},"39":{"start":{"line":159,"column":31},"end":{"line":166,"column":null}},"40":{"start":{"line":160,"column":26},"end":{"line":160,"column":null}},"41":{"start":{"line":161,"column":32},"end":{"line":161,"column":null}},"42":{"start":{"line":162,"column":6},"end":{"line":165,"column":null}},"43":{"start":{"line":162,"column":33},"end":{"line":165,"column":7}},"44":{"start":{"line":168,"column":4},"end":{"line":168,"column":null}},"45":{"start":{"line":169,"column":4},"end":{"line":170,"column":null}},"46":{"start":{"line":170,"column":6},"end":{"line":170,"column":null}},"47":{"start":{"line":174,"column":2},"end":{"line":180,"column":null}},"48":{"start":{"line":175,"column":4},"end":{"line":175,"column":null}},"49":{"start":{"line":175,"column":36},"end":{"line":175,"column":null}},"50":{"start":{"line":176,"column":18},"end":{"line":178,"column":null}},"51":{"start":{"line":177,"column":6},"end":{"line":177,"column":null}},"52":{"start":{"line":177,"column":33},"end":{"line":177,"column":50}},"53":{"start":{"line":179,"column":4},"end":{"line":179,"column":null}},"54":{"start":{"line":179,"column":17},"end":{"line":179,"column":null}},"55":{"start":{"line":182,"column":8},"end":{"line":217,"column":null}},"56":{"start":{"line":183,"column":31},"end":{"line":185,"column":null}},"57":{"start":{"line":184,"column":18},"end":{"line":184,"column":null}},"58":{"start":{"line":187,"column":4},"end":{"line":193,"column":null}},"59":{"start":{"line":188,"column":6},"end":{"line":191,"column":null}},"60":{"start":{"line":195,"column":37},"end":{"line":195,"column":null}},"61":{"start":{"line":197,"column":24},"end":{"line":208,"column":null}},"62":{"start":{"line":198,"column":6},"end":{"line":207,"column":null}},"63":{"start":{"line":200,"column":10},"end":{"line":200,"column":null}},"64":{"start":{"line":202,"column":10},"end":{"line":202,"column":null}},"65":{"start":{"line":204,"column":10},"end":{"line":204,"column":null}},"66":{"start":{"line":206,"column":10},"end":{"line":206,"column":null}},"67":{"start":{"line":210,"column":4},"end":{"line":215,"column":null}},"68":{"start":{"line":219,"column":2},"end":{"line":328,"column":null}},"69":{"start":{"line":237,"column":10},"end":{"line":250,"column":null}},"70":{"start":{"line":268,"column":18},"end":{"line":273,"column":null}},"71":{"start":{"line":332,"column":0},"end":{"line":332,"column":null}}},"fnMap":{"0":{"name":"(anonymous_0)","decl":{"start":{"line":17,"column":38},"end":{"line":17,"column":null}},"loc":{"start":{"line":18,"column":2},"end":{"line":28,"column":null}},"line":18},"1":{"name":"(anonymous_1)","decl":{"start":{"line":18,"column":63},"end":{"line":18,"column":null}},"loc":{"start":{"line":18,"column":63},"end":{"line":28,"column":3}},"line":18},"2":{"name":"(anonymous_2)","decl":{"start":{"line":21,"column":15},"end":{"line":21,"column":null}},"loc":{"start":{"line":22,"column":8},"end":{"line":25,"column":null}},"line":22},"3":{"name":"(anonymous_3)","decl":{"start":{"line":31,"column":35},"end":{"line":31,"column":null}},"loc":{"start":{"line":32,"column":2},"end":{"line":42,"column":null}},"line":32},"4":{"name":"(anonymous_4)","decl":{"start":{"line":32,"column":56},"end":{"line":32,"column":null}},"loc":{"start":{"line":32,"column":56},"end":{"line":42,"column":3}},"line":32},"5":{"name":"(anonymous_5)","decl":{"start":{"line":35,"column":15},"end":{"line":35,"column":null}},"loc":{"start":{"line":36,"column":8},"end":{"line":39,"column":null}},"line":36},"6":{"name":"(anonymous_6)","decl":{"start":{"line":45,"column":36},"end":{"line":45,"column":null}},"loc":{"start":{"line":46,"column":2},"end":{"line":56,"column":null}},"line":46},"7":{"name":"(anonymous_7)","decl":{"start":{"line":46,"column":62},"end":{"line":46,"column":null}},"loc":{"start":{"line":46,"column":62},"end":{"line":56,"column":3}},"line":46},"8":{"name":"(anonymous_8)","decl":{"start":{"line":49,"column":15},"end":{"line":49,"column":null}},"loc":{"start":{"line":50,"column":8},"end":{"line":53,"column":null}},"line":50},"9":{"name":"(anonymous_9)","decl":{"start":{"line":71,"column":13},"end":{"line":71,"column":19}},"loc":{"start":{"line":71,"column":19},"end":{"line":71,"column":null}},"line":71},"10":{"name":"(anonymous_10)","decl":{"start":{"line":71,"column":75},"end":{"line":71,"column":76}},"loc":{"start":{"line":71,"column":75},"end":{"line":71,"column":77}},"line":71},"11":{"name":"(anonymous_11)","decl":{"start":{"line":72,"column":13},"end":{"line":72,"column":19}},"loc":{"start":{"line":72,"column":19},"end":{"line":72,"column":null}},"line":72},"12":{"name":"(anonymous_12)","decl":{"start":{"line":72,"column":68},"end":{"line":72,"column":69}},"loc":{"start":{"line":72,"column":68},"end":{"line":72,"column":70}},"line":72},"13":{"name":"(anonymous_13)","decl":{"start":{"line":73,"column":13},"end":{"line":73,"column":19}},"loc":{"start":{"line":73,"column":19},"end":{"line":73,"column":null}},"line":73},"14":{"name":"(anonymous_14)","decl":{"start":{"line":73,"column":74},"end":{"line":73,"column":75}},"loc":{"start":{"line":73,"column":74},"end":{"line":73,"column":76}},"line":73},"15":{"name":"(anonymous_15)","decl":{"start":{"line":88,"column":3},"end":{"line":88,"column":4}},"loc":{"start":{"line":88,"column":38},"end":{"line":116,"column":1}},"line":88},"16":{"name":"(anonymous_16)","decl":{"start":{"line":89,"column":39},"end":{"line":89,"column":45}},"loc":{"start":{"line":89,"column":45},"end":{"line":91,"column":5}},"line":89},"17":{"name":"(anonymous_17)","decl":{"start":{"line":95,"column":15},"end":{"line":95,"column":21}},"loc":{"start":{"line":95,"column":21},"end":{"line":95,"column":null}},"line":95},"18":{"name":"App","decl":{"start":{"line":128,"column":9},"end":{"line":128,"column":34}},"loc":{"start":{"line":128,"column":34},"end":{"line":330,"column":null}},"line":128},"19":{"name":"(anonymous_19)","decl":{"start":{"line":132,"column":36},"end":{"line":132,"column":37}},"loc":{"start":{"line":132,"column":43},"end":{"line":132,"column":64}},"line":132},"20":{"name":"(anonymous_20)","decl":{"start":{"line":134,"column":41},"end":{"line":134,"column":42}},"loc":{"start":{"line":134,"column":67},"end":{"line":155,"column":5}},"line":134},"21":{"name":"(anonymous_21)","decl":{"start":{"line":147,"column":21},"end":{"line":147,"column":22}},"loc":{"start":{"line":147,"column":31},"end":{"line":154,"column":5}},"line":147},"22":{"name":"(anonymous_22)","decl":{"start":{"line":158,"column":12},"end":{"line":158,"column":18}},"loc":{"start":{"line":158,"column":18},"end":{"line":171,"column":5}},"line":158},"23":{"name":"(anonymous_23)","decl":{"start":{"line":159,"column":31},"end":{"line":159,"column":32}},"loc":{"start":{"line":159,"column":49},"end":{"line":166,"column":null}},"line":159},"24":{"name":"(anonymous_24)","decl":{"start":{"line":162,"column":23},"end":{"line":162,"column":24}},"loc":{"start":{"line":162,"column":33},"end":{"line":165,"column":7}},"line":162},"25":{"name":"(anonymous_25)","decl":{"start":{"line":169,"column":11},"end":{"line":169,"column":null}},"loc":{"start":{"line":170,"column":6},"end":{"line":170,"column":null}},"line":170},"26":{"name":"(anonymous_26)","decl":{"start":{"line":174,"column":12},"end":{"line":174,"column":18}},"loc":{"start":{"line":174,"column":18},"end":{"line":180,"column":5}},"line":174},"27":{"name":"(anonymous_27)","decl":{"start":{"line":176,"column":29},"end":{"line":176,"column":35}},"loc":{"start":{"line":176,"column":35},"end":{"line":178,"column":7}},"line":176},"28":{"name":"(anonymous_28)","decl":{"start":{"line":177,"column":23},"end":{"line":177,"column":24}},"loc":{"start":{"line":177,"column":33},"end":{"line":177,"column":50}},"line":177},"29":{"name":"(anonymous_29)","decl":{"start":{"line":179,"column":11},"end":{"line":179,"column":17}},"loc":{"start":{"line":179,"column":17},"end":{"line":179,"column":null}},"line":179},"30":{"name":"(anonymous_30)","decl":{"start":{"line":182,"column":42},"end":{"line":182,"column":48}},"loc":{"start":{"line":182,"column":48},"end":{"line":217,"column":5}},"line":182},"31":{"name":"(anonymous_31)","decl":{"start":{"line":184,"column":6},"end":{"line":184,"column":7}},"loc":{"start":{"line":184,"column":18},"end":{"line":184,"column":null}},"line":184},"32":{"name":"(anonymous_32)","decl":{"start":{"line":197,"column":24},"end":{"line":197,"column":30}},"loc":{"start":{"line":197,"column":30},"end":{"line":208,"column":null}},"line":197},"33":{"name":"(anonymous_33)","decl":{"start":{"line":236,"column":27},"end":{"line":236,"column":28}},"loc":{"start":{"line":237,"column":10},"end":{"line":250,"column":null}},"line":237},"34":{"name":"(anonymous_34)","decl":{"start":{"line":267,"column":29},"end":{"line":267,"column":30}},"loc":{"start":{"line":268,"column":18},"end":{"line":273,"column":null}},"line":268}},"branchMap":{"0":{"loc":{"start":{"line":90,"column":4},"end":{"line":90,"column":null}},"type":"if","locations":[{"start":{"line":90,"column":4},"end":{"line":90,"column":null}},{"start":{},"end":{}}],"line":90},"1":{"loc":{"start":{"line":99,"column":8},"end":{"line":101,"column":null}},"type":"cond-expr","locations":[{"start":{"line":100,"column":12},"end":{"line":100,"column":null}},{"start":{"line":101,"column":12},"end":{"line":101,"column":null}}],"line":99},"2":{"loc":{"start":{"line":111,"column":10},"end":{"line":111,"column":null}},"type":"cond-expr","locations":[{"start":{"line":111,"column":21},"end":{"line":111,"column":32}},{"start":{"line":111,"column":32},"end":{"line":111,"column":null}}],"line":111},"3":{"loc":{"start":{"line":175,"column":4},"end":{"line":175,"column":null}},"type":"if","locations":[{"start":{"line":175,"column":4},"end":{"line":175,"column":null}},{"start":{},"end":{}}],"line":175},"4":{"loc":{"start":{"line":187,"column":4},"end":{"line":193,"column":null}},"type":"if","locations":[{"start":{"line":187,"column":4},"end":{"line":193,"column":null}},{"start":{},"end":{}}],"line":187},"5":{"loc":{"start":{"line":198,"column":6},"end":{"line":207,"column":null}},"type":"switch","locations":[{"start":{"line":199,"column":8},"end":{"line":200,"column":null}},{"start":{"line":201,"column":8},"end":{"line":202,"column":null}},{"start":{"line":203,"column":8},"end":{"line":204,"column":null}},{"start":{"line":205,"column":8},"end":{"line":206,"column":null}}],"line":198},"6":{"loc":{"start":{"line":241,"column":14},"end":{"line":242,"column":null}},"type":"binary-expr","locations":[{"start":{"line":241,"column":14},"end":{"line":241,"column":null}},{"start":{"line":242,"column":16},"end":{"line":242,"column":null}}],"line":241},"7":{"loc":{"start":{"line":243,"column":14},"end":{"line":244,"column":null}},"type":"binary-expr","locations":[{"start":{"line":243,"column":14},"end":{"line":243,"column":null}},{"start":{"line":244,"column":16},"end":{"line":244,"column":null}}],"line":243},"8":{"loc":{"start":{"line":245,"column":14},"end":{"line":246,"column":null}},"type":"binary-expr","locations":[{"start":{"line":245,"column":14},"end":{"line":245,"column":null}},{"start":{"line":246,"column":16},"end":{"line":246,"column":null}}],"line":245}},"s":{"0":1,"1":1,"2":0,"3":0,"4":0,"5":1,"6":1,"7":0,"8":0,"9":0,"10":1,"11":1,"12":0,"13":0,"14":0,"15":1,"16":0,"17":4,"18":2,"19":1,"20":1,"21":57,"22":6,"23":6,"24":57,"25":6,"26":1,"27":24,"28":24,"29":24,"30":32,"31":24,"32":6,"33":6,"34":6,"35":0,"36":6,"37":6,"38":24,"39":15,"40":2,"41":2,"42":2,"43":2,"44":15,"45":15,"46":15,"47":24,"48":24,"49":16,"50":8,"51":1,"52":1,"53":8,"54":8,"55":24,"56":24,"57":32,"58":24,"59":0,"60":24,"61":24,"62":24,"63":18,"64":4,"65":2,"66":0,"67":24,"68":24,"69":8,"70":72,"71":1},"f":{"0":1,"1":0,"2":0,"3":1,"4":0,"5":0,"6":1,"7":0,"8":0,"9":0,"10":0,"11":4,"12":0,"13":2,"14":0,"15":57,"16":6,"17":6,"18":24,"19":32,"20":6,"21":6,"22":15,"23":2,"24":2,"25":15,"26":24,"27":1,"28":1,"29":8,"30":24,"31":32,"32":24,"33":8,"34":72},"b":{"0":[6,0],"1":[21,36],"2":[21,36],"3":[16,8],"4":[0,24],"5":[18,4,2,0],"6":[8,2],"7":[8,0],"8":[8,6]},"meta":{"lastBranch":9,"lastFunction":35,"lastStatement":72,"seen":{"s:17:6:29:Infinity":0,"f:17:38:17:Infinity":0,"s:18:2:28:Infinity":1,"f:18:63:18:Infinity":1,"s:19:4:19:Infinity":2,"s:20:4:27:Infinity":3,"f:21:15:21:Infinity":2,"s:22:8:25:Infinity":4,"s:31:6:43:Infinity":5,"f:31:35:31:Infinity":3,"s:32:2:42:Infinity":6,"f:32:56:32:Infinity":4,"s:33:4:33:Infinity":7,"s:34:4:41:Infinity":8,"f:35:15:35:Infinity":5,"s:36:8:39:Infinity":9,"s:45:6:57:Infinity":10,"f:45:36:45:Infinity":6,"s:46:2:56:Infinity":11,"f:46:62:46:Infinity":7,"s:47:4:47:Infinity":12,"s:48:4:55:Infinity":13,"f:49:15:49:Infinity":8,"s:50:8:53:Infinity":14,"s:70:65:74:Infinity":15,"f:71:13:71:19":9,"s:71:19:71:Infinity":16,"f:71:75:71:76":10,"f:72:13:72:19":11,"s:72:19:72:Infinity":17,"f:72:68:72:69":12,"f:73:13:73:19":13,"s:73:19:73:Infinity":18,"f:73:74:73:75":14,"s:77:41:81:Infinity":19,"s:84:6:116:Infinity":20,"f:88:3:88:4":15,"s:89:8:91:Infinity":21,"f:89:39:89:45":16,"b:90:4:90:Infinity:undefined:undefined:undefined:undefined":0,"s:90:4:90:Infinity":22,"s:90:19:90:Infinity":23,"s:93:2:114:Infinity":24,"f:95:15:95:21":17,"s:95:21:95:Infinity":25,"b:100:12:100:Infinity:101:12:101:Infinity":1,"b:111:21:111:32:111:32:111:Infinity":2,"s:118:0:118:Infinity":26,"f:128:9:128:34":18,"s:129:38:129:Infinity":27,"s:130:40:130:Infinity":28,"s:132:23:132:Infinity":29,"f:132:36:132:37":19,"s:132:43:132:64":30,"s:134:8:155:Infinity":31,"f:134:41:134:42":20,"s:135:4:135:Infinity":32,"s:137:4:145:Infinity":33,"s:138:6:142:Infinity":34,"s:144:6:144:Infinity":35,"s:147:4:154:Infinity":36,"f:147:21:147:22":21,"s:147:31:154:5":37,"s:158:2:171:Infinity":38,"f:158:12:158:18":22,"s:159:31:166:Infinity":39,"f:159:31:159:32":23,"s:160:26:160:Infinity":40,"s:161:32:161:Infinity":41,"s:162:6:165:Infinity":42,"f:162:23:162:24":24,"s:162:33:165:7":43,"s:168:4:168:Infinity":44,"s:169:4:170:Infinity":45,"f:169:11:169:Infinity":25,"s:170:6:170:Infinity":46,"s:174:2:180:Infinity":47,"f:174:12:174:18":26,"b:175:4:175:Infinity:undefined:undefined:undefined:undefined":3,"s:175:4:175:Infinity":48,"s:175:36:175:Infinity":49,"s:176:18:178:Infinity":50,"f:176:29:176:35":27,"s:177:6:177:Infinity":51,"f:177:23:177:24":28,"s:177:33:177:50":52,"s:179:4:179:Infinity":53,"f:179:11:179:17":29,"s:179:17:179:Infinity":54,"s:182:8:217:Infinity":55,"f:182:42:182:48":30,"s:183:31:185:Infinity":56,"f:184:6:184:7":31,"s:184:18:184:Infinity":57,"b:187:4:193:Infinity:undefined:undefined:undefined:undefined":4,"s:187:4:193:Infinity":58,"s:188:6:191:Infinity":59,"s:195:37:195:Infinity":60,"s:197:24:208:Infinity":61,"f:197:24:197:30":32,"b:199:8:200:Infinity:201:8:202:Infinity:203:8:204:Infinity:205:8:206:Infinity":5,"s:198:6:207:Infinity":62,"s:200:10:200:Infinity":63,"s:202:10:202:Infinity":64,"s:204:10:204:Infinity":65,"s:206:10:206:Infinity":66,"s:210:4:215:Infinity":67,"s:219:2:328:Infinity":68,"f:236:27:236:28":33,"s:237:10:250:Infinity":69,"b:241:14:241:Infinity:242:16:242:Infinity":6,"b:243:14:243:Infinity:244:16:244:Infinity":7,"b:245:14:245:Infinity:246:16:246:Infinity":8,"f:267:29:267:30":34,"s:268:18:273:Infinity":70,"s:332:0:332:Infinity":71}}}
,"C:\\Users\\DEVDUL\\Documents\\DEVELOPMENT\\module-federation-demo\\packages\\shell\\src\\components\\CartSkeleton.tsx": {"path":"C:\\Users\\DEVDUL\\Documents\\DEVELOPMENT\\module-federation-demo\\packages\\shell\\src\\components\\CartSkeleton.tsx","statementMap":{"0":{"start":{"line":3,"column":6},"end":{"line":97,"column":null}},"1":{"start":{"line":4,"column":2},"end":{"line":96,"column":null}},"2":{"start":{"line":28,"column":10},"end":{"line":51,"column":null}},"3":{"start":{"line":62,"column":14},"end":{"line":65,"column":null}},"4":{"start":{"line":83,"column":12},"end":{"line":87,"column":null}},"5":{"start":{"line":99,"column":0},"end":{"line":99,"column":null}}},"fnMap":{"0":{"name":"(anonymous_0)","decl":{"start":{"line":3,"column":26},"end":{"line":3,"column":null}},"loc":{"start":{"line":4,"column":2},"end":{"line":96,"column":null}},"line":4},"1":{"name":"(anonymous_1)","decl":{"start":{"line":27,"column":20},"end":{"line":27,"column":21}},"loc":{"start":{"line":28,"column":10},"end":{"line":51,"column":null}},"line":28},"2":{"name":"(anonymous_2)","decl":{"start":{"line":61,"column":27},"end":{"line":61,"column":28}},"loc":{"start":{"line":62,"column":14},"end":{"line":65,"column":null}},"line":62},"3":{"name":"(anonymous_3)","decl":{"start":{"line":82,"column":25},"end":{"line":82,"column":26}},"loc":{"start":{"line":83,"column":12},"end":{"line":87,"column":null}},"line":83}},"branchMap":{},"s":{"0":1,"1":4,"2":8,"3":12,"4":12,"5":1},"f":{"0":4,"1":8,"2":12,"3":12},"b":{},"meta":{"lastBranch":0,"lastFunction":4,"lastStatement":6,"seen":{"s:3:6:97:Infinity":0,"f:3:26:3:Infinity":0,"s:4:2:96:Infinity":1,"f:27:20:27:21":1,"s:28:10:51:Infinity":2,"f:61:27:61:28":2,"s:62:14:65:Infinity":3,"f:82:25:82:26":3,"s:83:12:87:Infinity":4,"s:99:0:99:Infinity":5}}}
,"C:\\Users\\DEVDUL\\Documents\\DEVELOPMENT\\module-federation-demo\\packages\\shell\\src\\components\\DashboardSkeleton.tsx": {"path":"C:\\Users\\DEVDUL\\Documents\\DEVELOPMENT\\module-federation-demo\\packages\\shell\\src\\components\\DashboardSkeleton.tsx","statementMap":{"0":{"start":{"line":3,"column":6},"end":{"line":95,"column":null}},"1":{"start":{"line":4,"column":2},"end":{"line":94,"column":null}},"2":{"start":{"line":39,"column":10},"end":{"line":43,"column":null}},"3":{"start":{"line":54,"column":10},"end":{"line":60,"column":null}},"4":{"start":{"line":71,"column":10},"end":{"line":71,"column":null}},"5":{"start":{"line":81,"column":12},"end":{"line":85,"column":null}},"6":{"start":{"line":97,"column":0},"end":{"line":97,"column":null}}},"fnMap":{"0":{"name":"(anonymous_0)","decl":{"start":{"line":3,"column":31},"end":{"line":3,"column":null}},"loc":{"start":{"line":4,"column":2},"end":{"line":94,"column":null}},"line":4},"1":{"name":"(anonymous_1)","decl":{"start":{"line":38,"column":39},"end":{"line":38,"column":40}},"loc":{"start":{"line":39,"column":10},"end":{"line":43,"column":null}},"line":39},"2":{"name":"(anonymous_2)","decl":{"start":{"line":53,"column":39},"end":{"line":53,"column":40}},"loc":{"start":{"line":54,"column":10},"end":{"line":60,"column":null}},"line":54},"3":{"name":"(anonymous_3)","decl":{"start":{"line":70,"column":26},"end":{"line":70,"column":27}},"loc":{"start":{"line":71,"column":10},"end":{"line":71,"column":null}},"line":71},"4":{"name":"(anonymous_4)","decl":{"start":{"line":80,"column":25},"end":{"line":80,"column":26}},"loc":{"start":{"line":81,"column":12},"end":{"line":85,"column":null}},"line":81}},"branchMap":{},"s":{"0":1,"1":2,"2":8,"3":10,"4":8,"5":6,"6":1},"f":{"0":2,"1":8,"2":10,"3":8,"4":6},"b":{},"meta":{"lastBranch":0,"lastFunction":5,"lastStatement":7,"seen":{"s:3:6:95:Infinity":0,"f:3:31:3:Infinity":0,"s:4:2:94:Infinity":1,"f:38:39:38:40":1,"s:39:10:43:Infinity":2,"f:53:39:53:40":2,"s:54:10:60:Infinity":3,"f:70:26:70:27":3,"s:71:10:71:Infinity":4,"f:80:25:80:26":4,"s:81:12:85:Infinity":5,"s:97:0:97:Infinity":6}}}
,"C:\\Users\\DEVDUL\\Documents\\DEVELOPMENT\\module-federation-demo\\packages\\shell\\src\\components\\ErrorBoundary.tsx": {"path":"C:\\Users\\DEVDUL\\Documents\\DEVELOPMENT\\module-federation-demo\\packages\\shell\\src\\components\\ErrorBoundary.tsx","statementMap":{"0":{"start":{"line":13,"column":0},"end":{"line":13,"column":6}},"1":{"start":{"line":14,"column":2},"end":{"line":17,"column":null}},"2":{"start":{"line":20,"column":4},"end":{"line":20,"column":null}},"3":{"start":{"line":24,"column":4},"end":{"line":24,"column":null}},"4":{"start":{"line":28,"column":4},"end":{"line":60,"column":null}},"5":{"start":{"line":29,"column":6},"end":{"line":57,"column":null}},"6":{"start":{"line":41,"column":16},"end":{"line":41,"column":null}},"7":{"start":{"line":62,"column":4},"end":{"line":62,"column":null}}},"fnMap":{"0":{"name":"(anonymous_0)","decl":{"start":{"line":13,"column":0},"end":{"line":13,"column":6}},"loc":{"start":{"line":13,"column":0},"end":{"line":17,"column":null}},"line":13},"1":{"name":"(anonymous_1)","decl":{"start":{"line":19,"column":16},"end":{"line":19,"column":41}},"loc":{"start":{"line":19,"column":62},"end":{"line":21,"column":null}},"line":19},"2":{"name":"(anonymous_2)","decl":{"start":{"line":23,"column":18},"end":{"line":23,"column":36}},"loc":{"start":{"line":23,"column":72},"end":{"line":25,"column":null}},"line":23},"3":{"name":"(anonymous_3)","decl":{"start":{"line":27,"column":18},"end":{"line":27,"column":27}},"loc":{"start":{"line":27,"column":27},"end":{"line":63,"column":null}},"line":27},"4":{"name":"(anonymous_4)","decl":{"start":{"line":40,"column":23},"end":{"line":40,"column":null}},"loc":{"start":{"line":41,"column":16},"end":{"line":41,"column":null}},"line":41}},"branchMap":{"0":{"loc":{"start":{"line":28,"column":4},"end":{"line":60,"column":null}},"type":"if","locations":[{"start":{"line":28,"column":4},"end":{"line":60,"column":null}},{"start":{},"end":{}}],"line":28},"1":{"loc":{"start":{"line":30,"column":8},"end":{"line":57,"column":null}},"type":"binary-expr","locations":[{"start":{"line":30,"column":8},"end":{"line":30,"column":null}},{"start":{"line":31,"column":10},"end":{"line":57,"column":null}}],"line":30},"2":{"loc":{"start":{"line":47,"column":13},"end":{"line":55,"column":null}},"type":"binary-expr","locations":[{"start":{"line":47,"column":13},"end":{"line":47,"column":55}},{"start":{"line":47,"column":55},"end":{"line":47,"column":null}},{"start":{"line":48,"column":14},"end":{"line":55,"column":null}}],"line":47}},"s":{"0":15,"1":15,"2":0,"3":0,"4":24,"5":0,"6":0,"7":24},"f":{"0":15,"1":1,"2":0,"3":24,"4":0},"b":{"0":[0,24],"1":[0,0],"2":[0,0,0]},"meta":{"lastBranch":3,"lastFunction":5,"lastStatement":8,"seen":{"f:13:0:13:6":0,"s:13:0:13:6":0,"s:14:2:17:Infinity":1,"f:19:16:19:41":1,"s:20:4:20:Infinity":2,"f:23:18:23:36":2,"s:24:4:24:Infinity":3,"f:27:18:27:27":3,"b:28:4:60:Infinity:undefined:undefined:undefined:undefined":0,"s:28:4:60:Infinity":4,"s:29:6:57:Infinity":5,"b:30:8:30:Infinity:31:10:57:Infinity":1,"f:40:23:40:Infinity":4,"s:41:16:41:Infinity":6,"b:47:13:47:55:47:55:47:Infinity:48:14:55:Infinity":2,"s:62:4:62:Infinity":7}}}
,"C:\\Users\\DEVDUL\\Documents\\DEVELOPMENT\\module-federation-demo\\packages\\shell\\src\\components\\LoadingSpinner.tsx": {"path":"C:\\Users\\DEVDUL\\Documents\\DEVELOPMENT\\module-federation-demo\\packages\\shell\\src\\components\\LoadingSpinner.tsx","statementMap":{"0":{"start":{"line":8,"column":6},"end":{"line":35,"column":null}},"1":{"start":{"line":10,"column":20},"end":{"line":14,"column":null}},"2":{"start":{"line":16,"column":4},"end":{"line":32,"column":null}},"3":{"start":{"line":20,"column":12},"end":{"line":26,"column":null}},"4":{"start":{"line":37,"column":0},"end":{"line":37,"column":null}}},"fnMap":{"0":{"name":"(anonymous_0)","decl":{"start":{"line":9,"column":2},"end":{"line":9,"column":3}},"loc":{"start":{"line":9,"column":45},"end":{"line":34,"column":null}},"line":9},"1":{"name":"(anonymous_1)","decl":{"start":{"line":19,"column":25},"end":{"line":19,"column":26}},"loc":{"start":{"line":20,"column":12},"end":{"line":26,"column":null}},"line":20}},"branchMap":{"0":{"loc":{"start":{"line":9,"column":5},"end":{"line":9,"column":27}},"type":"default-arg","locations":[{"start":{"line":9,"column":13},"end":{"line":9,"column":27}}],"line":9},"1":{"loc":{"start":{"line":9,"column":27},"end":{"line":9,"column":39}},"type":"default-arg","locations":[{"start":{"line":9,"column":34},"end":{"line":9,"column":39}}],"line":9}},"s":{"0":0,"1":0,"2":0,"3":0,"4":0},"f":{"0":0,"1":0},"b":{"0":[0],"1":[0]},"meta":{"lastBranch":2,"lastFunction":2,"lastStatement":5,"seen":{"s:8:6:35:Infinity":0,"f:9:2:9:3":0,"b:9:13:9:27":0,"b:9:34:9:39":1,"s:10:20:14:Infinity":1,"s:16:4:32:Infinity":2,"f:19:25:19:26":1,"s:20:12:26:Infinity":3,"s:37:0:37:Infinity":4}}}
,"C:\\Users\\DEVDUL\\Documents\\DEVELOPMENT\\module-federation-demo\\packages\\shell\\src\\components\\ModuleFallback.tsx": {"path":"C:\\Users\\DEVDUL\\Documents\\DEVELOPMENT\\module-federation-demo\\packages\\shell\\src\\components\\ModuleFallback.tsx","statementMap":{"0":{"start":{"line":10,"column":6},"end":{"line":29,"column":null}},"1":{"start":{"line":12,"column":4},"end":{"line":27,"column":null}},"2":{"start":{"line":31,"column":0},"end":{"line":31,"column":null}}},"fnMap":{"0":{"name":"(anonymous_0)","decl":{"start":{"line":11,"column":2},"end":{"line":11,"column":3}},"loc":{"start":{"line":12,"column":4},"end":{"line":27,"column":null}},"line":12}},"branchMap":{"0":{"loc":{"start":{"line":18,"column":7},"end":{"line":25,"column":null}},"type":"binary-expr","locations":[{"start":{"line":18,"column":7},"end":{"line":18,"column":null}},{"start":{"line":19,"column":8},"end":{"line":25,"column":null}}],"line":18}},"s":{"0":1,"1":0,"2":1},"f":{"0":0},"b":{"0":[0,0]},"meta":{"lastBranch":1,"lastFunction":1,"lastStatement":3,"seen":{"s:10:6:29:Infinity":0,"f:11:2:11:3":0,"s:12:4:27:Infinity":1,"b:18:7:18:Infinity:19:8:25:Infinity":0,"s:31:0:31:Infinity":2}}}
,"C:\\Users\\DEVDUL\\Documents\\DEVELOPMENT\\module-federation-demo\\packages\\shell\\src\\components\\ProductsSkeleton.tsx": {"path":"C:\\Users\\DEVDUL\\Documents\\DEVELOPMENT\\module-federation-demo\\packages\\shell\\src\\components\\ProductsSkeleton.tsx","statementMap":{"0":{"start":{"line":3,"column":6},"end":{"line":72,"column":null}},"1":{"start":{"line":4,"column":2},"end":{"line":71,"column":null}},"2":{"start":{"line":21,"column":10},"end":{"line":21,"column":null}},"3":{"start":{"line":29,"column":8},"end":{"line":49,"column":null}},"4":{"start":{"line":58,"column":12},"end":{"line":62,"column":null}},"5":{"start":{"line":74,"column":0},"end":{"line":74,"column":null}}},"fnMap":{"0":{"name":"(anonymous_0)","decl":{"start":{"line":3,"column":30},"end":{"line":3,"column":null}},"loc":{"start":{"line":4,"column":2},"end":{"line":71,"column":null}},"line":4},"1":{"name":"(anonymous_1)","decl":{"start":{"line":20,"column":46},"end":{"line":20,"column":47}},"loc":{"start":{"line":21,"column":10},"end":{"line":21,"column":null}},"line":21},"2":{"name":"(anonymous_2)","decl":{"start":{"line":28,"column":37},"end":{"line":28,"column":38}},"loc":{"start":{"line":29,"column":8},"end":{"line":49,"column":null}},"line":29},"3":{"name":"(anonymous_3)","decl":{"start":{"line":57,"column":25},"end":{"line":57,"column":26}},"loc":{"start":{"line":58,"column":12},"end":{"line":62,"column":null}},"line":58}},"branchMap":{},"s":{"0":1,"1":15,"2":60,"3":120,"4":45,"5":1},"f":{"0":15,"1":60,"2":120,"3":45},"b":{},"meta":{"lastBranch":0,"lastFunction":4,"lastStatement":6,"seen":{"s:3:6:72:Infinity":0,"f:3:30:3:Infinity":0,"s:4:2:71:Infinity":1,"f:20:46:20:47":1,"s:21:10:21:Infinity":2,"f:28:37:28:38":2,"s:29:8:49:Infinity":3,"f:57:25:57:26":3,"s:58:12:62:Infinity":4,"s:74:0:74:Infinity":5}}}
,"C:\\Users\\DEVDUL\\Documents\\DEVELOPMENT\\module-federation-demo\\packages\\shell\\src\\lib\\utils.ts": {"path":"C:\\Users\\DEVDUL\\Documents\\DEVELOPMENT\\module-federation-demo\\packages\\shell\\src\\lib\\utils.ts","statementMap":{"0":{"start":{"line":6,"column":2},"end":{"line":6,"column":null}}},"fnMap":{"0":{"name":"cn","decl":{"start":{"line":5,"column":16},"end":{"line":5,"column":22}},"loc":{"start":{"line":5,"column":44},"end":{"line":7,"column":null}},"line":5}},"branchMap":{},"s":{"0":0},"f":{"0":0},"b":{},"meta":{"lastBranch":0,"lastFunction":1,"lastStatement":1,"seen":{"f:5:16:5:22":0,"s:6:2:6:Infinity":0}}}
}
