{"C:\\Users\\DEVDUL\\Documents\\DEVELOPMENT\\conferences\\module-federation-demo\\packages\\analytics\\src\\ClinicalAnalytics.tsx": {"path":"C:\\Users\\DEVDUL\\Documents\\DEVELOPMENT\\conferences\\module-federation-demo\\packages\\analytics\\src\\ClinicalAnalytics.tsx","statementMap":{"0":{"start":{"line":7,"column":45},"end":{"line":12,"column":null}},"1":{"start":{"line":15,"column":53},"end":{"line":24,"column":null}},"2":{"start":{"line":26,"column":21},"end":{"line":30,"column":null}},"3":{"start":{"line":32,"column":96},"end":{"line":38,"column":null}},"4":{"start":{"line":41,"column":17},"end":{"line":64,"column":null}},"5":{"start":{"line":42,"column":18},"end":{"line":42,"column":42}},"6":{"start":{"line":43,"column":23},"end":{"line":43,"column":null}},"7":{"start":{"line":45,"column":4},"end":{"line":59,"column":null}},"8":{"start":{"line":66,"column":0},"end":{"line":66,"column":null}},"9":{"start":{"line":69,"column":21},"end":{"line":87,"column":null}},"10":{"start":{"line":70,"column":22},"end":{"line":70,"column":57}},"11":{"start":{"line":72,"column":4},"end":{"line":83,"column":null}},"12":{"start":{"line":89,"column":0},"end":{"line":89,"column":null}},"13":{"start":{"line":92,"column":22},"end":{"line":106,"column":null}},"14":{"start":{"line":93,"column":4},"end":{"line":106,"column":null}},"15":{"start":{"line":112,"column":0},"end":{"line":112,"column":null}},"16":{"start":{"line":116,"column":34},"end":{"line":116,"column":null}},"17":{"start":{"line":118,"column":34},"end":{"line":123,"column":null}},"18":{"start":{"line":119,"column":15},"end":{"line":122,"column":null}},"19":{"start":{"line":126,"column":4},"end":{"line":170,"column":56}},"20":{"start":{"line":159,"column":20},"end":{"line":159,"column":47}},"21":{"start":{"line":170,"column":24},"end":{"line":170,"column":56}},"22":{"start":{"line":178,"column":0},"end":{"line":178,"column":null}},"23":{"start":{"line":180,"column":15},"end":{"line":180,"column":32}}},"fnMap":{"0":{"name":"(anonymous_0)","decl":{"start":{"line":41,"column":62},"end":{"line":41,"column":63}},"loc":{"start":{"line":41,"column":78},"end":{"line":64,"column":null}},"line":41},"1":{"name":"(anonymous_1)","decl":{"start":{"line":69,"column":73},"end":{"line":69,"column":74}},"loc":{"start":{"line":69,"column":93},"end":{"line":87,"column":null}},"line":69},"2":{"name":"(anonymous_2)","decl":{"start":{"line":92,"column":27},"end":{"line":92,"column":null}},"loc":{"start":{"line":93,"column":4},"end":{"line":106,"column":null}},"line":93},"3":{"name":"ClinicalAnalytics","decl":{"start":{"line":115,"column":9},"end":{"line":115,"column":null}},"loc":{"start":{"line":115,"column":9},"end":{"line":176,"column":null}},"line":115},"4":{"name":"(anonymous_4)","decl":{"start":{"line":119,"column":8},"end":{"line":119,"column":15}},"loc":{"start":{"line":119,"column":15},"end":{"line":122,"column":null}},"line":119},"5":{"name":"(anonymous_5)","decl":{"start":{"line":158,"column":27},"end":{"line":158,"column":28}},"loc":{"start":{"line":159,"column":20},"end":{"line":159,"column":47}},"line":159},"6":{"name":"(anonymous_6)","decl":{"start":{"line":169,"column":36},"end":{"line":169,"column":37}},"loc":{"start":{"line":170,"column":24},"end":{"line":170,"column":56}},"line":170}},"branchMap":{"0":{"loc":{"start":{"line":43,"column":23},"end":{"line":43,"column":null}},"type":"cond-expr","locations":[{"start":{"line":43,"column":58},"end":{"line":43,"column":82}},{"start":{"line":43,"column":82},"end":{"line":43,"column":null}}],"line":43},"1":{"loc":{"start":{"line":58,"column":58},"end":{"line":58,"column":98}},"type":"cond-expr","locations":[{"start":{"line":58,"column":71},"end":{"line":58,"column":85}},{"start":{"line":58,"column":85},"end":{"line":58,"column":98}}],"line":58}},"s":{"0":3,"1":3,"2":3,"3":3,"4":3,"5":48,"6":48,"7":48,"8":3,"9":3,"10":96,"11":96,"12":3,"13":3,"14":12,"15":3,"16":12,"17":12,"18":12,"19":12,"20":48,"21":96,"22":3,"23":3},"f":{"0":48,"1":96,"2":12,"3":12,"4":12,"5":48,"6":96},"b":{"0":[12,36],"1":[36,12]}}
,"C:\\Users\\DEVDUL\\Documents\\DEVELOPMENT\\conferences\\module-federation-demo\\packages\\analytics\\src\\StreamingClinicalAnalytics.tsx": {"path":"C:\\Users\\DEVDUL\\Documents\\DEVELOPMENT\\conferences\\module-federation-demo\\packages\\analytics\\src\\StreamingClinicalAnalytics.tsx","statementMap":{"0":{"start":{"line":3,"column":14},"end":{"line":3,"column":null}},"1":{"start":{"line":3,"column":30},"end":{"line":3,"column":null}},"2":{"start":{"line":3,"column":55},"end":{"line":3,"column":null}},"3":{"start":{"line":10,"column":50},"end":{"line":10,"column":null}},"4":{"start":{"line":12,"column":22},"end":{"line":20,"column":null}},"5":{"start":{"line":14,"column":12},"end":{"line":14,"column":null}},"6":{"start":{"line":15,"column":12},"end":{"line":15,"column":null}},"7":{"start":{"line":18,"column":12},"end":{"line":18,"column":null}},"8":{"start":{"line":19,"column":12},"end":{"line":19,"column":null}},"9":{"start":{"line":23,"column":4},"end":{"line":29,"column":null}},"10":{"start":{"line":25,"column":12},"end":{"line":25,"column":null}},"11":{"start":{"line":25,"column":38},"end":{"line":25,"column":null}},"12":{"start":{"line":26,"column":12},"end":{"line":26,"column":null}},"13":{"start":{"line":26,"column":36},"end":{"line":26,"column":null}},"14":{"start":{"line":27,"column":12},"end":{"line":27,"column":null}},"15":{"start":{"line":32,"column":22},"end":{"line":32,"column":null}},"16":{"start":{"line":35,"column":4},"end":{"line":35,"column":null}},"17":{"start":{"line":39,"column":4},"end":{"line":41,"column":null}},"18":{"start":{"line":40,"column":8},"end":{"line":40,"column":null}},"19":{"start":{"line":40,"column":52},"end":{"line":40,"column":null}},"20":{"start":{"line":42,"column":4},"end":{"line":42,"column":null}},"21":{"start":{"line":45,"column":35},"end":{"line":50,"column":null}},"22":{"start":{"line":47,"column":21},"end":{"line":47,"column":null}},"23":{"start":{"line":48,"column":4},"end":{"line":48,"column":null}},"24":{"start":{"line":49,"column":4},"end":{"line":49,"column":null}},"25":{"start":{"line":52,"column":15},"end":{"line":52,"column":41}}},"fnMap":{"0":{"name":"(anonymous_0)","decl":{"start":{"line":3,"column":14},"end":{"line":3,"column":15}},"loc":{"start":{"line":3,"column":30},"end":{"line":3,"column":null}},"line":3},"1":{"name":"(anonymous_1)","decl":{"start":{"line":3,"column":42},"end":{"line":3,"column":43}},"loc":{"start":{"line":3,"column":55},"end":{"line":3,"column":null}},"line":3},"2":{"name":"createResource","decl":{"start":{"line":9,"column":9},"end":{"line":9,"column":27}},"loc":{"start":{"line":9,"column":52},"end":{"line":30,"column":null}},"line":9},"3":{"name":"(anonymous_3)","decl":{"start":{"line":13,"column":8},"end":{"line":13,"column":9}},"loc":{"start":{"line":13,"column":9},"end":{"line":16,"column":null}},"line":13},"4":{"name":"(anonymous_4)","decl":{"start":{"line":17,"column":8},"end":{"line":17,"column":9}},"loc":{"start":{"line":17,"column":9},"end":{"line":20,"column":null}},"line":17},"5":{"name":"read","decl":{"start":{"line":24,"column":8},"end":{"line":24,"column":null}},"loc":{"start":{"line":24,"column":8},"end":{"line":28,"column":null}},"line":24},"6":{"name":"__resetAnalyticsStreamingResourceCache","decl":{"start":{"line":34,"column":16},"end":{"line":34,"column":null}},"loc":{"start":{"line":34,"column":16},"end":{"line":36,"column":null}},"line":34},"7":{"name":"getResource","decl":{"start":{"line":38,"column":9},"end":{"line":38,"column":21}},"loc":{"start":{"line":38,"column":49},"end":{"line":43,"column":null}},"line":38},"8":{"name":"(anonymous_8)","decl":{"start":{"line":40,"column":46},"end":{"line":40,"column":52}},"loc":{"start":{"line":40,"column":52},"end":{"line":40,"column":null}},"line":40},"9":{"name":"(anonymous_9)","decl":{"start":{"line":45,"column":35},"end":{"line":45,"column":null}},"loc":{"start":{"line":45,"column":35},"end":{"line":50,"column":null}},"line":45}},"branchMap":{"0":{"loc":{"start":{"line":25,"column":12},"end":{"line":25,"column":null}},"type":"if","locations":[{"start":{"line":25,"column":12},"end":{"line":25,"column":null}},{"start":{"line":25,"column":12},"end":{"line":25,"column":null}}],"line":25},"1":{"loc":{"start":{"line":26,"column":12},"end":{"line":26,"column":null}},"type":"if","locations":[{"start":{"line":26,"column":12},"end":{"line":26,"column":null}},{"start":{"line":26,"column":12},"end":{"line":26,"column":null}}],"line":26},"2":{"loc":{"start":{"line":39,"column":4},"end":{"line":41,"column":null}},"type":"if","locations":[{"start":{"line":39,"column":4},"end":{"line":41,"column":null}},{"start":{"line":39,"column":4},"end":{"line":41,"column":null}}],"line":39}},"s":{"0":2,"1":8,"2":8,"3":8,"4":8,"5":2,"6":2,"7":0,"8":0,"9":8,"10":21,"11":19,"12":2,"13":0,"14":2,"15":2,"16":26,"17":21,"18":8,"19":8,"20":21,"21":2,"22":21,"23":21,"24":21,"25":2},"f":{"0":8,"1":8,"2":8,"3":2,"4":0,"5":21,"6":26,"7":21,"8":8,"9":21},"b":{"0":[19,2],"1":[0,2],"2":[8,13]}}
,"C:\\Users\\DEVDUL\\Documents\\DEVELOPMENT\\conferences\\module-federation-demo\\packages\\analytics\\src\\components\\ui\\alert-dialog.tsx": {"path":"C:\\Users\\DEVDUL\\Documents\\DEVELOPMENT\\conferences\\module-federation-demo\\packages\\analytics\\src\\components\\ui\\alert-dialog.tsx","statementMap":{"0":{"start":{"line":1,"column":0},"end":{"line":1,"column":null}},"1":{"start":{"line":10,"column":2},"end":{"line":10,"column":null}},"2":{"start":{"line":14,"column":2},"end":{"line":15,"column":null}},"3":{"start":{"line":20,"column":2},"end":{"line":21,"column":null}},"4":{"start":{"line":29,"column":2},"end":{"line":36,"column":null}},"5":{"start":{"line":48,"column":2},"end":{"line":58,"column":null}},"6":{"start":{"line":68,"column":2},"end":{"line":75,"column":null}},"7":{"start":{"line":84,"column":2},"end":{"line":91,"column":null}},"8":{"start":{"line":100,"column":2},"end":{"line":107,"column":null}},"9":{"start":{"line":116,"column":2},"end":{"line":123,"column":null}},"10":{"start":{"line":132,"column":2},"end":{"line":139,"column":null}},"11":{"start":{"line":148,"column":2},"end":{"line":152,"column":null}},"12":{"start":{"line":164,"column":2},"end":{"line":169,"column":null}}},"fnMap":{"0":{"name":"AlertDialog","decl":{"start":{"line":9,"column":9},"end":{"line":9,"column":21}},"loc":{"start":{"line":9,"column":66},"end":{"line":11,"column":null}},"line":9},"1":{"name":"AlertDialogTrigger","decl":{"start":{"line":13,"column":9},"end":{"line":13,"column":28}},"loc":{"start":{"line":13,"column":76},"end":{"line":17,"column":null}},"line":13},"2":{"name":"AlertDialogPortal","decl":{"start":{"line":19,"column":9},"end":{"line":19,"column":27}},"loc":{"start":{"line":19,"column":74},"end":{"line":23,"column":null}},"line":19},"3":{"name":"AlertDialogOverlay","decl":{"start":{"line":25,"column":9},"end":{"line":25,"column":28}},"loc":{"start":{"line":28,"column":38},"end":{"line":39,"column":null}},"line":28},"4":{"name":"AlertDialogContent","decl":{"start":{"line":41,"column":9},"end":{"line":41,"column":28}},"loc":{"start":{"line":47,"column":1},"end":{"line":62,"column":null}},"line":47},"5":{"name":"AlertDialogHeader","decl":{"start":{"line":64,"column":9},"end":{"line":64,"column":27}},"loc":{"start":{"line":67,"column":30},"end":{"line":78,"column":null}},"line":67},"6":{"name":"AlertDialogFooter","decl":{"start":{"line":80,"column":9},"end":{"line":80,"column":27}},"loc":{"start":{"line":83,"column":30},"end":{"line":94,"column":null}},"line":83},"7":{"name":"AlertDialogMedia","decl":{"start":{"line":96,"column":9},"end":{"line":96,"column":26}},"loc":{"start":{"line":99,"column":30},"end":{"line":110,"column":null}},"line":99},"8":{"name":"AlertDialogTitle","decl":{"start":{"line":112,"column":9},"end":{"line":112,"column":26}},"loc":{"start":{"line":115,"column":58},"end":{"line":126,"column":null}},"line":115},"9":{"name":"AlertDialogDescription","decl":{"start":{"line":128,"column":9},"end":{"line":128,"column":32}},"loc":{"start":{"line":131,"column":64},"end":{"line":142,"column":null}},"line":131},"10":{"name":"AlertDialogAction","decl":{"start":{"line":144,"column":9},"end":{"line":144,"column":27}},"loc":{"start":{"line":147,"column":38},"end":{"line":155,"column":null}},"line":147},"11":{"name":"AlertDialogCancel","decl":{"start":{"line":157,"column":9},"end":{"line":157,"column":27}},"loc":{"start":{"line":163,"column":63},"end":{"line":172,"column":null}},"line":163}},"branchMap":{"0":{"loc":{"start":{"line":43,"column":2},"end":{"line":43,"column":18}},"type":"default-arg","locations":[{"start":{"line":43,"column":9},"end":{"line":43,"column":18}}],"line":43},"1":{"loc":{"start":{"line":159,"column":2},"end":{"line":159,"column":21}},"type":"default-arg","locations":[{"start":{"line":159,"column":12},"end":{"line":159,"column":21}}],"line":159},"2":{"loc":{"start":{"line":160,"column":2},"end":{"line":160,"column":18}},"type":"default-arg","locations":[{"start":{"line":160,"column":9},"end":{"line":160,"column":18}}],"line":160}},"s":{"0":0,"1":0,"2":0,"3":0,"4":0,"5":0,"6":0,"7":0,"8":0,"9":0,"10":0,"11":0,"12":0},"f":{"0":0,"1":0,"2":0,"3":0,"4":0,"5":0,"6":0,"7":0,"8":0,"9":0,"10":0,"11":0},"b":{"0":[0],"1":[0],"2":[0]}}
,"C:\\Users\\DEVDUL\\Documents\\DEVELOPMENT\\conferences\\module-federation-demo\\packages\\analytics\\src\\components\\ui\\alert.tsx": {"path":"C:\\Users\\DEVDUL\\Documents\\DEVELOPMENT\\conferences\\module-federation-demo\\packages\\analytics\\src\\components\\ui\\alert.tsx","statementMap":{"0":{"start":{"line":6,"column":22},"end":{"line":19,"column":null}},"1":{"start":{"line":27,"column":2},"end":{"line":32,"column":null}},"2":{"start":{"line":38,"column":2},"end":{"line":45,"column":null}},"3":{"start":{"line":54,"column":2},"end":{"line":61,"column":null}},"4":{"start":{"line":67,"column":2},"end":{"line":74,"column":null}}},"fnMap":{"0":{"name":"Alert","decl":{"start":{"line":22,"column":9},"end":{"line":22,"column":15}},"loc":{"start":{"line":26,"column":67},"end":{"line":35,"column":null}},"line":26},"1":{"name":"AlertTitle","decl":{"start":{"line":37,"column":9},"end":{"line":37,"column":20}},"loc":{"start":{"line":37,"column":72},"end":{"line":48,"column":null}},"line":37},"2":{"name":"AlertDescription","decl":{"start":{"line":50,"column":9},"end":{"line":50,"column":26}},"loc":{"start":{"line":53,"column":30},"end":{"line":64,"column":null}},"line":53},"3":{"name":"AlertAction","decl":{"start":{"line":66,"column":9},"end":{"line":66,"column":21}},"loc":{"start":{"line":66,"column":73},"end":{"line":77,"column":null}},"line":66}},"branchMap":{},"s":{"0":0,"1":0,"2":0,"3":0,"4":0},"f":{"0":0,"1":0,"2":0,"3":0},"b":{}}
,"C:\\Users\\DEVDUL\\Documents\\DEVELOPMENT\\conferences\\module-federation-demo\\packages\\analytics\\src\\components\\ui\\aspect-ratio.tsx": {"path":"C:\\Users\\DEVDUL\\Documents\\DEVELOPMENT\\conferences\\module-federation-demo\\packages\\analytics\\src\\components\\ui\\aspect-ratio.tsx","statementMap":{"0":{"start":{"line":8,"column":2},"end":{"line":17,"column":null}}},"fnMap":{"0":{"name":"AspectRatio","decl":{"start":{"line":3,"column":9},"end":{"line":3,"column":21}},"loc":{"start":{"line":7,"column":50},"end":{"line":20,"column":null}},"line":7}},"branchMap":{},"s":{"0":0},"f":{"0":0},"b":{}}
,"C:\\Users\\DEVDUL\\Documents\\DEVELOPMENT\\conferences\\module-federation-demo\\packages\\analytics\\src\\components\\ui\\avatar.tsx": {"path":"C:\\Users\\DEVDUL\\Documents\\DEVELOPMENT\\conferences\\module-federation-demo\\packages\\analytics\\src\\components\\ui\\avatar.tsx","statementMap":{"0":{"start":{"line":13,"column":2},"end":{"line":21,"column":null}},"1":{"start":{"line":27,"column":2},"end":{"line":34,"column":null}},"2":{"start":{"line":43,"column":2},"end":{"line":50,"column":null}},"3":{"start":{"line":56,"column":2},"end":{"line":66,"column":null}},"4":{"start":{"line":72,"column":2},"end":{"line":79,"column":null}},"5":{"start":{"line":88,"column":2},"end":{"line":95,"column":null}}},"fnMap":{"0":{"name":"Avatar","decl":{"start":{"line":6,"column":9},"end":{"line":6,"column":16}},"loc":{"start":{"line":12,"column":1},"end":{"line":24,"column":null}},"line":12},"1":{"name":"AvatarImage","decl":{"start":{"line":26,"column":9},"end":{"line":26,"column":21}},"loc":{"start":{"line":26,"column":73},"end":{"line":37,"column":null}},"line":26},"2":{"name":"AvatarFallback","decl":{"start":{"line":39,"column":9},"end":{"line":39,"column":24}},"loc":{"start":{"line":42,"column":33},"end":{"line":53,"column":null}},"line":42},"3":{"name":"AvatarBadge","decl":{"start":{"line":55,"column":9},"end":{"line":55,"column":21}},"loc":{"start":{"line":55,"column":74},"end":{"line":69,"column":null}},"line":55},"4":{"name":"AvatarGroup","decl":{"start":{"line":71,"column":9},"end":{"line":71,"column":21}},"loc":{"start":{"line":71,"column":73},"end":{"line":82,"column":null}},"line":71},"5":{"name":"AvatarGroupCount","decl":{"start":{"line":84,"column":9},"end":{"line":84,"column":26}},"loc":{"start":{"line":87,"column":30},"end":{"line":98,"column":null}},"line":87}},"branchMap":{"0":{"loc":{"start":{"line":8,"column":2},"end":{"line":8,"column":18}},"type":"default-arg","locations":[{"start":{"line":8,"column":9},"end":{"line":8,"column":18}}],"line":8}},"s":{"0":0,"1":0,"2":0,"3":0,"4":0,"5":0},"f":{"0":0,"1":0,"2":0,"3":0,"4":0,"5":0},"b":{"0":[0]}}
,"C:\\Users\\DEVDUL\\Documents\\DEVELOPMENT\\conferences\\module-federation-demo\\packages\\analytics\\src\\components\\ui\\badge.tsx": {"path":"C:\\Users\\DEVDUL\\Documents\\DEVELOPMENT\\conferences\\module-federation-demo\\packages\\analytics\\src\\components\\ui\\badge.tsx","statementMap":{"0":{"start":{"line":7,"column":22},"end":{"line":27,"column":null}},"1":{"start":{"line":36,"column":2},"end":{"line":49,"column":null}}},"fnMap":{"0":{"name":"Badge","decl":{"start":{"line":30,"column":9},"end":{"line":30,"column":15}},"loc":{"start":{"line":35,"column":72},"end":{"line":50,"column":null}},"line":35}},"branchMap":{"0":{"loc":{"start":{"line":32,"column":2},"end":{"line":32,"column":21}},"type":"default-arg","locations":[{"start":{"line":32,"column":12},"end":{"line":32,"column":21}}],"line":32}},"s":{"0":0,"1":0},"f":{"0":0},"b":{"0":[0]}}
,"C:\\Users\\DEVDUL\\Documents\\DEVELOPMENT\\conferences\\module-federation-demo\\packages\\analytics\\src\\components\\ui\\breadcrumb.tsx": {"path":"C:\\Users\\DEVDUL\\Documents\\DEVELOPMENT\\conferences\\module-federation-demo\\packages\\analytics\\src\\components\\ui\\breadcrumb.tsx","statementMap":{"0":{"start":{"line":9,"column":2},"end":{"line":14,"column":null}},"1":{"start":{"line":20,"column":2},"end":{"line":27,"column":null}},"2":{"start":{"line":33,"column":2},"end":{"line":37,"column":null}},"3":{"start":{"line":47,"column":2},"end":{"line":59,"column":null}},"4":{"start":{"line":63,"column":2},"end":{"line":70,"column":null}},"5":{"start":{"line":80,"column":2},"end":{"line":89,"column":null}},"6":{"start":{"line":99,"column":2},"end":{"line":112,"column":null}}},"fnMap":{"0":{"name":"Breadcrumb","decl":{"start":{"line":8,"column":9},"end":{"line":8,"column":20}},"loc":{"start":{"line":8,"column":72},"end":{"line":17,"column":null}},"line":8},"1":{"name":"BreadcrumbList","decl":{"start":{"line":19,"column":9},"end":{"line":19,"column":24}},"loc":{"start":{"line":19,"column":75},"end":{"line":30,"column":null}},"line":19},"2":{"name":"BreadcrumbItem","decl":{"start":{"line":32,"column":9},"end":{"line":32,"column":24}},"loc":{"start":{"line":32,"column":75},"end":{"line":40,"column":null}},"line":32},"3":{"name":"BreadcrumbLink","decl":{"start":{"line":42,"column":9},"end":{"line":42,"column":24}},"loc":{"start":{"line":46,"column":32},"end":{"line":60,"column":null}},"line":46},"4":{"name":"BreadcrumbPage","decl":{"start":{"line":62,"column":9},"end":{"line":62,"column":24}},"loc":{"start":{"line":62,"column":77},"end":{"line":73,"column":null}},"line":62},"5":{"name":"BreadcrumbSeparator","decl":{"start":{"line":75,"column":9},"end":{"line":75,"column":29}},"loc":{"start":{"line":79,"column":29},"end":{"line":93,"column":null}},"line":79},"6":{"name":"BreadcrumbEllipsis","decl":{"start":{"line":95,"column":9},"end":{"line":95,"column":28}},"loc":{"start":{"line":98,"column":31},"end":{"line":115,"column":null}},"line":98}},"branchMap":{"0":{"loc":{"start":{"line":88,"column":7},"end":{"line":89,"column":null}},"type":"binary-expr","locations":[{"start":{"line":88,"column":7},"end":{"line":88,"column":null}},{"start":{"line":89,"column":8},"end":{"line":89,"column":null}}],"line":88}},"s":{"0":0,"1":0,"2":0,"3":0,"4":0,"5":0,"6":0},"f":{"0":0,"1":0,"2":0,"3":0,"4":0,"5":0,"6":0},"b":{"0":[0,0]}}
,"C:\\Users\\DEVDUL\\Documents\\DEVELOPMENT\\conferences\\module-federation-demo\\packages\\analytics\\src\\components\\ui\\button-group.tsx": {"path":"C:\\Users\\DEVDUL\\Documents\\DEVELOPMENT\\conferences\\module-federation-demo\\packages\\analytics\\src\\components\\ui\\button-group.tsx","statementMap":{"0":{"start":{"line":8,"column":28},"end":{"line":22,"column":null}},"1":{"start":{"line":30,"column":2},"end":{"line":36,"column":null}},"2":{"start":{"line":46,"column":2},"end":{"line":61,"column":null}},"3":{"start":{"line":69,"column":2},"end":{"line":77,"column":null}}},"fnMap":{"0":{"name":"ButtonGroup","decl":{"start":{"line":25,"column":9},"end":{"line":25,"column":21}},"loc":{"start":{"line":29,"column":73},"end":{"line":39,"column":null}},"line":29},"1":{"name":"ButtonGroupText","decl":{"start":{"line":41,"column":9},"end":{"line":41,"column":25}},"loc":{"start":{"line":45,"column":34},"end":{"line":62,"column":null}},"line":45},"2":{"name":"ButtonGroupSeparator","decl":{"start":{"line":64,"column":9},"end":{"line":64,"column":30}},"loc":{"start":{"line":68,"column":41},"end":{"line":80,"column":null}},"line":68}},"branchMap":{"0":{"loc":{"start":{"line":66,"column":2},"end":{"line":66,"column":26}},"type":"default-arg","locations":[{"start":{"line":66,"column":16},"end":{"line":66,"column":26}}],"line":66}},"s":{"0":0,"1":0,"2":0,"3":0},"f":{"0":0,"1":0,"2":0},"b":{"0":[0]}}
,"C:\\Users\\DEVDUL\\Documents\\DEVELOPMENT\\conferences\\module-federation-demo\\packages\\analytics\\src\\components\\ui\\button.tsx": {"path":"C:\\Users\\DEVDUL\\Documents\\DEVELOPMENT\\conferences\\module-federation-demo\\packages\\analytics\\src\\components\\ui\\button.tsx","statementMap":{"0":{"start":{"line":6,"column":23},"end":{"line":38,"column":null}},"1":{"start":{"line":47,"column":2},"end":{"line":51,"column":null}}},"fnMap":{"0":{"name":"Button","decl":{"start":{"line":41,"column":9},"end":{"line":41,"column":16}},"loc":{"start":{"line":46,"column":62},"end":{"line":54,"column":null}},"line":46}},"branchMap":{"0":{"loc":{"start":{"line":43,"column":2},"end":{"line":43,"column":21}},"type":"default-arg","locations":[{"start":{"line":43,"column":12},"end":{"line":43,"column":21}}],"line":43},"1":{"loc":{"start":{"line":44,"column":2},"end":{"line":44,"column":18}},"type":"default-arg","locations":[{"start":{"line":44,"column":9},"end":{"line":44,"column":18}}],"line":44}},"s":{"0":0,"1":0},"f":{"0":0},"b":{"0":[0],"1":[0]}}
,"C:\\Users\\DEVDUL\\Documents\\DEVELOPMENT\\conferences\\module-federation-demo\\packages\\analytics\\src\\components\\ui\\card.tsx": {"path":"C:\\Users\\DEVDUL\\Documents\\DEVELOPMENT\\conferences\\module-federation-demo\\packages\\analytics\\src\\components\\ui\\card.tsx","statementMap":{"0":{"start":{"line":10,"column":2},"end":{"line":18,"column":null}},"1":{"start":{"line":24,"column":2},"end":{"line":31,"column":null}},"2":{"start":{"line":37,"column":2},"end":{"line":44,"column":null}},"3":{"start":{"line":50,"column":2},"end":{"line":54,"column":null}},"4":{"start":{"line":60,"column":2},"end":{"line":67,"column":null}},"5":{"start":{"line":73,"column":2},"end":{"line":77,"column":null}},"6":{"start":{"line":83,"column":2},"end":{"line":90,"column":null}}},"fnMap":{"0":{"name":"Card","decl":{"start":{"line":5,"column":9},"end":{"line":5,"column":14}},"loc":{"start":{"line":9,"column":60},"end":{"line":21,"column":null}},"line":9},"1":{"name":"CardHeader","decl":{"start":{"line":23,"column":9},"end":{"line":23,"column":20}},"loc":{"start":{"line":23,"column":72},"end":{"line":34,"column":null}},"line":23},"2":{"name":"CardTitle","decl":{"start":{"line":36,"column":9},"end":{"line":36,"column":19}},"loc":{"start":{"line":36,"column":71},"end":{"line":47,"column":null}},"line":36},"3":{"name":"CardDescription","decl":{"start":{"line":49,"column":9},"end":{"line":49,"column":25}},"loc":{"start":{"line":49,"column":77},"end":{"line":57,"column":null}},"line":49},"4":{"name":"CardAction","decl":{"start":{"line":59,"column":9},"end":{"line":59,"column":20}},"loc":{"start":{"line":59,"column":72},"end":{"line":70,"column":null}},"line":59},"5":{"name":"CardContent","decl":{"start":{"line":72,"column":9},"end":{"line":72,"column":21}},"loc":{"start":{"line":72,"column":73},"end":{"line":80,"column":null}},"line":72},"6":{"name":"CardFooter","decl":{"start":{"line":82,"column":9},"end":{"line":82,"column":20}},"loc":{"start":{"line":82,"column":72},"end":{"line":93,"column":null}},"line":82}},"branchMap":{"0":{"loc":{"start":{"line":7,"column":2},"end":{"line":7,"column":18}},"type":"default-arg","locations":[{"start":{"line":7,"column":9},"end":{"line":7,"column":18}}],"line":7}},"s":{"0":0,"1":0,"2":0,"3":0,"4":0,"5":0,"6":0},"f":{"0":0,"1":0,"2":0,"3":0,"4":0,"5":0,"6":0},"b":{"0":[0]}}
,"C:\\Users\\DEVDUL\\Documents\\DEVELOPMENT\\conferences\\module-federation-demo\\packages\\analytics\\src\\components\\ui\\checkbox.tsx": {"path":"C:\\Users\\DEVDUL\\Documents\\DEVELOPMENT\\conferences\\module-federation-demo\\packages\\analytics\\src\\components\\ui\\checkbox.tsx","statementMap":{"0":{"start":{"line":1,"column":0},"end":{"line":1,"column":null}},"1":{"start":{"line":9,"column":2},"end":{"line":22,"column":null}}},"fnMap":{"0":{"name":"Checkbox","decl":{"start":{"line":8,"column":9},"end":{"line":8,"column":18}},"loc":{"start":{"line":8,"column":71},"end":{"line":27,"column":null}},"line":8}},"branchMap":{},"s":{"0":0,"1":0},"f":{"0":0},"b":{}}
,"C:\\Users\\DEVDUL\\Documents\\DEVELOPMENT\\conferences\\module-federation-demo\\packages\\analytics\\src\\components\\ui\\collapsible.tsx": {"path":"C:\\Users\\DEVDUL\\Documents\\DEVELOPMENT\\conferences\\module-federation-demo\\packages\\analytics\\src\\components\\ui\\collapsible.tsx","statementMap":{"0":{"start":{"line":4,"column":2},"end":{"line":4,"column":null}},"1":{"start":{"line":8,"column":2},"end":{"line":9,"column":null}},"2":{"start":{"line":14,"column":2},"end":{"line":15,"column":null}}},"fnMap":{"0":{"name":"Collapsible","decl":{"start":{"line":3,"column":9},"end":{"line":3,"column":21}},"loc":{"start":{"line":3,"column":66},"end":{"line":5,"column":null}},"line":3},"1":{"name":"CollapsibleTrigger","decl":{"start":{"line":7,"column":9},"end":{"line":7,"column":28}},"loc":{"start":{"line":7,"column":76},"end":{"line":11,"column":null}},"line":7},"2":{"name":"CollapsibleContent","decl":{"start":{"line":13,"column":9},"end":{"line":13,"column":28}},"loc":{"start":{"line":13,"column":74},"end":{"line":17,"column":null}},"line":13}},"branchMap":{},"s":{"0":0,"1":0,"2":0},"f":{"0":0,"1":0,"2":0},"b":{}}
,"C:\\Users\\DEVDUL\\Documents\\DEVELOPMENT\\conferences\\module-federation-demo\\packages\\analytics\\src\\components\\ui\\command.tsx": {"path":"C:\\Users\\DEVDUL\\Documents\\DEVELOPMENT\\conferences\\module-federation-demo\\packages\\analytics\\src\\components\\ui\\command.tsx","statementMap":{"0":{"start":{"line":1,"column":0},"end":{"line":1,"column":null}},"1":{"start":{"line":24,"column":2},"end":{"line":31,"column":null}},"2":{"start":{"line":50,"column":2},"end":{"line":63,"column":null}},"3":{"start":{"line":73,"column":2},"end":{"line":85,"column":null}},"4":{"start":{"line":96,"column":2},"end":{"line":103,"column":null}},"5":{"start":{"line":112,"column":2},"end":{"line":116,"column":null}},"6":{"start":{"line":125,"column":2},"end":{"line":132,"column":null}},"7":{"start":{"line":141,"column":2},"end":{"line":145,"column":null}},"8":{"start":{"line":155,"column":2},"end":{"line":165,"column":null}},"9":{"start":{"line":174,"column":2},"end":{"line":181,"column":null}}},"fnMap":{"0":{"name":"Command","decl":{"start":{"line":20,"column":9},"end":{"line":20,"column":17}},"loc":{"start":{"line":23,"column":48},"end":{"line":34,"column":null}},"line":23},"1":{"name":"CommandDialog","decl":{"start":{"line":36,"column":9},"end":{"line":36,"column":23}},"loc":{"start":{"line":49,"column":1},"end":{"line":67,"column":null}},"line":49},"2":{"name":"CommandInput","decl":{"start":{"line":69,"column":9},"end":{"line":69,"column":22}},"loc":{"start":{"line":72,"column":54},"end":{"line":90,"column":null}},"line":72},"3":{"name":"CommandList","decl":{"start":{"line":92,"column":9},"end":{"line":92,"column":21}},"loc":{"start":{"line":95,"column":53},"end":{"line":106,"column":null}},"line":95},"4":{"name":"CommandEmpty","decl":{"start":{"line":108,"column":9},"end":{"line":108,"column":22}},"loc":{"start":{"line":111,"column":54},"end":{"line":119,"column":null}},"line":111},"5":{"name":"CommandGroup","decl":{"start":{"line":121,"column":9},"end":{"line":121,"column":22}},"loc":{"start":{"line":124,"column":54},"end":{"line":135,"column":null}},"line":124},"6":{"name":"CommandSeparator","decl":{"start":{"line":137,"column":9},"end":{"line":137,"column":26}},"loc":{"start":{"line":140,"column":58},"end":{"line":148,"column":null}},"line":140},"7":{"name":"CommandItem","decl":{"start":{"line":150,"column":9},"end":{"line":150,"column":21}},"loc":{"start":{"line":154,"column":53},"end":{"line":168,"column":null}},"line":154},"8":{"name":"CommandShortcut","decl":{"start":{"line":170,"column":9},"end":{"line":170,"column":25}},"loc":{"start":{"line":173,"column":31},"end":{"line":184,"column":null}},"line":173}},"branchMap":{"0":{"loc":{"start":{"line":37,"column":2},"end":{"line":37,"column":27}},"type":"default-arg","locations":[{"start":{"line":37,"column":10},"end":{"line":37,"column":27}}],"line":37},"1":{"loc":{"start":{"line":38,"column":2},"end":{"line":38,"column":48}},"type":"default-arg","locations":[{"start":{"line":38,"column":16},"end":{"line":38,"column":48}}],"line":38},"2":{"loc":{"start":{"line":41,"column":2},"end":{"line":41,"column":25}},"type":"default-arg","locations":[{"start":{"line":41,"column":20},"end":{"line":41,"column":25}}],"line":41}},"s":{"0":0,"1":0,"2":0,"3":0,"4":0,"5":0,"6":0,"7":0,"8":0,"9":0},"f":{"0":0,"1":0,"2":0,"3":0,"4":0,"5":0,"6":0,"7":0,"8":0},"b":{"0":[0],"1":[0],"2":[0]}}
,"C:\\Users\\DEVDUL\\Documents\\DEVELOPMENT\\conferences\\module-federation-demo\\packages\\analytics\\src\\components\\ui\\dialog.tsx": {"path":"C:\\Users\\DEVDUL\\Documents\\DEVELOPMENT\\conferences\\module-federation-demo\\packages\\analytics\\src\\components\\ui\\dialog.tsx","statementMap":{"0":{"start":{"line":9,"column":2},"end":{"line":9,"column":null}},"1":{"start":{"line":13,"column":2},"end":{"line":13,"column":null}},"2":{"start":{"line":17,"column":2},"end":{"line":17,"column":null}},"3":{"start":{"line":21,"column":2},"end":{"line":21,"column":null}},"4":{"start":{"line":28,"column":2},"end":{"line":35,"column":null}},"5":{"start":{"line":48,"column":2},"end":{"line":73,"column":null}},"6":{"start":{"line":82,"column":2},"end":{"line":86,"column":null}},"7":{"start":{"line":99,"column":2},"end":{"line":110,"column":null}},"8":{"start":{"line":119,"column":2},"end":{"line":123,"column":null}},"9":{"start":{"line":132,"column":2},"end":{"line":139,"column":null}}},"fnMap":{"0":{"name":"Dialog","decl":{"start":{"line":8,"column":9},"end":{"line":8,"column":16}},"loc":{"start":{"line":8,"column":56},"end":{"line":10,"column":null}},"line":8},"1":{"name":"DialogTrigger","decl":{"start":{"line":12,"column":9},"end":{"line":12,"column":23}},"loc":{"start":{"line":12,"column":66},"end":{"line":14,"column":null}},"line":12},"2":{"name":"DialogPortal","decl":{"start":{"line":16,"column":9},"end":{"line":16,"column":22}},"loc":{"start":{"line":16,"column":64},"end":{"line":18,"column":null}},"line":16},"3":{"name":"DialogClose","decl":{"start":{"line":20,"column":9},"end":{"line":20,"column":21}},"loc":{"start":{"line":20,"column":62},"end":{"line":22,"column":null}},"line":20},"4":{"name":"DialogOverlay","decl":{"start":{"line":24,"column":9},"end":{"line":24,"column":23}},"loc":{"start":{"line":27,"column":33},"end":{"line":38,"column":null}},"line":27},"5":{"name":"DialogContent","decl":{"start":{"line":40,"column":9},"end":{"line":40,"column":23}},"loc":{"start":{"line":47,"column":1},"end":{"line":79,"column":null}},"line":47},"6":{"name":"DialogHeader","decl":{"start":{"line":81,"column":9},"end":{"line":81,"column":22}},"loc":{"start":{"line":81,"column":74},"end":{"line":89,"column":null}},"line":81},"7":{"name":"DialogFooter","decl":{"start":{"line":91,"column":9},"end":{"line":91,"column":22}},"loc":{"start":{"line":98,"column":1},"end":{"line":116,"column":null}},"line":98},"8":{"name":"DialogTitle","decl":{"start":{"line":118,"column":9},"end":{"line":118,"column":21}},"loc":{"start":{"line":118,"column":73},"end":{"line":126,"column":null}},"line":118},"9":{"name":"DialogDescription","decl":{"start":{"line":128,"column":9},"end":{"line":128,"column":27}},"loc":{"start":{"line":131,"column":36},"end":{"line":142,"column":null}},"line":131}},"branchMap":{"0":{"loc":{"start":{"line":43,"column":2},"end":{"line":43,"column":24}},"type":"default-arg","locations":[{"start":{"line":43,"column":20},"end":{"line":43,"column":24}}],"line":43},"1":{"loc":{"start":{"line":60,"column":9},"end":{"line":73,"column":null}},"type":"binary-expr","locations":[{"start":{"line":60,"column":9},"end":{"line":60,"column":null}},{"start":{"line":61,"column":10},"end":{"line":73,"column":null}}],"line":60},"2":{"loc":{"start":{"line":93,"column":2},"end":{"line":93,"column":25}},"type":"default-arg","locations":[{"start":{"line":93,"column":20},"end":{"line":93,"column":25}}],"line":93},"3":{"loc":{"start":{"line":109,"column":7},"end":{"line":110,"column":null}},"type":"binary-expr","locations":[{"start":{"line":109,"column":7},"end":{"line":109,"column":null}},{"start":{"line":110,"column":8},"end":{"line":110,"column":null}}],"line":109}},"s":{"0":0,"1":0,"2":0,"3":0,"4":0,"5":0,"6":0,"7":0,"8":0,"9":0},"f":{"0":0,"1":0,"2":0,"3":0,"4":0,"5":0,"6":0,"7":0,"8":0,"9":0},"b":{"0":[0],"1":[0,0],"2":[0],"3":[0,0]}}
,"C:\\Users\\DEVDUL\\Documents\\DEVELOPMENT\\conferences\\module-federation-demo\\packages\\analytics\\src\\components\\ui\\drawer.tsx": {"path":"C:\\Users\\DEVDUL\\Documents\\DEVELOPMENT\\conferences\\module-federation-demo\\packages\\analytics\\src\\components\\ui\\drawer.tsx","statementMap":{"0":{"start":{"line":13,"column":22},"end":{"line":13,"column":null}},"1":{"start":{"line":16,"column":18},"end":{"line":16,"column":null}},"2":{"start":{"line":18,"column":2},"end":{"line":20,"column":null}},"3":{"start":{"line":19,"column":4},"end":{"line":19,"column":null}},"4":{"start":{"line":22,"column":2},"end":{"line":22,"column":null}},"5":{"start":{"line":34,"column":24},"end":{"line":34,"column":null}},"6":{"start":{"line":35,"column":23},"end":{"line":37,"column":null}},"7":{"start":{"line":36,"column":11},"end":{"line":36,"column":null}},"8":{"start":{"line":40,"column":2},"end":{"line":47,"column":null}},"9":{"start":{"line":54,"column":2},"end":{"line":54,"column":null}},"10":{"start":{"line":58,"column":2},"end":{"line":58,"column":null}},"11":{"start":{"line":62,"column":2},"end":{"line":62,"column":null}},"12":{"start":{"line":69,"column":2},"end":{"line":76,"column":null}},"13":{"start":{"line":85,"column":2},"end":{"line":93,"column":null}},"14":{"start":{"line":103,"column":68},"end":{"line":103,"column":null}},"15":{"start":{"line":105,"column":4},"end":{"line":105,"column":null}},"16":{"start":{"line":107,"column":2},"end":{"line":157,"column":null}},"17":{"start":{"line":166,"column":2},"end":{"line":173,"column":null}},"18":{"start":{"line":179,"column":2},"end":{"line":183,"column":null}},"19":{"start":{"line":189,"column":2},"end":{"line":196,"column":null}},"20":{"start":{"line":205,"column":2},"end":{"line":212,"column":null}}},"fnMap":{"0":{"name":"useDrawer","decl":{"start":{"line":15,"column":9},"end":{"line":15,"column":null}},"loc":{"start":{"line":15,"column":9},"end":{"line":23,"column":null}},"line":15},"1":{"name":"Drawer","decl":{"start":{"line":25,"column":9},"end":{"line":25,"column":16}},"loc":{"start":{"line":33,"column":1},"end":{"line":51,"column":null}},"line":33},"2":{"name":"(anonymous_2)","decl":{"start":{"line":36,"column":4},"end":{"line":36,"column":11}},"loc":{"start":{"line":36,"column":11},"end":{"line":36,"column":null}},"line":36},"3":{"name":"DrawerTrigger","decl":{"start":{"line":53,"column":9},"end":{"line":53,"column":23}},"loc":{"start":{"line":53,"column":66},"end":{"line":55,"column":null}},"line":53},"4":{"name":"DrawerPortal","decl":{"start":{"line":57,"column":9},"end":{"line":57,"column":22}},"loc":{"start":{"line":57,"column":64},"end":{"line":59,"column":null}},"line":57},"5":{"name":"DrawerClose","decl":{"start":{"line":61,"column":9},"end":{"line":61,"column":21}},"loc":{"start":{"line":61,"column":62},"end":{"line":63,"column":null}},"line":61},"6":{"name":"DrawerOverlay","decl":{"start":{"line":65,"column":9},"end":{"line":65,"column":23}},"loc":{"start":{"line":68,"column":33},"end":{"line":79,"column":null}},"line":68},"7":{"name":"DrawerSwipeHandle","decl":{"start":{"line":81,"column":9},"end":{"line":81,"column":27}},"loc":{"start":{"line":84,"column":30},"end":{"line":96,"column":null}},"line":84},"8":{"name":"DrawerContent","decl":{"start":{"line":98,"column":9},"end":{"line":98,"column":23}},"loc":{"start":{"line":102,"column":30},"end":{"line":163,"column":null}},"line":102},"9":{"name":"DrawerHeader","decl":{"start":{"line":165,"column":9},"end":{"line":165,"column":22}},"loc":{"start":{"line":165,"column":74},"end":{"line":176,"column":null}},"line":165},"10":{"name":"DrawerFooter","decl":{"start":{"line":178,"column":9},"end":{"line":178,"column":22}},"loc":{"start":{"line":178,"column":74},"end":{"line":186,"column":null}},"line":178},"11":{"name":"DrawerTitle","decl":{"start":{"line":188,"column":9},"end":{"line":188,"column":21}},"loc":{"start":{"line":188,"column":73},"end":{"line":199,"column":null}},"line":188},"12":{"name":"DrawerDescription","decl":{"start":{"line":201,"column":9},"end":{"line":201,"column":27}},"loc":{"start":{"line":204,"column":36},"end":{"line":215,"column":null}},"line":204}},"branchMap":{"0":{"loc":{"start":{"line":18,"column":2},"end":{"line":20,"column":null}},"type":"if","locations":[{"start":{"line":18,"column":2},"end":{"line":20,"column":null}},{"start":{"line":18,"column":2},"end":{"line":20,"column":null}}],"line":18},"1":{"loc":{"start":{"line":26,"column":2},"end":{"line":26,"column":14}},"type":"default-arg","locations":[{"start":{"line":26,"column":10},"end":{"line":26,"column":14}}],"line":26},"2":{"loc":{"start":{"line":27,"column":2},"end":{"line":27,"column":25}},"type":"default-arg","locations":[{"start":{"line":27,"column":20},"end":{"line":27,"column":25}}],"line":27},"3":{"loc":{"start":{"line":29,"column":2},"end":{"line":29,"column":25}},"type":"default-arg","locations":[{"start":{"line":29,"column":19},"end":{"line":29,"column":25}}],"line":29},"4":{"loc":{"start":{"line":34,"column":24},"end":{"line":34,"column":null}},"type":"binary-expr","locations":[{"start":{"line":34,"column":24},"end":{"line":34,"column":46}},{"start":{"line":34,"column":46},"end":{"line":34,"column":null}}],"line":34},"5":{"loc":{"start":{"line":105,"column":4},"end":{"line":105,"column":null}},"type":"cond-expr","locations":[{"start":{"line":105,"column":59},"end":{"line":105,"column":65}},{"start":{"line":105,"column":65},"end":{"line":105,"column":null}}],"line":105},"6":{"loc":{"start":{"line":105,"column":4},"end":{"line":105,"column":59}},"type":"binary-expr","locations":[{"start":{"line":105,"column":4},"end":{"line":105,"column":33}},{"start":{"line":105,"column":33},"end":{"line":105,"column":59}}],"line":105},"7":{"loc":{"start":{"line":109,"column":7},"end":{"line":110,"column":null}},"type":"binary-expr","locations":[{"start":{"line":109,"column":7},"end":{"line":109,"column":null}},{"start":{"line":110,"column":8},"end":{"line":110,"column":null}}],"line":109},"8":{"loc":{"start":{"line":110,"column":41},"end":{"line":110,"column":null}},"type":"cond-expr","locations":[{"start":{"line":110,"column":57},"end":{"line":110,"column":62}},{"start":{"line":110,"column":62},"end":{"line":110,"column":null}}],"line":110},"9":{"loc":{"start":{"line":120,"column":28},"end":{"line":120,"column":null}},"type":"cond-expr","locations":[{"start":{"line":120,"column":44},"end":{"line":120,"column":49}},{"start":{"line":120,"column":49},"end":{"line":120,"column":null}}],"line":120},"10":{"loc":{"start":{"line":150,"column":11},"end":{"line":150,"column":null}},"type":"binary-expr","locations":[{"start":{"line":150,"column":11},"end":{"line":150,"column":30}},{"start":{"line":150,"column":30},"end":{"line":150,"column":null}}],"line":150}},"s":{"0":0,"1":0,"2":0,"3":0,"4":0,"5":0,"6":0,"7":0,"8":0,"9":0,"10":0,"11":0,"12":0,"13":0,"14":0,"15":0,"16":0,"17":0,"18":0,"19":0,"20":0},"f":{"0":0,"1":0,"2":0,"3":0,"4":0,"5":0,"6":0,"7":0,"8":0,"9":0,"10":0,"11":0,"12":0},"b":{"0":[0,0],"1":[0],"2":[0],"3":[0],"4":[0,0],"5":[0,0],"6":[0,0],"7":[0,0],"8":[0,0],"9":[0,0],"10":[0,0]}}
,"C:\\Users\\DEVDUL\\Documents\\DEVELOPMENT\\conferences\\module-federation-demo\\packages\\analytics\\src\\components\\ui\\dropdown-menu.tsx": {"path":"C:\\Users\\DEVDUL\\Documents\\DEVELOPMENT\\conferences\\module-federation-demo\\packages\\analytics\\src\\components\\ui\\dropdown-menu.tsx","statementMap":{"0":{"start":{"line":1,"column":0},"end":{"line":1,"column":null}},"1":{"start":{"line":10,"column":2},"end":{"line":10,"column":null}},"2":{"start":{"line":14,"column":2},"end":{"line":14,"column":null}},"3":{"start":{"line":18,"column":2},"end":{"line":18,"column":null}},"4":{"start":{"line":33,"column":2},"end":{"line":45,"column":null}},"5":{"start":{"line":53,"column":2},"end":{"line":53,"column":null}},"6":{"start":{"line":63,"column":2},"end":{"line":71,"column":null}},"7":{"start":{"line":85,"column":2},"end":{"line":94,"column":null}},"8":{"start":{"line":100,"column":2},"end":{"line":100,"column":null}},"9":{"start":{"line":111,"column":2},"end":{"line":122,"column":null}},"10":{"start":{"line":135,"column":2},"end":{"line":143,"column":null}},"11":{"start":{"line":157,"column":2},"end":{"line":177,"column":null}},"12":{"start":{"line":183,"column":2},"end":{"line":186,"column":null}},"13":{"start":{"line":199,"column":2},"end":{"line":218,"column":null}},"14":{"start":{"line":227,"column":2},"end":{"line":231,"column":null}},"15":{"start":{"line":240,"column":2},"end":{"line":247,"column":null}}},"fnMap":{"0":{"name":"DropdownMenu","decl":{"start":{"line":9,"column":9},"end":{"line":9,"column":22}},"loc":{"start":{"line":9,"column":60},"end":{"line":11,"column":null}},"line":9},"1":{"name":"DropdownMenuPortal","decl":{"start":{"line":13,"column":9},"end":{"line":13,"column":28}},"loc":{"start":{"line":13,"column":68},"end":{"line":15,"column":null}},"line":13},"2":{"name":"DropdownMenuTrigger","decl":{"start":{"line":17,"column":9},"end":{"line":17,"column":29}},"loc":{"start":{"line":17,"column":70},"end":{"line":19,"column":null}},"line":17},"3":{"name":"DropdownMenuContent","decl":{"start":{"line":21,"column":9},"end":{"line":21,"column":29}},"loc":{"start":{"line":32,"column":3},"end":{"line":50,"column":null}},"line":32},"4":{"name":"DropdownMenuGroup","decl":{"start":{"line":52,"column":9},"end":{"line":52,"column":27}},"loc":{"start":{"line":52,"column":66},"end":{"line":54,"column":null}},"line":52},"5":{"name":"DropdownMenuLabel","decl":{"start":{"line":56,"column":9},"end":{"line":56,"column":27}},"loc":{"start":{"line":62,"column":1},"end":{"line":74,"column":null}},"line":62},"6":{"name":"DropdownMenuItem","decl":{"start":{"line":76,"column":9},"end":{"line":76,"column":26}},"loc":{"start":{"line":84,"column":1},"end":{"line":97,"column":null}},"line":84},"7":{"name":"DropdownMenuSub","decl":{"start":{"line":99,"column":9},"end":{"line":99,"column":25}},"loc":{"start":{"line":99,"column":70},"end":{"line":101,"column":null}},"line":99},"8":{"name":"DropdownMenuSubTrigger","decl":{"start":{"line":103,"column":9},"end":{"line":103,"column":32}},"loc":{"start":{"line":110,"column":1},"end":{"line":125,"column":null}},"line":110},"9":{"name":"DropdownMenuSubContent","decl":{"start":{"line":127,"column":9},"end":{"line":127,"column":32}},"loc":{"start":{"line":134,"column":51},"end":{"line":146,"column":null}},"line":134},"10":{"name":"DropdownMenuCheckboxItem","decl":{"start":{"line":148,"column":9},"end":{"line":148,"column":34}},"loc":{"start":{"line":156,"column":1},"end":{"line":180,"column":null}},"line":156},"11":{"name":"DropdownMenuRadioGroup","decl":{"start":{"line":182,"column":9},"end":{"line":182,"column":32}},"loc":{"start":{"line":182,"column":76},"end":{"line":189,"column":null}},"line":182},"12":{"name":"DropdownMenuRadioItem","decl":{"start":{"line":191,"column":9},"end":{"line":191,"column":31}},"loc":{"start":{"line":198,"column":1},"end":{"line":221,"column":null}},"line":198},"13":{"name":"DropdownMenuSeparator","decl":{"start":{"line":223,"column":9},"end":{"line":223,"column":31}},"loc":{"start":{"line":226,"column":32},"end":{"line":234,"column":null}},"line":226},"14":{"name":"DropdownMenuShortcut","decl":{"start":{"line":236,"column":9},"end":{"line":236,"column":30}},"loc":{"start":{"line":239,"column":31},"end":{"line":250,"column":null}},"line":239}},"branchMap":{"0":{"loc":{"start":{"line":22,"column":2},"end":{"line":22,"column":17}},"type":"default-arg","locations":[{"start":{"line":22,"column":10},"end":{"line":22,"column":17}}],"line":22},"1":{"loc":{"start":{"line":23,"column":2},"end":{"line":23,"column":17}},"type":"default-arg","locations":[{"start":{"line":23,"column":16},"end":{"line":23,"column":17}}],"line":23},"2":{"loc":{"start":{"line":24,"column":2},"end":{"line":24,"column":17}},"type":"default-arg","locations":[{"start":{"line":24,"column":9},"end":{"line":24,"column":17}}],"line":24},"3":{"loc":{"start":{"line":25,"column":2},"end":{"line":25,"column":16}},"type":"default-arg","locations":[{"start":{"line":25,"column":15},"end":{"line":25,"column":16}}],"line":25},"4":{"loc":{"start":{"line":79,"column":2},"end":{"line":79,"column":21}},"type":"default-arg","locations":[{"start":{"line":79,"column":12},"end":{"line":79,"column":21}}],"line":79},"5":{"loc":{"start":{"line":128,"column":2},"end":{"line":128,"column":17}},"type":"default-arg","locations":[{"start":{"line":128,"column":10},"end":{"line":128,"column":17}}],"line":128},"6":{"loc":{"start":{"line":129,"column":2},"end":{"line":129,"column":18}},"type":"default-arg","locations":[{"start":{"line":129,"column":16},"end":{"line":129,"column":18}}],"line":129},"7":{"loc":{"start":{"line":130,"column":2},"end":{"line":130,"column":16}},"type":"default-arg","locations":[{"start":{"line":130,"column":9},"end":{"line":130,"column":16}}],"line":130},"8":{"loc":{"start":{"line":131,"column":2},"end":{"line":131,"column":16}},"type":"default-arg","locations":[{"start":{"line":131,"column":15},"end":{"line":131,"column":16}}],"line":131}},"s":{"0":0,"1":0,"2":0,"3":0,"4":0,"5":0,"6":0,"7":0,"8":0,"9":0,"10":0,"11":0,"12":0,"13":0,"14":0,"15":0},"f":{"0":0,"1":0,"2":0,"3":0,"4":0,"5":0,"6":0,"7":0,"8":0,"9":0,"10":0,"11":0,"12":0,"13":0,"14":0},"b":{"0":[0],"1":[0],"2":[0],"3":[0],"4":[0],"5":[0],"6":[0],"7":[0],"8":[0]}}
,"C:\\Users\\DEVDUL\\Documents\\DEVELOPMENT\\conferences\\module-federation-demo\\packages\\analytics\\src\\components\\ui\\empty.tsx": {"path":"C:\\Users\\DEVDUL\\Documents\\DEVELOPMENT\\conferences\\module-federation-demo\\packages\\analytics\\src\\components\\ui\\empty.tsx","statementMap":{"0":{"start":{"line":6,"column":2},"end":{"line":13,"column":null}},"1":{"start":{"line":19,"column":2},"end":{"line":23,"column":null}},"2":{"start":{"line":28,"column":27},"end":{"line":40,"column":null}},"3":{"start":{"line":48,"column":2},"end":{"line":53,"column":null}},"4":{"start":{"line":59,"column":2},"end":{"line":63,"column":null}},"5":{"start":{"line":69,"column":2},"end":{"line":76,"column":null}},"6":{"start":{"line":82,"column":2},"end":{"line":89,"column":null}}},"fnMap":{"0":{"name":"Empty","decl":{"start":{"line":5,"column":9},"end":{"line":5,"column":15}},"loc":{"start":{"line":5,"column":67},"end":{"line":16,"column":null}},"line":5},"1":{"name":"EmptyHeader","decl":{"start":{"line":18,"column":9},"end":{"line":18,"column":21}},"loc":{"start":{"line":18,"column":73},"end":{"line":26,"column":null}},"line":18},"2":{"name":"EmptyMedia","decl":{"start":{"line":43,"column":9},"end":{"line":43,"column":20}},"loc":{"start":{"line":47,"column":72},"end":{"line":56,"column":null}},"line":47},"3":{"name":"EmptyTitle","decl":{"start":{"line":58,"column":9},"end":{"line":58,"column":20}},"loc":{"start":{"line":58,"column":72},"end":{"line":66,"column":null}},"line":58},"4":{"name":"EmptyDescription","decl":{"start":{"line":68,"column":9},"end":{"line":68,"column":26}},"loc":{"start":{"line":68,"column":76},"end":{"line":79,"column":null}},"line":68},"5":{"name":"EmptyContent","decl":{"start":{"line":81,"column":9},"end":{"line":81,"column":22}},"loc":{"start":{"line":81,"column":74},"end":{"line":92,"column":null}},"line":81}},"branchMap":{"0":{"loc":{"start":{"line":45,"column":2},"end":{"line":45,"column":21}},"type":"default-arg","locations":[{"start":{"line":45,"column":12},"end":{"line":45,"column":21}}],"line":45}},"s":{"0":0,"1":0,"2":0,"3":0,"4":0,"5":0,"6":0},"f":{"0":0,"1":0,"2":0,"3":0,"4":0,"5":0},"b":{"0":[0]}}
,"C:\\Users\\DEVDUL\\Documents\\DEVELOPMENT\\conferences\\module-federation-demo\\packages\\analytics\\src\\components\\ui\\field.tsx": {"path":"C:\\Users\\DEVDUL\\Documents\\DEVELOPMENT\\conferences\\module-federation-demo\\packages\\analytics\\src\\components\\ui\\field.tsx","statementMap":{"0":{"start":{"line":1,"column":0},"end":{"line":1,"column":null}},"1":{"start":{"line":11,"column":2},"end":{"line":18,"column":null}},"2":{"start":{"line":28,"column":2},"end":{"line":36,"column":null}},"3":{"start":{"line":42,"column":2},"end":{"line":49,"column":null}},"4":{"start":{"line":54,"column":22},"end":{"line":69,"column":null}},"5":{"start":{"line":77,"column":2},"end":{"line":83,"column":null}},"6":{"start":{"line":89,"column":2},"end":{"line":96,"column":null}},"7":{"start":{"line":105,"column":2},"end":{"line":113,"column":null}},"8":{"start":{"line":119,"column":2},"end":{"line":126,"column":null}},"9":{"start":{"line":132,"column":2},"end":{"line":141,"column":null}},"10":{"start":{"line":153,"column":2},"end":{"line":169,"column":null}},"11":{"start":{"line":184,"column":18},"end":{"line":209,"column":null}},"12":{"start":{"line":185,"column":4},"end":{"line":187,"column":null}},"13":{"start":{"line":186,"column":6},"end":{"line":186,"column":null}},"14":{"start":{"line":189,"column":4},"end":{"line":191,"column":null}},"15":{"start":{"line":190,"column":6},"end":{"line":190,"column":null}},"16":{"start":{"line":193,"column":25},"end":{"line":195,"column":null}},"17":{"start":{"line":194,"column":39},"end":{"line":194,"column":65}},"18":{"start":{"line":197,"column":4},"end":{"line":199,"column":null}},"19":{"start":{"line":198,"column":6},"end":{"line":198,"column":null}},"20":{"start":{"line":201,"column":4},"end":{"line":205,"column":47}},"21":{"start":{"line":205,"column":12},"end":{"line":205,"column":47}},"22":{"start":{"line":211,"column":2},"end":{"line":213,"column":null}},"23":{"start":{"line":212,"column":4},"end":{"line":212,"column":null}},"24":{"start":{"line":215,"column":2},"end":{"line":222,"column":null}}},"fnMap":{"0":{"name":"FieldSet","decl":{"start":{"line":10,"column":9},"end":{"line":10,"column":18}},"loc":{"start":{"line":10,"column":75},"end":{"line":21,"column":null}},"line":10},"1":{"name":"FieldLegend","decl":{"start":{"line":23,"column":9},"end":{"line":23,"column":21}},"loc":{"start":{"line":27,"column":68},"end":{"line":39,"column":null}},"line":27},"2":{"name":"FieldGroup","decl":{"start":{"line":41,"column":9},"end":{"line":41,"column":20}},"loc":{"start":{"line":41,"column":72},"end":{"line":52,"column":null}},"line":41},"3":{"name":"Field","decl":{"start":{"line":72,"column":9},"end":{"line":72,"column":15}},"loc":{"start":{"line":76,"column":67},"end":{"line":86,"column":null}},"line":76},"4":{"name":"FieldContent","decl":{"start":{"line":88,"column":9},"end":{"line":88,"column":22}},"loc":{"start":{"line":88,"column":74},"end":{"line":99,"column":null}},"line":88},"5":{"name":"FieldLabel","decl":{"start":{"line":101,"column":9},"end":{"line":101,"column":20}},"loc":{"start":{"line":104,"column":37},"end":{"line":116,"column":null}},"line":104},"6":{"name":"FieldTitle","decl":{"start":{"line":118,"column":9},"end":{"line":118,"column":20}},"loc":{"start":{"line":118,"column":72},"end":{"line":129,"column":null}},"line":118},"7":{"name":"FieldDescription","decl":{"start":{"line":131,"column":9},"end":{"line":131,"column":26}},"loc":{"start":{"line":131,"column":76},"end":{"line":144,"column":null}},"line":131},"8":{"name":"FieldSeparator","decl":{"start":{"line":146,"column":9},"end":{"line":146,"column":24}},"loc":{"start":{"line":152,"column":1},"end":{"line":174,"column":null}},"line":152},"9":{"name":"FieldError","decl":{"start":{"line":176,"column":9},"end":{"line":176,"column":20}},"loc":{"start":{"line":183,"column":1},"end":{"line":225,"column":null}},"line":183},"10":{"name":"(anonymous_10)","decl":{"start":{"line":184,"column":26},"end":{"line":184,"column":null}},"loc":{"start":{"line":184,"column":26},"end":{"line":209,"column":5}},"line":184},"11":{"name":"(anonymous_11)","decl":{"start":{"line":194,"column":28},"end":{"line":194,"column":29}},"loc":{"start":{"line":194,"column":39},"end":{"line":194,"column":65}},"line":194},"12":{"name":"(anonymous_12)","decl":{"start":{"line":204,"column":10},"end":{"line":204,"column":11}},"loc":{"start":{"line":205,"column":12},"end":{"line":205,"column":47}},"line":205}},"branchMap":{"0":{"loc":{"start":{"line":25,"column":2},"end":{"line":25,"column":20}},"type":"default-arg","locations":[{"start":{"line":25,"column":12},"end":{"line":25,"column":20}}],"line":25},"1":{"loc":{"start":{"line":74,"column":2},"end":{"line":74,"column":26}},"type":"default-arg","locations":[{"start":{"line":74,"column":16},"end":{"line":74,"column":26}}],"line":74},"2":{"loc":{"start":{"line":164,"column":7},"end":{"line":169,"column":null}},"type":"binary-expr","locations":[{"start":{"line":164,"column":7},"end":{"line":164,"column":null}},{"start":{"line":165,"column":8},"end":{"line":169,"column":null}}],"line":164},"3":{"loc":{"start":{"line":185,"column":4},"end":{"line":187,"column":null}},"type":"if","locations":[{"start":{"line":185,"column":4},"end":{"line":187,"column":null}},{"start":{"line":185,"column":4},"end":{"line":187,"column":null}}],"line":185},"4":{"loc":{"start":{"line":189,"column":4},"end":{"line":191,"column":null}},"type":"if","locations":[{"start":{"line":189,"column":4},"end":{"line":191,"column":null}},{"start":{"line":189,"column":4},"end":{"line":191,"column":null}}],"line":189},"5":{"loc":{"start":{"line":197,"column":4},"end":{"line":199,"column":null}},"type":"if","locations":[{"start":{"line":197,"column":4},"end":{"line":199,"column":null}},{"start":{"line":197,"column":4},"end":{"line":199,"column":null}}],"line":197},"6":{"loc":{"start":{"line":205,"column":12},"end":{"line":205,"column":47}},"type":"binary-expr","locations":[{"start":{"line":205,"column":12},"end":{"line":205,"column":30}},{"start":{"line":205,"column":30},"end":{"line":205,"column":47}}],"line":205},"7":{"loc":{"start":{"line":211,"column":2},"end":{"line":213,"column":null}},"type":"if","locations":[{"start":{"line":211,"column":2},"end":{"line":213,"column":null}},{"start":{"line":211,"column":2},"end":{"line":213,"column":null}}],"line":211}},"s":{"0":0,"1":0,"2":0,"3":0,"4":0,"5":0,"6":0,"7":0,"8":0,"9":0,"10":0,"11":0,"12":0,"13":0,"14":0,"15":0,"16":0,"17":0,"18":0,"19":0,"20":0,"21":0,"22":0,"23":0,"24":0},"f":{"0":0,"1":0,"2":0,"3":0,"4":0,"5":0,"6":0,"7":0,"8":0,"9":0,"10":0,"11":0,"12":0},"b":{"0":[0],"1":[0],"2":[0,0],"3":[0,0],"4":[0,0],"5":[0,0],"6":[0,0],"7":[0,0]}}
,"C:\\Users\\DEVDUL\\Documents\\DEVELOPMENT\\conferences\\module-federation-demo\\packages\\analytics\\src\\components\\ui\\hover-card.tsx": {"path":"C:\\Users\\DEVDUL\\Documents\\DEVELOPMENT\\conferences\\module-federation-demo\\packages\\analytics\\src\\components\\ui\\hover-card.tsx","statementMap":{"0":{"start":{"line":1,"column":0},"end":{"line":1,"column":null}},"1":{"start":{"line":8,"column":2},"end":{"line":8,"column":null}},"2":{"start":{"line":12,"column":2},"end":{"line":13,"column":null}},"3":{"start":{"line":29,"column":2},"end":{"line":44,"column":null}}},"fnMap":{"0":{"name":"HoverCard","decl":{"start":{"line":7,"column":9},"end":{"line":7,"column":19}},"loc":{"start":{"line":7,"column":64},"end":{"line":9,"column":null}},"line":7},"1":{"name":"HoverCardTrigger","decl":{"start":{"line":11,"column":9},"end":{"line":11,"column":26}},"loc":{"start":{"line":11,"column":74},"end":{"line":15,"column":null}},"line":11},"2":{"name":"HoverCardContent","decl":{"start":{"line":17,"column":9},"end":{"line":17,"column":26}},"loc":{"start":{"line":28,"column":3},"end":{"line":49,"column":null}},"line":28}},"branchMap":{"0":{"loc":{"start":{"line":19,"column":2},"end":{"line":19,"column":17}},"type":"default-arg","locations":[{"start":{"line":19,"column":9},"end":{"line":19,"column":17}}],"line":19},"1":{"loc":{"start":{"line":20,"column":2},"end":{"line":20,"column":16}},"type":"default-arg","locations":[{"start":{"line":20,"column":15},"end":{"line":20,"column":16}}],"line":20},"2":{"loc":{"start":{"line":21,"column":2},"end":{"line":21,"column":18}},"type":"default-arg","locations":[{"start":{"line":21,"column":10},"end":{"line":21,"column":18}}],"line":21},"3":{"loc":{"start":{"line":22,"column":2},"end":{"line":22,"column":17}},"type":"default-arg","locations":[{"start":{"line":22,"column":16},"end":{"line":22,"column":17}}],"line":22}},"s":{"0":0,"1":0,"2":0,"3":0},"f":{"0":0,"1":0,"2":0},"b":{"0":[0],"1":[0],"2":[0],"3":[0]}}
,"C:\\Users\\DEVDUL\\Documents\\DEVELOPMENT\\conferences\\module-federation-demo\\packages\\analytics\\src\\components\\ui\\input-group.tsx": {"path":"C:\\Users\\DEVDUL\\Documents\\DEVELOPMENT\\conferences\\module-federation-demo\\packages\\analytics\\src\\components\\ui\\input-group.tsx","statementMap":{"0":{"start":{"line":10,"column":2},"end":{"line":18,"column":null}},"1":{"start":{"line":23,"column":32},"end":{"line":41,"column":null}},"2":{"start":{"line":49,"column":2},"end":{"line":61,"column":null}},"3":{"start":{"line":56,"column":8},"end":{"line":58,"column":null}},"4":{"start":{"line":57,"column":10},"end":{"line":57,"column":null}},"5":{"start":{"line":59,"column":8},"end":{"line":59,"column":null}},"6":{"start":{"line":66,"column":33},"end":{"line":80,"column":null}},"7":{"start":{"line":93,"column":2},"end":{"line":99,"column":null}},"8":{"start":{"line":105,"column":2},"end":{"line":111,"column":null}},"9":{"start":{"line":120,"column":2},"end":{"line":127,"column":null}},"10":{"start":{"line":136,"column":2},"end":{"line":143,"column":null}}},"fnMap":{"0":{"name":"InputGroup","decl":{"start":{"line":9,"column":9},"end":{"line":9,"column":20}},"loc":{"start":{"line":9,"column":72},"end":{"line":21,"column":null}},"line":9},"1":{"name":"InputGroupAddon","decl":{"start":{"line":44,"column":9},"end":{"line":44,"column":25}},"loc":{"start":{"line":48,"column":77},"end":{"line":64,"column":null}},"line":48},"2":{"name":"(anonymous_2)","decl":{"start":{"line":55,"column":15},"end":{"line":55,"column":16}},"loc":{"start":{"line":55,"column":16},"end":{"line":60,"column":null}},"line":55},"3":{"name":"InputGroupButton","decl":{"start":{"line":83,"column":9},"end":{"line":83,"column":26}},"loc":{"start":{"line":92,"column":3},"end":{"line":102,"column":null}},"line":92},"4":{"name":"InputGroupText","decl":{"start":{"line":104,"column":9},"end":{"line":104,"column":24}},"loc":{"start":{"line":104,"column":77},"end":{"line":114,"column":null}},"line":104},"5":{"name":"InputGroupInput","decl":{"start":{"line":116,"column":9},"end":{"line":116,"column":25}},"loc":{"start":{"line":119,"column":32},"end":{"line":130,"column":null}},"line":119},"6":{"name":"InputGroupTextarea","decl":{"start":{"line":132,"column":9},"end":{"line":132,"column":28}},"loc":{"start":{"line":135,"column":35},"end":{"line":146,"column":null}},"line":135}},"branchMap":{"0":{"loc":{"start":{"line":46,"column":2},"end":{"line":46,"column":24}},"type":"default-arg","locations":[{"start":{"line":46,"column":10},"end":{"line":46,"column":24}}],"line":46},"1":{"loc":{"start":{"line":56,"column":8},"end":{"line":58,"column":null}},"type":"if","locations":[{"start":{"line":56,"column":8},"end":{"line":58,"column":null}},{"start":{"line":56,"column":8},"end":{"line":58,"column":null}}],"line":56},"2":{"loc":{"start":{"line":85,"column":2},"end":{"line":85,"column":17}},"type":"default-arg","locations":[{"start":{"line":85,"column":9},"end":{"line":85,"column":17}}],"line":85},"3":{"loc":{"start":{"line":86,"column":2},"end":{"line":86,"column":19}},"type":"default-arg","locations":[{"start":{"line":86,"column":12},"end":{"line":86,"column":19}}],"line":86},"4":{"loc":{"start":{"line":87,"column":2},"end":{"line":87,"column":13}},"type":"default-arg","locations":[{"start":{"line":87,"column":9},"end":{"line":87,"column":13}}],"line":87}},"s":{"0":0,"1":0,"2":0,"3":0,"4":0,"5":0,"6":0,"7":0,"8":0,"9":0,"10":0},"f":{"0":0,"1":0,"2":0,"3":0,"4":0,"5":0,"6":0},"b":{"0":[0],"1":[0,0],"2":[0],"3":[0],"4":[0]}}
,"C:\\Users\\DEVDUL\\Documents\\DEVELOPMENT\\conferences\\module-federation-demo\\packages\\analytics\\src\\components\\ui\\input-otp.tsx": {"path":"C:\\Users\\DEVDUL\\Documents\\DEVELOPMENT\\conferences\\module-federation-demo\\packages\\analytics\\src\\components\\ui\\input-otp.tsx","statementMap":{"0":{"start":{"line":14,"column":2},"end":{"line":23,"column":null}},"1":{"start":{"line":29,"column":2},"end":{"line":36,"column":null}},"2":{"start":{"line":48,"column":26},"end":{"line":48,"column":null}},"3":{"start":{"line":49,"column":43},"end":{"line":49,"column":null}},"4":{"start":{"line":51,"column":2},"end":{"line":64,"column":null}},"5":{"start":{"line":72,"column":2},"end":{"line":79,"column":null}}},"fnMap":{"0":{"name":"InputOTP","decl":{"start":{"line":7,"column":9},"end":{"line":7,"column":18}},"loc":{"start":{"line":13,"column":1},"end":{"line":26,"column":null}},"line":13},"1":{"name":"InputOTPGroup","decl":{"start":{"line":28,"column":9},"end":{"line":28,"column":23}},"loc":{"start":{"line":28,"column":75},"end":{"line":39,"column":null}},"line":28},"2":{"name":"InputOTPSlot","decl":{"start":{"line":41,"column":9},"end":{"line":41,"column":22}},"loc":{"start":{"line":47,"column":1},"end":{"line":69,"column":null}},"line":47},"3":{"name":"InputOTPSeparator","decl":{"start":{"line":71,"column":9},"end":{"line":71,"column":27}},"loc":{"start":{"line":71,"column":68},"end":{"line":83,"column":null}},"line":71}},"branchMap":{"0":{"loc":{"start":{"line":49,"column":43},"end":{"line":49,"column":null}},"type":"binary-expr","locations":[{"start":{"line":49,"column":43},"end":{"line":49,"column":72}},{"start":{"line":49,"column":76},"end":{"line":49,"column":null}}],"line":49},"1":{"loc":{"start":{"line":62,"column":7},"end":{"line":64,"column":null}},"type":"binary-expr","locations":[{"start":{"line":62,"column":7},"end":{"line":62,"column":null}},{"start":{"line":63,"column":8},"end":{"line":64,"column":null}}],"line":62}},"s":{"0":0,"1":0,"2":0,"3":0,"4":0,"5":0},"f":{"0":0,"1":0,"2":0,"3":0},"b":{"0":[0,0],"1":[0,0]}}
,"C:\\Users\\DEVDUL\\Documents\\DEVELOPMENT\\conferences\\module-federation-demo\\packages\\analytics\\src\\components\\ui\\input.tsx": {"path":"C:\\Users\\DEVDUL\\Documents\\DEVELOPMENT\\conferences\\module-federation-demo\\packages\\analytics\\src\\components\\ui\\input.tsx","statementMap":{"0":{"start":{"line":7,"column":2},"end":{"line":15,"column":null}}},"fnMap":{"0":{"name":"Input","decl":{"start":{"line":6,"column":9},"end":{"line":6,"column":15}},"loc":{"start":{"line":6,"column":75},"end":{"line":18,"column":null}},"line":6}},"branchMap":{},"s":{"0":0},"f":{"0":0},"b":{}}
,"C:\\Users\\DEVDUL\\Documents\\DEVELOPMENT\\conferences\\module-federation-demo\\packages\\analytics\\src\\components\\ui\\item.tsx": {"path":"C:\\Users\\DEVDUL\\Documents\\DEVELOPMENT\\conferences\\module-federation-demo\\packages\\analytics\\src\\components\\ui\\item.tsx","statementMap":{"0":{"start":{"line":10,"column":2},"end":{"line":18,"column":null}},"1":{"start":{"line":27,"column":2},"end":{"line":32,"column":null}},"2":{"start":{"line":37,"column":21},"end":{"line":56,"column":null}},"3":{"start":{"line":66,"column":2},"end":{"line":80,"column":null}},"4":{"start":{"line":83,"column":26},"end":{"line":97,"column":null}},"5":{"start":{"line":105,"column":2},"end":{"line":110,"column":null}},"6":{"start":{"line":116,"column":2},"end":{"line":123,"column":null}},"7":{"start":{"line":129,"column":2},"end":{"line":136,"column":null}},"8":{"start":{"line":142,"column":2},"end":{"line":149,"column":null}},"9":{"start":{"line":155,"column":2},"end":{"line":159,"column":null}},"10":{"start":{"line":165,"column":2},"end":{"line":172,"column":null}},"11":{"start":{"line":178,"column":2},"end":{"line":185,"column":null}}},"fnMap":{"0":{"name":"ItemGroup","decl":{"start":{"line":9,"column":9},"end":{"line":9,"column":19}},"loc":{"start":{"line":9,"column":71},"end":{"line":21,"column":null}},"line":9},"1":{"name":"ItemSeparator","decl":{"start":{"line":23,"column":9},"end":{"line":23,"column":23}},"loc":{"start":{"line":26,"column":41},"end":{"line":35,"column":null}},"line":26},"2":{"name":"Item","decl":{"start":{"line":59,"column":9},"end":{"line":59,"column":14}},"loc":{"start":{"line":65,"column":70},"end":{"line":81,"column":null}},"line":65},"3":{"name":"ItemMedia","decl":{"start":{"line":100,"column":9},"end":{"line":100,"column":19}},"loc":{"start":{"line":104,"column":71},"end":{"line":113,"column":null}},"line":104},"4":{"name":"ItemContent","decl":{"start":{"line":115,"column":9},"end":{"line":115,"column":21}},"loc":{"start":{"line":115,"column":73},"end":{"line":126,"column":null}},"line":115},"5":{"name":"ItemTitle","decl":{"start":{"line":128,"column":9},"end":{"line":128,"column":19}},"loc":{"start":{"line":128,"column":71},"end":{"line":139,"column":null}},"line":128},"6":{"name":"ItemDescription","decl":{"start":{"line":141,"column":9},"end":{"line":141,"column":25}},"loc":{"start":{"line":141,"column":75},"end":{"line":152,"column":null}},"line":141},"7":{"name":"ItemActions","decl":{"start":{"line":154,"column":9},"end":{"line":154,"column":21}},"loc":{"start":{"line":154,"column":73},"end":{"line":162,"column":null}},"line":154},"8":{"name":"ItemHeader","decl":{"start":{"line":164,"column":9},"end":{"line":164,"column":20}},"loc":{"start":{"line":164,"column":72},"end":{"line":175,"column":null}},"line":164},"9":{"name":"ItemFooter","decl":{"start":{"line":177,"column":9},"end":{"line":177,"column":20}},"loc":{"start":{"line":177,"column":72},"end":{"line":188,"column":null}},"line":177}},"branchMap":{"0":{"loc":{"start":{"line":61,"column":2},"end":{"line":61,"column":21}},"type":"default-arg","locations":[{"start":{"line":61,"column":12},"end":{"line":61,"column":21}}],"line":61},"1":{"loc":{"start":{"line":62,"column":2},"end":{"line":62,"column":18}},"type":"default-arg","locations":[{"start":{"line":62,"column":9},"end":{"line":62,"column":18}}],"line":62},"2":{"loc":{"start":{"line":102,"column":2},"end":{"line":102,"column":21}},"type":"default-arg","locations":[{"start":{"line":102,"column":12},"end":{"line":102,"column":21}}],"line":102}},"s":{"0":0,"1":0,"2":0,"3":0,"4":0,"5":0,"6":0,"7":0,"8":0,"9":0,"10":0,"11":0},"f":{"0":0,"1":0,"2":0,"3":0,"4":0,"5":0,"6":0,"7":0,"8":0,"9":0},"b":{"0":[0],"1":[0],"2":[0]}}
,"C:\\Users\\DEVDUL\\Documents\\DEVELOPMENT\\conferences\\module-federation-demo\\packages\\analytics\\src\\components\\ui\\kbd.tsx": {"path":"C:\\Users\\DEVDUL\\Documents\\DEVELOPMENT\\conferences\\module-federation-demo\\packages\\analytics\\src\\components\\ui\\kbd.tsx","statementMap":{"0":{"start":{"line":4,"column":2},"end":{"line":11,"column":null}},"1":{"start":{"line":17,"column":2},"end":{"line":21,"column":null}}},"fnMap":{"0":{"name":"Kbd","decl":{"start":{"line":3,"column":9},"end":{"line":3,"column":13}},"loc":{"start":{"line":3,"column":65},"end":{"line":14,"column":null}},"line":3},"1":{"name":"KbdGroup","decl":{"start":{"line":16,"column":9},"end":{"line":16,"column":18}},"loc":{"start":{"line":16,"column":70},"end":{"line":24,"column":null}},"line":16}},"branchMap":{},"s":{"0":0,"1":0},"f":{"0":0,"1":0},"b":{}}
,"C:\\Users\\DEVDUL\\Documents\\DEVELOPMENT\\conferences\\module-federation-demo\\packages\\analytics\\src\\components\\ui\\label.tsx": {"path":"C:\\Users\\DEVDUL\\Documents\\DEVELOPMENT\\conferences\\module-federation-demo\\packages\\analytics\\src\\components\\ui\\label.tsx","statementMap":{"0":{"start":{"line":6,"column":2},"end":{"line":13,"column":null}}},"fnMap":{"0":{"name":"Label","decl":{"start":{"line":5,"column":9},"end":{"line":5,"column":15}},"loc":{"start":{"line":5,"column":69},"end":{"line":16,"column":null}},"line":5}},"branchMap":{},"s":{"0":0},"f":{"0":0},"b":{}}
,"C:\\Users\\DEVDUL\\Documents\\DEVELOPMENT\\conferences\\module-federation-demo\\packages\\analytics\\src\\components\\ui\\menubar.tsx": {"path":"C:\\Users\\DEVDUL\\Documents\\DEVELOPMENT\\conferences\\module-federation-demo\\packages\\analytics\\src\\components\\ui\\menubar.tsx","statementMap":{"0":{"start":{"line":24,"column":2},"end":{"line":31,"column":null}},"1":{"start":{"line":37,"column":2},"end":{"line":37,"column":null}},"2":{"start":{"line":43,"column":2},"end":{"line":43,"column":null}},"3":{"start":{"line":49,"column":2},"end":{"line":49,"column":null}},"4":{"start":{"line":56,"column":2},"end":{"line":63,"column":null}},"5":{"start":{"line":75,"column":2},"end":{"line":82,"column":null}},"6":{"start":{"line":93,"column":2},"end":{"line":102,"column":null}},"7":{"start":{"line":116,"column":2},"end":{"line":133,"column":null}},"8":{"start":{"line":141,"column":2},"end":{"line":141,"column":null}},"9":{"start":{"line":152,"column":2},"end":{"line":168,"column":null}},"10":{"start":{"line":180,"column":2},"end":{"line":185,"column":null}},"11":{"start":{"line":194,"column":2},"end":{"line":198,"column":null}},"12":{"start":{"line":207,"column":2},"end":{"line":214,"column":null}},"13":{"start":{"line":222,"column":2},"end":{"line":222,"column":null}},"14":{"start":{"line":232,"column":2},"end":{"line":240,"column":null}},"15":{"start":{"line":249,"column":2},"end":{"line":253,"column":null}}},"fnMap":{"0":{"name":"Menubar","decl":{"start":{"line":23,"column":9},"end":{"line":23,"column":17}},"loc":{"start":{"line":23,"column":64},"end":{"line":34,"column":null}},"line":23},"1":{"name":"MenubarMenu","decl":{"start":{"line":36,"column":9},"end":{"line":36,"column":21}},"loc":{"start":{"line":36,"column":76},"end":{"line":38,"column":null}},"line":36},"2":{"name":"MenubarGroup","decl":{"start":{"line":40,"column":9},"end":{"line":40,"column":22}},"loc":{"start":{"line":42,"column":49},"end":{"line":44,"column":null}},"line":42},"3":{"name":"MenubarPortal","decl":{"start":{"line":46,"column":9},"end":{"line":46,"column":23}},"loc":{"start":{"line":48,"column":50},"end":{"line":50,"column":null}},"line":48},"4":{"name":"MenubarTrigger","decl":{"start":{"line":52,"column":9},"end":{"line":52,"column":24}},"loc":{"start":{"line":55,"column":51},"end":{"line":66,"column":null}},"line":55},"5":{"name":"MenubarContent","decl":{"start":{"line":68,"column":9},"end":{"line":68,"column":24}},"loc":{"start":{"line":74,"column":51},"end":{"line":85,"column":null}},"line":74},"6":{"name":"MenubarItem","decl":{"start":{"line":87,"column":9},"end":{"line":87,"column":21}},"loc":{"start":{"line":92,"column":48},"end":{"line":105,"column":null}},"line":92},"7":{"name":"MenubarCheckboxItem","decl":{"start":{"line":107,"column":9},"end":{"line":107,"column":29}},"loc":{"start":{"line":115,"column":1},"end":{"line":136,"column":null}},"line":115},"8":{"name":"MenubarRadioGroup","decl":{"start":{"line":138,"column":9},"end":{"line":138,"column":27}},"loc":{"start":{"line":140,"column":54},"end":{"line":142,"column":null}},"line":140},"9":{"name":"MenubarRadioItem","decl":{"start":{"line":144,"column":9},"end":{"line":144,"column":26}},"loc":{"start":{"line":151,"column":1},"end":{"line":171,"column":null}},"line":151},"10":{"name":"MenubarLabel","decl":{"start":{"line":173,"column":9},"end":{"line":173,"column":22}},"loc":{"start":{"line":179,"column":1},"end":{"line":188,"column":null}},"line":179},"11":{"name":"MenubarSeparator","decl":{"start":{"line":190,"column":9},"end":{"line":190,"column":26}},"loc":{"start":{"line":193,"column":53},"end":{"line":201,"column":null}},"line":193},"12":{"name":"MenubarShortcut","decl":{"start":{"line":203,"column":9},"end":{"line":203,"column":25}},"loc":{"start":{"line":206,"column":52},"end":{"line":217,"column":null}},"line":206},"13":{"name":"MenubarSub","decl":{"start":{"line":219,"column":9},"end":{"line":219,"column":20}},"loc":{"start":{"line":221,"column":47},"end":{"line":223,"column":null}},"line":221},"14":{"name":"MenubarSubTrigger","decl":{"start":{"line":225,"column":9},"end":{"line":225,"column":27}},"loc":{"start":{"line":231,"column":1},"end":{"line":243,"column":null}},"line":231},"15":{"name":"MenubarSubContent","decl":{"start":{"line":245,"column":9},"end":{"line":245,"column":27}},"loc":{"start":{"line":248,"column":54},"end":{"line":256,"column":null}},"line":248}},"branchMap":{"0":{"loc":{"start":{"line":70,"column":2},"end":{"line":70,"column":17}},"type":"default-arg","locations":[{"start":{"line":70,"column":10},"end":{"line":70,"column":17}}],"line":70},"1":{"loc":{"start":{"line":71,"column":2},"end":{"line":71,"column":18}},"type":"default-arg","locations":[{"start":{"line":71,"column":16},"end":{"line":71,"column":18}}],"line":71},"2":{"loc":{"start":{"line":72,"column":2},"end":{"line":72,"column":16}},"type":"default-arg","locations":[{"start":{"line":72,"column":15},"end":{"line":72,"column":16}}],"line":72},"3":{"loc":{"start":{"line":90,"column":2},"end":{"line":90,"column":21}},"type":"default-arg","locations":[{"start":{"line":90,"column":12},"end":{"line":90,"column":21}}],"line":90}},"s":{"0":0,"1":0,"2":0,"3":0,"4":0,"5":0,"6":0,"7":0,"8":0,"9":0,"10":0,"11":0,"12":0,"13":0,"14":0,"15":0},"f":{"0":0,"1":0,"2":0,"3":0,"4":0,"5":0,"6":0,"7":0,"8":0,"9":0,"10":0,"11":0,"12":0,"13":0,"14":0,"15":0},"b":{"0":[0],"1":[0],"2":[0],"3":[0]}}
,"C:\\Users\\DEVDUL\\Documents\\DEVELOPMENT\\conferences\\module-federation-demo\\packages\\analytics\\src\\components\\ui\\navigation-menu.tsx": {"path":"C:\\Users\\DEVDUL\\Documents\\DEVELOPMENT\\conferences\\module-federation-demo\\packages\\analytics\\src\\components\\ui\\navigation-menu.tsx","statementMap":{"0":{"start":{"line":14,"column":2},"end":{"line":24,"column":null}},"1":{"start":{"line":33,"column":2},"end":{"line":40,"column":null}},"2":{"start":{"line":49,"column":2},"end":{"line":53,"column":null}},"3":{"start":{"line":58,"column":35},"end":{"line":59,"column":null}},"4":{"start":{"line":67,"column":2},"end":{"line":74,"column":null}},"5":{"start":{"line":83,"column":2},"end":{"line":90,"column":null}},"6":{"start":{"line":103,"column":2},"end":{"line":117,"column":null}},"7":{"start":{"line":128,"column":2},"end":{"line":135,"column":null}},"8":{"start":{"line":144,"column":2},"end":{"line":153,"column":null}}},"fnMap":{"0":{"name":"NavigationMenu","decl":{"start":{"line":7,"column":9},"end":{"line":7,"column":24}},"loc":{"start":{"line":13,"column":57},"end":{"line":27,"column":null}},"line":13},"1":{"name":"NavigationMenuList","decl":{"start":{"line":29,"column":9},"end":{"line":29,"column":28}},"loc":{"start":{"line":32,"column":67},"end":{"line":43,"column":null}},"line":32},"2":{"name":"NavigationMenuItem","decl":{"start":{"line":45,"column":9},"end":{"line":45,"column":28}},"loc":{"start":{"line":48,"column":67},"end":{"line":56,"column":null}},"line":48},"3":{"name":"NavigationMenuTrigger","decl":{"start":{"line":62,"column":9},"end":{"line":62,"column":31}},"loc":{"start":{"line":66,"column":40},"end":{"line":77,"column":null}},"line":66},"4":{"name":"NavigationMenuContent","decl":{"start":{"line":79,"column":9},"end":{"line":79,"column":31}},"loc":{"start":{"line":82,"column":40},"end":{"line":93,"column":null}},"line":82},"5":{"name":"NavigationMenuPositioner","decl":{"start":{"line":95,"column":9},"end":{"line":95,"column":34}},"loc":{"start":{"line":102,"column":43},"end":{"line":122,"column":null}},"line":102},"6":{"name":"NavigationMenuLink","decl":{"start":{"line":124,"column":9},"end":{"line":124,"column":28}},"loc":{"start":{"line":127,"column":37},"end":{"line":138,"column":null}},"line":127},"7":{"name":"NavigationMenuIndicator","decl":{"start":{"line":140,"column":9},"end":{"line":140,"column":33}},"loc":{"start":{"line":143,"column":67},"end":{"line":156,"column":null}},"line":143}},"branchMap":{"0":{"loc":{"start":{"line":8,"column":2},"end":{"line":8,"column":17}},"type":"default-arg","locations":[{"start":{"line":8,"column":10},"end":{"line":8,"column":17}}],"line":8},"1":{"loc":{"start":{"line":97,"column":2},"end":{"line":97,"column":17}},"type":"default-arg","locations":[{"start":{"line":97,"column":9},"end":{"line":97,"column":17}}],"line":97},"2":{"loc":{"start":{"line":98,"column":2},"end":{"line":98,"column":16}},"type":"default-arg","locations":[{"start":{"line":98,"column":15},"end":{"line":98,"column":16}}],"line":98},"3":{"loc":{"start":{"line":99,"column":2},"end":{"line":99,"column":17}},"type":"default-arg","locations":[{"start":{"line":99,"column":10},"end":{"line":99,"column":17}}],"line":99},"4":{"loc":{"start":{"line":100,"column":2},"end":{"line":100,"column":17}},"type":"default-arg","locations":[{"start":{"line":100,"column":16},"end":{"line":100,"column":17}}],"line":100}},"s":{"0":0,"1":0,"2":0,"3":0,"4":0,"5":0,"6":0,"7":0,"8":0},"f":{"0":0,"1":0,"2":0,"3":0,"4":0,"5":0,"6":0,"7":0},"b":{"0":[0],"1":[0],"2":[0],"3":[0],"4":[0]}}
[...]
,"C:\\Users\\DEVDUL\\Documents\\DEVELOPMENT\\conferences\\module-federation-demo\\packages\\shell\\src\\lib\\demo.ts": {"path":"C:\\Users\\DEVDUL\\Documents\\DEVELOPMENT\\conferences\\module-federation-demo\\packages\\shell\\src\\lib\\demo.ts","statementMap":{"0":{"start":{"line":10,"column":30},"end":{"line":11,"column":null}},"1":{"start":{"line":11,"column":4},"end":{"line":11,"column":null}},"2":{"start":{"line":11,"column":45},"end":{"line":11,"column":null}},"3":{"start":{"line":14,"column":17},"end":{"line":16,"column":null}},"4":{"start":{"line":15,"column":4},"end":{"line":15,"column":null}},"5":{"start":{"line":15,"column":25},"end":{"line":15,"column":null}},"6":{"start":{"line":18,"column":18},"end":{"line":22,"column":null}},"7":{"start":{"line":19,"column":4},"end":{"line":20,"column":null}},"8":{"start":{"line":20,"column":6},"end":{"line":20,"column":null}},"9":{"start":{"line":20,"column":55},"end":{"line":20,"column":null}},"10":{"start":{"line":24,"column":21},"end":{"line":28,"column":null}},"11":{"start":{"line":25,"column":4},"end":{"line":26,"column":null}},"12":{"start":{"line":26,"column":6},"end":{"line":26,"column":null}},"13":{"start":{"line":26,"column":55},"end":{"line":26,"column":null}},"14":{"start":{"line":30,"column":2},"end":{"line":30,"column":null}},"15":{"start":{"line":44,"column":57},"end":{"line":49,"column":null}},"16":{"start":{"line":51,"column":59},"end":{"line":56,"column":null}},"17":{"start":{"line":61,"column":32},"end":{"line":61,"column":null}},"18":{"start":{"line":63,"column":19},"end":{"line":66,"column":null}},"19":{"start":{"line":64,"column":21},"end":{"line":64,"column":null}},"20":{"start":{"line":65,"column":4},"end":{"line":65,"column":null}},"21":{"start":{"line":65,"column":33},"end":{"line":65,"column":45}},"22":{"start":{"line":68,"column":24},"end":{"line":70,"column":null}},"23":{"start":{"line":69,"column":4},"end":{"line":69,"column":null}},"24":{"start":{"line":69,"column":26},"end":{"line":69,"column":null}},"25":{"start":{"line":72,"column":2},"end":{"line":72,"column":null}}},"fnMap":{"0":{"name":"useKillSwitch","decl":{"start":{"line":9,"column":16},"end":{"line":9,"column":30}},"loc":{"start":{"line":9,"column":58},"end":{"line":31,"column":null}},"line":9},"1":{"name":"(anonymous_1)","decl":{"start":{"line":10,"column":54},"end":{"line":10,"column":null}},"loc":{"start":{"line":11,"column":4},"end":{"line":11,"column":null}},"line":11},"2":{"name":"(anonymous_2)","decl":{"start":{"line":11,"column":37},"end":{"line":11,"column":38}},"loc":{"start":{"line":11,"column":45},"end":{"line":11,"column":null}},"line":11},"3":{"name":"(anonymous_3)","decl":{"start":{"line":14,"column":29},"end":{"line":14,"column":30}},"loc":{"start":{"line":14,"column":30},"end":{"line":16,"column":5}},"line":14},"4":{"name":"(anonymous_4)","decl":{"start":{"line":15,"column":14},"end":{"line":15,"column":15}},"loc":{"start":{"line":15,"column":25},"end":{"line":15,"column":null}},"line":15},"5":{"name":"(anonymous_5)","decl":{"start":{"line":18,"column":30},"end":{"line":18,"column":null}},"loc":{"start":{"line":18,"column":30},"end":{"line":22,"column":5}},"line":18},"6":{"name":"(anonymous_6)","decl":{"start":{"line":19,"column":14},"end":{"line":19,"column":15}},"loc":{"start":{"line":20,"column":6},"end":{"line":20,"column":null}},"line":20},"7":{"name":"(anonymous_7)","decl":{"start":{"line":20,"column":47},"end":{"line":20,"column":48}},"loc":{"start":{"line":20,"column":55},"end":{"line":20,"column":null}},"line":20},"8":{"name":"(anonymous_8)","decl":{"start":{"line":24,"column":33},"end":{"line":24,"column":null}},"loc":{"start":{"line":24,"column":33},"end":{"line":28,"column":5}},"line":24},"9":{"name":"(anonymous_9)","decl":{"start":{"line":25,"column":14},"end":{"line":25,"column":15}},"loc":{"start":{"line":26,"column":6},"end":{"line":26,"column":null}},"line":26},"10":{"name":"(anonymous_10)","decl":{"start":{"line":26,"column":47},"end":{"line":26,"column":48}},"loc":{"start":{"line":26,"column":55},"end":{"line":26,"column":null}},"line":26},"11":{"name":"useVersionRegistry","decl":{"start":{"line":60,"column":16},"end":{"line":60,"column":35}},"loc":{"start":{"line":60,"column":63},"end":{"line":73,"column":null}},"line":60},"12":{"name":"(anonymous_12)","decl":{"start":{"line":63,"column":57},"end":{"line":63,"column":null}},"loc":{"start":{"line":63,"column":57},"end":{"line":66,"column":5}},"line":63},"13":{"name":"(anonymous_13)","decl":{"start":{"line":65,"column":25},"end":{"line":65,"column":26}},"loc":{"start":{"line":65,"column":33},"end":{"line":65,"column":45}},"line":65},"14":{"name":"(anonymous_14)","decl":{"start":{"line":68,"column":36},"end":{"line":68,"column":null}},"loc":{"start":{"line":68,"column":36},"end":{"line":70,"column":5}},"line":68},"15":{"name":"(anonymous_15)","decl":{"start":{"line":69,"column":15},"end":{"line":69,"column":16}},"loc":{"start":{"line":69,"column":26},"end":{"line":69,"column":null}},"line":69}},"branchMap":{"0":{"loc":{"start":{"line":64,"column":21},"end":{"line":64,"column":null}},"type":"cond-expr","locations":[{"start":{"line":64,"column":44},"end":{"line":64,"column":60}},{"start":{"line":64,"column":60},"end":{"line":64,"column":null}}],"line":64},"1":{"loc":{"start":{"line":69,"column":26},"end":{"line":69,"column":null}},"type":"cond-expr","locations":[{"start":{"line":69,"column":46},"end":{"line":69,"column":57}},{"start":{"line":69,"column":57},"end":{"line":69,"column":null}}],"line":69}},"s":{"0":53,"1":26,"2":104,"3":53,"4":3,"5":3,"6":53,"7":3,"8":3,"9":12,"10":53,"11":1,"12":1,"13":4,"14":53,"15":2,"16":2,"17":51,"18":51,"19":31,"20":31,"21":124,"22":51,"23":4,"24":4,"25":51},"f":{"0":53,"1":26,"2":104,"3":3,"4":3,"5":3,"6":3,"7":12,"8":1,"9":1,"10":4,"11":51,"12":31,"13":124,"14":4,"15":4},"b":{"0":[28,3],"1":[3,1]}}
,"C:\\Users\\DEVDUL\\Documents\\DEVELOPMENT\\conferences\\module-federation-demo\\packages\\shell\\src\\lib\\health.ts": {"path":"C:\\Users\\DEVDUL\\Documents\\DEVELOPMENT\\conferences\\module-federation-demo\\packages\\shell\\src\\lib\\health.ts","statementMap":{"0":{"start":{"line":13,"column":30},"end":{"line":13,"column":null}},"1":{"start":{"line":16,"column":2},"end":{"line":16,"column":null}},"2":{"start":{"line":20,"column":16},"end":{"line":20,"column":null}},"3":{"start":{"line":21,"column":2},"end":{"line":32,"column":null}},"4":{"start":{"line":22,"column":21},"end":{"line":26,"column":null}},"5":{"start":{"line":27,"column":22},"end":{"line":27,"column":null}},"6":{"start":{"line":29,"column":4},"end":{"line":29,"column":null}},"7":{"start":{"line":31,"column":4},"end":{"line":31,"column":null}},"8":{"start":{"line":39,"column":30},"end":{"line":46,"column":null}},"9":{"start":{"line":40,"column":4},"end":{"line":46,"column":null}},"10":{"start":{"line":40,"column":24},"end":{"line":46,"column":null}},"11":{"start":{"line":49,"column":21},"end":{"line":49,"column":null}},"12":{"start":{"line":50,"column":2},"end":{"line":50,"column":null}},"13":{"start":{"line":52,"column":2},"end":{"line":83,"column":null}},"14":{"start":{"line":53,"column":4},"end":{"line":53,"column":null}},"15":{"start":{"line":53,"column":18},"end":{"line":53,"column":null}},"16":{"start":{"line":55,"column":20},"end":{"line":55,"column":null}},"17":{"start":{"line":57,"column":22},"end":{"line":74,"column":null}},"18":{"start":{"line":58,"column":22},"end":{"line":68,"column":null}},"19":{"start":{"line":60,"column":25},"end":{"line":60,"column":null}},"20":{"start":{"line":61,"column":10},"end":{"line":67,"column":null}},"21":{"start":{"line":71,"column":6},"end":{"line":73,"column":null}},"22":{"start":{"line":72,"column":8},"end":{"line":72,"column":null}},"23":{"start":{"line":76,"column":4},"end":{"line":76,"column":null}},"24":{"start":{"line":77,"column":21},"end":{"line":77,"column":null}},"25":{"start":{"line":79,"column":4},"end":{"line":82,"column":null}},"26":{"start":{"line":80,"column":6},"end":{"line":80,"column":null}},"27":{"start":{"line":81,"column":6},"end":{"line":81,"column":null}},"28":{"start":{"line":85,"column":2},"end":{"line":85,"column":null}}},"fnMap":{"0":{"name":"buildHealthUrl","decl":{"start":{"line":15,"column":9},"end":{"line":15,"column":24}},"loc":{"start":{"line":15,"column":36},"end":{"line":17,"column":null}},"line":15},"1":{"name":"checkRemote","decl":{"start":{"line":19,"column":15},"end":{"line":19,"column":27}},"loc":{"start":{"line":19,"column":39},"end":{"line":33,"column":null}},"line":19},"2":{"name":"useRemoteHealth","decl":{"start":{"line":35,"column":16},"end":{"line":35,"column":null}},"loc":{"start":{"line":37,"column":25},"end":{"line":86,"column":null}},"line":37},"3":{"name":"(anonymous_3)","decl":{"start":{"line":39,"column":64},"end":{"line":39,"column":null}},"loc":{"start":{"line":40,"column":4},"end":{"line":46,"column":null}},"line":40},"4":{"name":"(anonymous_4)","decl":{"start":{"line":40,"column":16},"end":{"line":40,"column":17}},"loc":{"start":{"line":40,"column":24},"end":{"line":46,"column":null}},"line":40},"5":{"name":"(anonymous_5)","decl":{"start":{"line":52,"column":12},"end":{"line":52,"column":null}},"loc":{"start":{"line":52,"column":12},"end":{"line":83,"column":5}},"line":52},"6":{"name":"(anonymous_6)","decl":{"start":{"line":57,"column":22},"end":{"line":57,"column":null}},"loc":{"start":{"line":57,"column":22},"end":{"line":74,"column":null}},"line":57},"7":{"name":"(anonymous_7)","decl":{"start":{"line":59,"column":20},"end":{"line":59,"column":27}},"loc":{"start":{"line":59,"column":27},"end":{"line":68,"column":null}},"line":59},"8":{"name":"(anonymous_8)","decl":{"start":{"line":79,"column":11},"end":{"line":79,"column":null}},"loc":{"start":{"line":79,"column":11},"end":{"line":82,"column":null}},"line":79}},"branchMap":{"0":{"loc":{"start":{"line":29,"column":17},"end":{"line":29,"column":60}},"type":"binary-expr","locations":[{"start":{"line":29,"column":17},"end":{"line":29,"column":28}},{"start":{"line":29,"column":32},"end":{"line":29,"column":60}}],"line":29},"1":{"loc":{"start":{"line":37,"column":2},"end":{"line":37,"column":25}},"type":"default-arg","locations":[{"start":{"line":37,"column":21},"end":{"line":37,"column":25}}],"line":37},"2":{"loc":{"start":{"line":53,"column":4},"end":{"line":53,"column":null}},"type":"if","locations":[{"start":{"line":53,"column":4},"end":{"line":53,"column":null}},{"start":{"line":53,"column":4},"end":{"line":53,"column":null}}],"line":53},"3":{"loc":{"start":{"line":64,"column":20},"end":{"line":64,"column":null}},"type":"cond-expr","locations":[{"start":{"line":64,"column":33},"end":{"line":64,"column":55}},{"start":{"line":64,"column":55},"end":{"line":64,"column":null}}],"line":64},"4":{"loc":{"start":{"line":71,"column":6},"end":{"line":73,"column":null}},"type":"if","locations":[{"start":{"line":71,"column":6},"end":{"line":73,"column":null}},{"start":{"line":71,"column":6},"end":{"line":73,"column":null}}],"line":71},"5":{"loc":{"start":{"line":71,"column":10},"end":{"line":71,"column":42}},"type":"binary-expr","locations":[{"start":{"line":71,"column":10},"end":{"line":71,"column":24}},{"start":{"line":71,"column":24},"end":{"line":71,"column":42}}],"line":71}},"s":{"0":2,"1":24,"2":24,"3":24,"4":24,"5":16,"6":16,"7":2,"8":62,"9":33,"10":107,"11":62,"12":62,"13":62,"14":34,"15":22,"16":12,"17":12,"18":13,"19":24,"20":18,"21":10,"22":10,"23":12,"24":12,"25":12,"26":12,"27":12,"28":62},"f":{"0":24,"1":24,"2":62,"3":33,"4":107,"5":34,"6":13,"7":24,"8":12},"b":{"0":[16,2],"1":[62],"2":[22,12],"3":[16,2],"4":[10,0],"5":[10,10]}}
,"C:\\Users\\DEVDUL\\Documents\\DEVELOPMENT\\conferences\\module-federation-demo\\packages\\shell\\src\\lib\\theme.ts": {"path":"C:\\Users\\DEVDUL\\Documents\\DEVELOPMENT\\conferences\\module-federation-demo\\packages\\shell\\src\\lib\\theme.ts","statementMap":{"0":{"start":{"line":12,"column":33},"end":{"line":12,"column":49}},"1":{"start":{"line":13,"column":40},"end":{"line":13,"column":47}},"2":{"start":{"line":23,"column":79},"end":{"line":72,"column":11}},"3":{"start":{"line":75,"column":2},"end":{"line":75,"column":null}},"4":{"start":{"line":79,"column":2},"end":{"line":79,"column":null}},"5":{"start":{"line":83,"column":2},"end":{"line":85,"column":null}},"6":{"start":{"line":84,"column":4},"end":{"line":84,"column":null}},"7":{"start":{"line":87,"column":2},"end":{"line":92,"column":null}},"8":{"start":{"line":88,"column":24},"end":{"line":88,"column":null}},"9":{"start":{"line":89,"column":4},"end":{"line":89,"column":null}},"10":{"start":{"line":91,"column":4},"end":{"line":91,"column":null}},"11":{"start":{"line":96,"column":2},"end":{"line":96,"column":null}},"12":{"start":{"line":106,"column":2},"end":{"line":108,"column":null}},"13":{"start":{"line":107,"column":4},"end":{"line":107,"column":null}},"14":{"start":{"line":110,"column":47},"end":{"line":110,"column":null}},"15":{"start":{"line":111,"column":21},"end":{"line":111,"column":45}},"16":{"start":{"line":112,"column":15},"end":{"line":112,"column":39}},"17":{"start":{"line":114,"column":2},"end":{"line":114,"column":null}},"18":{"start":{"line":115,"column":2},"end":{"line":115,"column":null}},"19":{"start":{"line":116,"column":2},"end":{"line":116,"column":null}},"20":{"start":{"line":118,"column":2},"end":{"line":120,"column":null}},"21":{"start":{"line":119,"column":4},"end":{"line":119,"column":null}},"22":{"start":{"line":122,"column":2},"end":{"line":125,"column":null}},"23":{"start":{"line":123,"column":20},"end":{"line":123,"column":null}},"24":{"start":{"line":124,"column":29},"end":{"line":124,"column":null}},"25":{"start":{"line":127,"column":2},"end":{"line":133,"column":null}},"26":{"start":{"line":128,"column":4},"end":{"line":132,"column":null}},"27":{"start":{"line":129,"column":6},"end":{"line":129,"column":null}},"28":{"start":{"line":135,"column":2},"end":{"line":144,"column":null}},"29":{"start":{"line":136,"column":4},"end":{"line":142,"column":null}},"30":{"start":{"line":148,"column":16},"end":{"line":148,"column":null}},"31":{"start":{"line":149,"column":2},"end":{"line":149,"column":null}},"32":{"start":{"line":150,"column":2},"end":{"line":150,"column":null}}},"fnMap":{"0":{"name":"canUseDom","decl":{"start":{"line":74,"column":9},"end":{"line":74,"column":null}},"loc":{"start":{"line":74,"column":9},"end":{"line":76,"column":null}},"line":74},"1":{"name":"isThemeName","decl":{"start":{"line":78,"column":16},"end":{"line":78,"column":28}},"loc":{"start":{"line":78,"column":42},"end":{"line":80,"column":null}},"line":78},"2":{"name":"getStoredTheme","decl":{"start":{"line":82,"column":16},"end":{"line":82,"column":null}},"loc":{"start":{"line":82,"column":16},"end":{"line":93,"column":null}},"line":82},"3":{"name":"getInitialTheme","decl":{"start":{"line":95,"column":16},"end":{"line":95,"column":null}},"loc":{"start":{"line":95,"column":16},"end":{"line":97,"column":null}},"line":95},"4":{"name":"applyTheme","decl":{"start":{"line":99,"column":16},"end":{"line":99,"column":null}},"loc":{"start":{"line":104,"column":8},"end":{"line":145,"column":null}},"line":104},"5":{"name":"(anonymous_5)","decl":{"start":{"line":123,"column":14},"end":{"line":123,"column":20}},"loc":{"start":{"line":123,"column":20},"end":{"line":123,"column":null}},"line":123},"6":{"name":"(anonymous_6)","decl":{"start":{"line":124,"column":14},"end":{"line":124,"column":15}},"loc":{"start":{"line":124,"column":29},"end":{"line":124,"column":null}},"line":124},"7":{"name":"initializeTheme","decl":{"start":{"line":147,"column":16},"end":{"line":147,"column":null}},"loc":{"start":{"line":147,"column":16},"end":{"line":151,"column":null}},"line":147}},"branchMap":{"0":{"loc":{"start":{"line":75,"column":9},"end":{"line":75,"column":null}},"type":"binary-expr","locations":[{"start":{"line":75,"column":9},"end":{"line":75,"column":42}},{"start":{"line":75,"column":42},"end":{"line":75,"column":null}}],"line":75},"1":{"loc":{"start":{"line":79,"column":9},"end":{"line":79,"column":null}},"type":"binary-expr","locations":[{"start":{"line":79,"column":9},"end":{"line":79,"column":29}},{"start":{"line":79,"column":29},"end":{"line":79,"column":null}}],"line":79},"2":{"loc":{"start":{"line":83,"column":2},"end":{"line":85,"column":null}},"type":"if","locations":[{"start":{"line":83,"column":2},"end":{"line":85,"column":null}},{"start":{"line":83,"column":2},"end":{"line":85,"column":null}}],"line":83},"3":{"loc":{"start":{"line":89,"column":11},"end":{"line":89,"column":null}},"type":"cond-expr","locations":[{"start":{"line":89,"column":38},"end":{"line":89,"column":52}},{"start":{"line":89,"column":52},"end":{"line":89,"column":null}}],"line":89},"4":{"loc":{"start":{"line":96,"column":9},"end":{"line":96,"column":null}},"type":"binary-expr","locations":[{"start":{"line":96,"column":9},"end":{"line":96,"column":29}},{"start":{"line":96,"column":29},"end":{"line":96,"column":null}}],"line":96},"5":{"loc":{"start":{"line":101,"column":2},"end":{"line":104,"column":8}},"type":"default-arg","locations":[{"start":{"line":104,"column":6},"end":{"line":104,"column":8}}],"line":101},"6":{"loc":{"start":{"line":106,"column":2},"end":{"line":108,"column":null}},"type":"if","locations":[{"start":{"line":106,"column":2},"end":{"line":108,"column":null}},{"start":{"line":106,"column":2},"end":{"line":108,"column":null}}],"line":106},"7":{"loc":{"start":{"line":110,"column":10},"end":{"line":110,"column":24}},"type":"default-arg","locations":[{"start":{"line":110,"column":20},"end":{"line":110,"column":24}}],"line":110},"8":{"loc":{"start":{"line":110,"column":26},"end":{"line":110,"column":42}},"type":"default-arg","locations":[{"start":{"line":110,"column":38},"end":{"line":110,"column":42}}],"line":110},"9":{"loc":{"start":{"line":127,"column":2},"end":{"line":133,"column":null}},"type":"if","locations":[{"start":{"line":127,"column":2},"end":{"line":133,"column":null}},{"start":{"line":127,"column":2},"end":{"line":133,"column":null}}],"line":127},"10":{"loc":{"start":{"line":135,"column":2},"end":{"line":144,"column":null}},"type":"if","locations":[{"start":{"line":135,"column":2},"end":{"line":144,"column":null}},{"start":{"line":135,"column":2},"end":{"line":144,"column":null}}],"line":135}},"s":{"0":2,"1":2,"2":2,"3":64,"4":37,"5":29,"6":0,"7":29,"8":29,"9":29,"10":0,"11":26,"12":35,"13":0,"14":35,"15":35,"16":35,"17":35,"18":35,"19":35,"20":35,"21":595,"22":35,"23":3,"24":0,"25":35,"26":31,"27":31,"28":35,"29":31,"30":3,"31":3,"32":3},"f":{"0":64,"1":37,"2":29,"3":26,"4":35,"5":3,"6":0,"7":3},"b":{"0":[64,64],"1":[37,35],"2":[0,29],"3":[3,26],"4":[26,24],"5":[35],"6":[0,35],"7":[35],"8":[35],"9":[31,4],"10":[31,4]}}
,"C:\\Users\\DEVDUL\\Documents\\DEVELOPMENT\\conferences\\module-federation-demo\\packages\\shell\\src\\lib\\utils.ts": {"path":"C:\\Users\\DEVDUL\\Documents\\DEVELOPMENT\\conferences\\module-federation-demo\\packages\\shell\\src\\lib\\utils.ts","statementMap":{"0":{"start":{"line":6,"column":2},"end":{"line":6,"column":null}}},"fnMap":{"0":{"name":"cn","decl":{"start":{"line":5,"column":16},"end":{"line":5,"column":19}},"loc":{"start":{"line":5,"column":42},"end":{"line":7,"column":null}},"line":5}},"branchMap":{},"s":{"0":588},"f":{"0":588},"b":{}}
}
